Starting preprocessing of the model file ...
Found 8 equation(s).
Evaluating expressions...done
Computing static model derivatives (order 1).
Computing dynamic model derivatives (order 2).
Processing outputs ...
done
Preprocessing completed.

STEADY-STATE RESULTS:

y   		 2.6827
c   		 2.01202
iv  		 0.670674
rk  		 0.03
k   		 26.827
lam 		 0.497012
q   		 1
a   		 1




Residuals of the static equations:

Equation number 1 : 0 : foc household wrt c (marginal utility of consumption)
Equation number 2 : 0 : foc household wrt iv (Tobins Q)
Equation number 3 : 0 : foc household wrt k (Euler equation capital)
Equation number 4 : 0 : capital accumulation
Equation number 5 : 0 : production function
Equation number 6 : 0 : firm capital demand
Equation number 7 : 0 : market clearing (resource constraint)
Equation number 8 : 0 : Evolution of technology



EIGENVALUES:
         Modulus             Real        Imaginary

          0.3543           0.3543                0
             0.5              0.5                0
          0.9787           0.9787                0
           1.027            1.027                0
           2.836            2.836                0
       5.659e+15        5.659e+15                0
       3.653e+18       -3.653e+18                0
       5.989e+20       -5.989e+20                0


There are 5 eigenvalue(s) larger than 1 in modulus 
for 5 forward-looking variable(s)

The rank condition is verified.

MODEL_DIAGNOSTICS:  No obvious problems with this mod-file were detected.
 

You did not declare endogenous variables after the estimation/calib_smoother command.
Initial value of the log posterior (or likelihood): -496.207
-----------------
f at the beginning of new iteration,       496.2070033186
Predicted improvement:        2.575092360
lambda =          1; f =          524.3706903
lambda =    0.33333; f =          499.1417630
lambda =    0.11111; f =          496.2022464
lambda =   0.037037; f =          496.0814432
Norm of dx   0.022694
----
Improvement on iteration 1 =        0.125560123
-----------------
f at the beginning of new iteration,       496.0814431958
Predicted improvement:        0.209491440
lambda =          1; f =          495.6866078
lambda =     1.9332; f =          495.3621885
lambda =     3.7372; f =          494.8578433
lambda =     7.2247; f =          494.3580770
Norm of dx   0.006593
----
Improvement on iteration 2 =        1.723366222
-----------------
f at the beginning of new iteration,       494.3580769738
Predicted improvement:        0.767609376
lambda =          1; f =          493.1575430
lambda =     1.9332; f =          492.6239360
Norm of dx   0.032486
----
Improvement on iteration 3 =        1.734140977
-----------------
f at the beginning of new iteration,       492.6239359964
Predicted improvement:        0.219211153
lambda =          1; f =          492.4073049
Norm of dx  0.0071015
----
Improvement on iteration 4 =        0.216631117
-----------------
f at the beginning of new iteration,       492.4073048789
Predicted improvement:        0.009893911
lambda =          1; f =          492.3902199
lambda =     1.9332; f =          492.3792109
lambda =     3.7372; f =          492.3716618
Norm of dx  0.0033257
----
Improvement on iteration 5 =        0.035643055
-----------------
f at the beginning of new iteration,       492.3716618238
Predicted improvement:        0.023788875
lambda =          1; f =          492.3261859
lambda =     1.9332; f =          492.2876193
lambda =     3.7372; f =          492.2241435
lambda =     7.2247; f =          492.1461168
Norm of dx  0.0038921
----
Improvement on iteration 6 =        0.225545052
-----------------
f at the beginning of new iteration,       492.1461167714
Predicted improvement:        0.028277788
lambda =          1; f =          492.1236129
Norm of dx   0.013931
----
Improvement on iteration 7 =        0.022503859
-----------------
f at the beginning of new iteration,       492.1236129119
Predicted improvement:        0.001439380
lambda =          1; f =          492.1221913
Norm of dx  0.0029307
----
Improvement on iteration 8 =        0.001421642
-----------------
f at the beginning of new iteration,       492.1221912704
Predicted improvement:        0.000081342
lambda =          1; f =          492.1220270
lambda =     1.9332; f =          492.1218774
lambda =     3.7372; f =          492.1215973
lambda =     7.2247; f =          492.1210900
lambda =     13.967; f =          492.1202376
lambda =         27; f =          492.1190782
lambda =     52.196; f =          492.1187187
Norm of dx 0.00014218
----
Improvement on iteration 9 =        0.003472599
-----------------
f at the beginning of new iteration,       492.1187186718
Predicted improvement:        0.001100473
lambda =          1; f =          492.1173177
Norm of dx  0.0012523
----
Improvement on iteration 10 =        0.001400936
-----------------
f at the beginning of new iteration,       492.1173177358
Predicted improvement:        0.000338485
lambda =          1; f =          492.1167580
lambda =     1.9332; f =          492.1164674
Norm of dx  0.0010305
----
Improvement on iteration 11 =        0.000850385
-----------------
f at the beginning of new iteration,       492.1164673503
Predicted improvement:        0.000576523
lambda =          1; f =          492.1153673
lambda =     1.9332; f =          492.1144562
lambda =     3.7372; f =          492.1130030
lambda =     7.2247; f =          492.1113040
Norm of dx  0.0017447
----
Improvement on iteration 12 =        0.005163381
-----------------
f at the beginning of new iteration,       492.1113039695
Predicted improvement:        0.004552455
lambda =          1; f =          492.1025972
lambda =     1.9332; f =          492.0952269
lambda =     3.7372; f =          492.0830171
lambda =     7.2247; f =          492.0668758
Norm of dx   0.012198
----
Improvement on iteration 13 =        0.044428146
-----------------
f at the beginning of new iteration,       492.0668758235
Predicted improvement:        0.031707771
lambda =          1; f =          492.0168762
lambda =     1.9332; f =          491.9952228
Norm of dx   0.086161
----
Improvement on iteration 14 =        0.071653064
-----------------
f at the beginning of new iteration,       491.9952227591
Predicted improvement:        0.021410424
lambda =          1; f =          491.9682170
Norm of dx   0.024795
----
Improvement on iteration 15 =        0.027005727
-----------------
f at the beginning of new iteration,       491.9682170323
Predicted improvement:        0.001771669
lambda =          1; f =          491.9669177
Norm of dx  0.0073213
----
Improvement on iteration 16 =        0.001299332
-----------------
f at the beginning of new iteration,       491.9669176999
Predicted improvement:        0.000248119
lambda =          1; f =          491.9665135
lambda =     1.9332; f =          491.9663349
Norm of dx 0.00081812
----
Improvement on iteration 17 =        0.000582800
-----------------
f at the beginning of new iteration,       491.9663348998
Predicted improvement:        0.000350908
lambda =          1; f =          491.9656394
lambda =     1.9332; f =          491.9650114
lambda =     3.7372; f =          491.9638563
lambda =     7.2247; f =          491.9618356
lambda =     13.967; f =          491.9586955
lambda =         27; f =          491.9552855
Norm of dx 0.00075487
----
Improvement on iteration 18 =        0.011049366
-----------------
f at the beginning of new iteration,       491.9552855338
Predicted improvement:        0.009364319
lambda =          1; f =          491.9373405
lambda =     1.9332; f =          491.9220738
lambda =     3.7372; f =          491.8966635
lambda =     7.2247; f =          491.8633230
Norm of dx   0.024468
----
Improvement on iteration 19 =        0.091962557
-----------------
f at the beginning of new iteration,       491.8633229764
Predicted improvement:        0.044562978
lambda =          1; f =          491.8012065
Norm of dx    0.13321
----
Improvement on iteration 20 =        0.062116491
-----------------
f at the beginning of new iteration,       491.8012064856
Predicted improvement:        0.026588879
lambda =          1; f =          491.7767054
Norm of dx   0.051513
----
Improvement on iteration 21 =        0.024501094
-----------------
f at the beginning of new iteration,       491.7767053915
Predicted improvement:        0.000716805
lambda =          1; f =          491.7760389
Norm of dx  0.0083839
----
Improvement on iteration 22 =        0.000666486
-----------------
f at the beginning of new iteration,       491.7760389051
Predicted improvement:        0.000033675
lambda =          1; f =          491.7760116
Norm of dx  0.0010689
----
Improvement on iteration 23 =        0.000027278
-----------------
f at the beginning of new iteration,       491.7760116267
Predicted improvement:        0.000005608
lambda =          1; f =          491.7760033
lambda =     1.9332; f =          491.7759973
Norm of dx 7.7721e-05
----
Improvement on iteration 24 =        0.000014376
-----------------
f at the beginning of new iteration,       491.7759972507
Predicted improvement:        0.000056060
lambda =          1; f =          491.7759177
lambda =     1.9332; f =          491.7758827
Norm of dx 0.00059158
----
Improvement on iteration 25 =        0.000114552
-----------------
f at the beginning of new iteration,       491.7758826982
Predicted improvement:        0.000100047
lambda =          1; f =          491.7756999
lambda =     1.9332; f =          491.7755462
lambda =     3.7372; f =          491.7752963
lambda =     7.2247; f =          491.7749943
Norm of dx 0.00092742
----
Improvement on iteration 26 =        0.000888350
-----------------
f at the beginning of new iteration,       491.7749943479
Predicted improvement:        0.001063161
lambda =          1; f =          491.7729987
lambda =     1.9332; f =          491.7713298
lambda =     3.7372; f =          491.7686510
lambda =     7.2247; f =          491.7656539
Norm of dx  0.0097297
----
Improvement on iteration 27 =        0.009340431
-----------------
f at the beginning of new iteration,       491.7656539172
Predicted improvement:        0.009901945
lambda =          1; f =          491.7473122
lambda =     1.9332; f =          491.7329196
lambda =     3.7372; f =          491.7139643
Norm of dx   0.085952
----
Improvement on iteration 28 =        0.051689577
-----------------
f at the beginning of new iteration,       491.7139643399
Predicted improvement:        0.022745004
lambda =          1; f =          491.6943810
Norm of dx    0.23128
----
Improvement on iteration 29 =        0.019583340
-----------------
f at the beginning of new iteration,       491.6943810002
Predicted improvement:        0.013953605
lambda =          1; f =          491.6794255
Norm of dx   0.059657
----
Improvement on iteration 30 =        0.014955492
-----------------
f at the beginning of new iteration,       491.6794255083
Predicted improvement:        0.003819618
lambda =          1; f =          491.6738376
lambda =     1.9332; f =          491.6720688
Norm of dx   0.060846
----
Improvement on iteration 31 =        0.007356680
-----------------
f at the beginning of new iteration,       491.6720688282
Predicted improvement:        0.000848150
lambda =          1; f =          491.6711510
Norm of dx    0.04382
----
Improvement on iteration 32 =        0.000917823
-----------------
f at the beginning of new iteration,       491.6711510053
Predicted improvement:        0.000176917
lambda =          1; f =          491.6709858
Norm of dx  0.0079717
----
Improvement on iteration 33 =        0.000165247
-----------------
f at the beginning of new iteration,       491.6709857586
Predicted improvement:        0.000013216
lambda =          1; f =          491.6709684
Norm of dx  0.0061186
----
Improvement on iteration 34 =        0.000017388
-----------------
f at the beginning of new iteration,       491.6709683704
Predicted improvement:        0.000000747
lambda =          1; f =          491.6709660
lambda =     1.9332; f =          491.6709651
lambda =     3.7372; f =          491.6709672
lambda =     2.5164; f =          491.6709653
lambda =     3.1904; f =          491.6709661
Norm of dx 0.00093578
----
Improvement on iteration 35 =        0.000003245
-----------------
f at the beginning of new iteration,       491.6709651251
Predicted improvement:        0.000000689
lambda =          1; f =          491.6709661
lambda =    0.33333; f =          491.6709653
lambda =    0.11111; f =          491.6709652
lambda =   0.037037; f =          491.6709651
lambda =   0.012346; f =          491.6709651
lambda =  0.0041152; f =          491.6709651
lambda =  0.0013717; f =          491.6709651
lambda = 0.00045725; f =          491.6709651
lambda = 0.00015242; f =          491.6709651
lambda = 5.0805e-05; f =          491.6709651
lambda = 1.6935e-05; f =          491.6709651
lambda =  5.645e-06; f =          491.6709651
lambda = 1.8817e-06; f =          491.6709651
lambda = 6.2723e-07; f =          491.6709651
lambda = 2.0908e-07; f =          491.6709651
Norm of dx 0.00086262
----
Improvement on iteration 36 =        0.000000000
improvement < crit termination

Final value of minus the log posterior (or likelihood):491.670965 

MODE CHECK

Fval obtained by the minimization routine (minus the posterior/likelihood)): 491.670965
[Warning: MATLAB has disabled some advanced graphics rendering features by
switching to software OpenGL. For more information, click <a
href="matlab:opengl('problems')">here</a>.] 

RESULTS FROM POSTERIOR ESTIMATION
parameters
    prior mean     mode    s.d. prior pstdev

ALPHA   0.300   0.3213  0.0417 norm 0.0500 
RA      2.000   1.9738  0.2485 gamm 0.2500 
DELTA   0.500   0.0250  0.0133 unif 0.2887 
RHOA    0.500   0.5925  0.0645 beta 0.1000 
SIGA    0.600   0.5462  0.1117 invg 4.0000 
THETA   1.500   1.1007  0.7461 gamm 0.7500 
KAPPA   2.000   0.9635  1.6179 gamm 1.5000 


Log data density [Laplace approximation] is -501.877838.


You did not declare endogenous variables after the estimation/calib_smoother command.

Initial value of the log posterior (or likelihood): -491.671

MODE CHECK

Fval obtained by the minimization routine (minus the posterior/likelihood)): 491.670965

RESULTS FROM POSTERIOR ESTIMATION
parameters
    prior mean     mode    s.d. prior pstdev

ALPHA   0.300   0.3213  0.0417 norm 0.0500 
RA      2.000   1.9738  0.2485 gamm 0.2500 
DELTA   0.500   0.0250  0.0133 unif 0.2887 
RHOA    0.500   0.5925  0.0645 beta 0.1000 
SIGA    0.600   0.5462  0.1117 invg 4.0000 
THETA   1.500   1.1007  0.7461 gamm 0.7500 
KAPPA   2.000   0.9635  1.6179 gamm 1.5000 


Log data density [Laplace approximation] is -501.877838.

Estimation::mcmc: Multiple chains mode.
Estimation::mcmc: Old mh-files successfully erased!
Estimation::mcmc: Old metropolis.log file successfully erased!
Estimation::mcmc: Creation of a new metropolis.log file.
Estimation::mcmc: Searching for initial values...
Estimation::mcmc: Initial values found!

Estimation::mcmc: Write details about the MCMC... Ok!
Estimation::mcmc: Details about the MCMC are available in KimModTheBuilder/metropolis/KimModTheBuilder_mh_history_0.mat

ssh  @localhost rm -f //posterior_sampler_core_output_*.mat: Signal 127
ssh  @localhost rm -f //comp_status_posterior_sampler_core*.mat: Signal 127
ssh  @localhost rm -f //slaveParallel_break.mat: Signal 127

Estimation::mcmc: Number of mh files: 1 per block.
Estimation::mcmc: Total number of generated files: 4.
Estimation::mcmc: Total number of iterations: 1000000.
Estimation::mcmc: Current acceptance ratio per chain: 
                                                       Chain  1: 24.0291%
                                                       Chain  2: 23.9673%
                                                       Chain  3: 24.1897%
                                                       Chain  4: 23.9576%
Estimation::mcmc: Total number of MH draws per chain: 1000000.
Estimation::mcmc: Total number of generated MH files: 1.
Estimation::mcmc: I'll use mh-files 1 to 1.
Estimation::mcmc: In MH-file number 1 I'll start at line 500001.
Estimation::mcmc: Finally I keep 500000 draws per chain.



MCMC Inefficiency factors per block
Parameter       Block 1     Block 2     Block 3     Block 4
ALPHA           101.112      97.973     100.089      95.342
RA               42.655      49.730      45.905      41.472
DELTA           169.362     172.825     204.500     166.749
RHOA             46.996      53.971      51.077      44.682
SIGA             87.186     242.160     116.582      96.188
THETA            60.592      67.679      62.563      60.020
KAPPA           278.983     312.892     302.651     262.621

Estimation::mcmc::diagnostics: Univariate convergence diagnostic, Brooks and Gelman (1998):
ssh  @localhost rm -f //McMCDiagnostics_core_output_*.mat: Signal 127
ssh  @localhost rm -f //comp_status_McMCDiagnostics_core*.mat: Signal 127
ssh  @localhost rm -f //slaveParallel_break.mat: Signal 127
