Starting preprocessing of the model file ...
Found 9 equation(s).
Evaluating expressions...done
Computing static model derivatives (order 1).
Computing dynamic model derivatives (order 2).
Processing outputs ...
done
Preprocessing completed.

STEADY-STATE RESULTS:

y       		 2.6827
c       		 2.01202
iv      		 0.670674
rk      		 0.03
k       		 26.827
lam     		 0.497012
q       		 1
a       		 1
upsilon 		 1




Residuals of the static equations:

Equation number 1 : 0 : foc household wrt c (marginal utility of consumption)
Equation number 2 : 0 : foc household wrt iv (Tobins Q)
Equation number 3 : 0 : foc household wrt k (Euler equation capital)
Equation number 4 : 0 : capital accumulation
Equation number 5 : 0 : production function
Equation number 6 : 0 : firm capital demand
Equation number 7 : 0 : market clearing (resource constraint)
Equation number 8 : 0 : Evolution of technology
Equation number 9 : 0 : Evolution of investment specific technology shock



EIGENVALUES:
         Modulus             Real        Imaginary

             0.5              0.5                0
             0.5              0.5                0
          0.9849           0.9849                0
            1.02             1.02                0
       1.766e+16        1.766e+16                0
       2.387e+16        2.387e+16                0
        4.26e+18        -4.26e+18                0
       1.435e+20       -1.435e+20                0


There are 5 eigenvalue(s) larger than 1 in modulus 
for 5 forward-looking variable(s)

The rank condition is verified.

MODEL_DIAGNOSTICS:  No obvious problems with this mod-file were detected.
 

You did not declare endogenous variables after the estimation/calib_smoother command.
Initial value of the log posterior (or likelihood): -13035.4142
-----------------
f at the beginning of new iteration,     13035.4142426012
Predicted improvement:      967.837254788
lambda =          1; f =        13035.4342388
lambda =    0.33333; f =        13035.4142427
lambda =    0.11111; f =        18311.9210118
lambda =   0.037037; f =        13365.3390855
lambda =   0.012346; f =        13051.1698216
lambda =  0.0041152; f =        13031.6942827
Norm of dx    0.43996
----
Improvement on iteration 1 =        3.719959915
-----------------
f at the beginning of new iteration,     13031.6942826858
Predicted improvement:       44.225143061
lambda =          1; f =        13031.6993291
lambda =    0.33333; f =        13031.6943348
lambda =    0.11111; f =        13693.4633373
lambda =   0.037037; f =        13083.1610090
lambda =   0.012346; f =        13036.2328656
lambda =  0.0041152; f =        13031.9420707
lambda =  0.0013717; f =        13031.6407467
Norm of dx   0.096123
----
Improvement on iteration 2 =        0.053535997
-----------------
f at the beginning of new iteration,     13031.6407466888
Predicted improvement:        0.394903549
lambda =          1; f =        13031.2899321
Norm of dx  0.0086671
----
Improvement on iteration 3 =        0.350814550
-----------------
f at the beginning of new iteration,     13031.2899321387
Predicted improvement:        0.905585032
lambda =          1; f =        13030.3434608
Norm of dx   0.023129
----
Improvement on iteration 4 =        0.946471325
-----------------
f at the beginning of new iteration,     13030.3434608134
Predicted improvement:        0.296840621
lambda =          1; f =        13029.8770916
lambda =     1.9332; f =        13029.6739564
Norm of dx   0.011243
----
Improvement on iteration 5 =        0.669504446
-----------------
f at the beginning of new iteration,     13029.6739563676
Predicted improvement:        0.252405625
lambda =          1; f =        13029.2711875
lambda =     1.9332; f =        13029.0800949
Norm of dx   0.014145
----
Improvement on iteration 6 =        0.593861440
-----------------
f at the beginning of new iteration,     13029.0800949279
Predicted improvement:        0.086782205
lambda =          1; f =        13028.9806054
Norm of dx  0.0078017
----
Improvement on iteration 7 =        0.099489534
-----------------
f at the beginning of new iteration,     13028.9806053939
Predicted improvement:        0.002739644
lambda =          1; f =        13028.9775184
Norm of dx 0.00072893
----
Improvement on iteration 8 =        0.003086948
-----------------
f at the beginning of new iteration,     13028.9775184463
Predicted improvement:        0.000085446
lambda =          1; f =        13028.9773545
lambda =     1.9332; f =        13028.9772308
lambda =     3.7372; f =        13028.9770719
Norm of dx 0.00014299
----
Improvement on iteration 9 =        0.000446588
-----------------
f at the beginning of new iteration,     13028.9770718580
Predicted improvement:        0.000393037
lambda =          1; f =        13028.9763277
lambda =     1.9332; f =        13028.9757039
lambda =     3.7372; f =        13028.9746931
lambda =     7.2247; f =        13028.9734633
Norm of dx 0.00081503
----
Improvement on iteration 10 =        0.003608600
-----------------
f at the beginning of new iteration,     13028.9734632578
Predicted improvement:        0.003699406
lambda =          1; f =        13028.9666482
lambda =     1.9332; f =        13028.9610492
lambda =     3.7372; f =        13028.9523098
lambda =     7.2247; f =        13028.9432467
Norm of dx  0.0080725
----
Improvement on iteration 11 =        0.030216535
-----------------
f at the beginning of new iteration,     13028.9432467229
Correct for low angle: 0.00304845
Predicted improvement:        0.033571939
lambda =          1; f =        13028.9127106
Norm of dx   0.041422
----
Improvement on iteration 12 =        0.030536160
-----------------
f at the beginning of new iteration,     13028.9127105629
Correct for low angle: 0.00268914
Predicted improvement:        0.039322615
lambda =          1; f =        13028.9132578
lambda =    0.33333; f =        13028.8955365
Norm of dx   0.043083
----
Improvement on iteration 13 =        0.017174112
-----------------
f at the beginning of new iteration,     13028.8955364507
Predicted improvement:        0.012756618
lambda =          1; f =        13028.8828530
Norm of dx   0.044475
----
Improvement on iteration 14 =        0.012683485
-----------------
f at the beginning of new iteration,     13028.8828529653
Predicted improvement:        0.000422625
lambda =          1; f =        13028.8825169
Norm of dx  0.0027076
----
Improvement on iteration 15 =        0.000336089
-----------------
f at the beginning of new iteration,     13028.8825168764
Predicted improvement:        0.000108723
lambda =          1; f =        13028.8823864
Norm of dx  0.0022699
----
Improvement on iteration 16 =        0.000130431
-----------------
f at the beginning of new iteration,     13028.8823864449
Predicted improvement:        0.000752854
lambda =          1; f =        13028.8814180
Norm of dx  0.0090339
----
Improvement on iteration 17 =        0.000968441
-----------------
f at the beginning of new iteration,     13028.8814180039
Predicted improvement:        0.001667033
lambda =          1; f =        13028.8790012
lambda =     1.9332; f =        13028.8778769
Norm of dx    0.01458
----
Improvement on iteration 18 =        0.003541061
-----------------
f at the beginning of new iteration,     13028.8778769428
Correct for low angle: 0.00475498
Predicted improvement:        0.003224279
lambda =          1; f =        13028.8719444
lambda =     1.9332; f =        13028.8670761
lambda =     3.7372; f =        13028.8595291
lambda =     7.2247; f =        13028.8528752
Norm of dx   0.015698
----
Improvement on iteration 19 =        0.025001766
-----------------
f at the beginning of new iteration,     13028.8528751765
Predicted improvement:        0.020920183
lambda =          1; f =        13028.8161189
lambda =     1.9332; f =        13028.7912569
lambda =     3.7372; f =        13028.7657753
Norm of dx   0.039046
----
Improvement on iteration 20 =        0.087099910
-----------------
f at the beginning of new iteration,     13028.7657752664
Correct for low angle: 0.00335916
Predicted improvement:        0.009648181
lambda =          1; f =        13028.7643266
lambda =    0.33333; f =        13028.7611317
lambda =    0.64439; f =        13028.7605091
Norm of dx   0.028681
----
Improvement on iteration 21 =        0.005266118
-----------------
f at the beginning of new iteration,     13028.7605091480
Correct for low angle: 0.00279946
Predicted improvement:        0.007919762
lambda =          1; f =        13028.7918601
lambda =    0.33333; f =        13028.7604297
lambda =    0.11111; f =        13028.7592620
lambda =     0.2148; f =        13028.7592055
Norm of dx   0.039278
----
Improvement on iteration 22 =        0.001303617
-----------------
f at the beginning of new iteration,     13028.7592055308
Correct for low angle: 0.00216113
Predicted improvement:        0.003334380
lambda =          1; f =        13028.7637207
lambda =    0.33333; f =        13028.7581884
Norm of dx   0.013177
----
Improvement on iteration 23 =        0.001017152
-----------------
f at the beginning of new iteration,     13028.7581883785
Correct for low angle: 0.00312711
Predicted improvement:        0.000721624
lambda =          1; f =        13028.7580311
lambda =    0.33333; f =        13028.7577982
lambda =    0.64439; f =        13028.7577395
Norm of dx  0.0075839
----
Improvement on iteration 24 =        0.000448879
-----------------
f at the beginning of new iteration,     13028.7577394991
Correct for low angle: 0.00216216
Predicted improvement:        0.000747915
lambda =          1; f =        13028.7580818
lambda =    0.33333; f =        13028.7574350
Norm of dx   0.005411
----
Improvement on iteration 25 =        0.000304528
-----------------
f at the beginning of new iteration,     13028.7574349707
Predicted improvement:        0.000146381
lambda =          1; f =        13028.7571436
lambda =     1.9332; f =        13028.7570605
Norm of dx   0.006046
----
Improvement on iteration 26 =        0.000374491
-----------------
f at the beginning of new iteration,     13028.7570604798
Correct for low angle: 0.0035288
Predicted improvement:        0.000052164
lambda =          1; f =        13028.7571487
lambda =    0.33333; f =        13028.7570603
lambda =    0.11111; f =        13028.7570571
lambda =   0.037037; f =        13028.7570590
Norm of dx  0.0027902
----
Improvement on iteration 27 =        0.000003377
-----------------
f at the beginning of new iteration,     13028.7570571032
Predicted improvement:        0.000027182
lambda =          1; f =        13028.7570948
lambda =    0.33333; f =        13028.7570637
lambda =    0.11111; f =        13028.7570586
lambda =   0.037037; f =        13028.7570575
lambda =   0.012346; f =        13028.7570572
lambda =  0.0041152; f =        13028.7570571
lambda =  0.0013717; f =        13028.7570571
lambda = 0.00045725; f =        13028.7570571
lambda = 0.00015242; f =        13028.7570571
lambda = 5.0805e-05; f =        13028.7570571
lambda = 1.6935e-05; f =        13028.7570571
lambda =  5.645e-06; f =        13028.7570571
lambda = 1.8817e-06; f =        13028.7570571
lambda = 6.2723e-07; f =        13028.7570571
Norm of dx  0.0022568
----
Improvement on iteration 28 =        0.000000000
improvement < crit termination

Final value of minus the log posterior (or likelihood):13028.757057 

MODE CHECK

Fval obtained by the minimization routine (minus the posterior/likelihood)): 13028.757057
[Warning: MATLAB has disabled some advanced graphics rendering features by
switching to software OpenGL. For more information, click <a
href="matlab:opengl('problems')">here</a>.] 

RESULTS FROM POSTERIOR ESTIMATION
parameters
         prior mean     mode    s.d. prior pstdev

ALPHA        0.300   0.2990  0.0042 norm 0.0500 
RA           2.000   1.9736  0.2439 gamm 0.2500 
DELTA        0.500   0.0249  0.0014 unif 0.2887 
RHOA         0.500   0.5015  0.0096 beta 0.1000 
SIGA         0.600   0.5984  0.0120 invg 4.0000 
THETA        1.500   1.1008  0.5217 gamm 0.7500 
KAPPA        2.000   1.9109  0.2281 gamm 1.5000 
RHOUPSILON   0.500   0.4983  0.0097 beta 0.1000 
SIGUPSILON   0.600   0.5340  0.0711 invg 4.0000 


Log data density [Laplace approximation] is -13060.167897.


You did not declare endogenous variables after the estimation/calib_smoother command.

Initial value of the log posterior (or likelihood): -13028.7571

MODE CHECK

Fval obtained by the minimization routine (minus the posterior/likelihood)): 13028.757057

RESULTS FROM POSTERIOR ESTIMATION
parameters
         prior mean     mode    s.d. prior pstdev

ALPHA        0.300   0.2990  0.0042 norm 0.0500 
RA           2.000   1.9736  0.2439 gamm 0.2500 
DELTA        0.500   0.0249  0.0014 unif 0.2887 
RHOA         0.500   0.5015  0.0096 beta 0.1000 
SIGA         0.600   0.5984  0.0120 invg 4.0000 
THETA        1.500   1.1008  0.5217 gamm 0.7500 
KAPPA        2.000   1.9109  0.2281 gamm 1.5000 
RHOUPSILON   0.500   0.4983  0.0097 beta 0.1000 
SIGUPSILON   0.600   0.5340  0.0711 invg 4.0000 


Log data density [Laplace approximation] is -13060.167897.

Estimation::mcmc: Multiple chains mode.
Estimation::mcmc: Old mh-files successfully erased!
Estimation::mcmc: Old metropolis.log file successfully erased!
Estimation::mcmc: Creation of a new metropolis.log file.
Estimation::mcmc: Searching for initial values...
Estimation::mcmc: Initial values found!

Estimation::mcmc: Write details about the MCMC... Ok!
Estimation::mcmc: Details about the MCMC are available in KimModTheBuilder/metropolis/KimModTheBuilder_mh_history_0.mat

ssh  @localhost rm -f //posterior_sampler_core_output_*.mat: Signal 127
ssh  @localhost rm -f //comp_status_posterior_sampler_core*.mat: Signal 127
ssh  @localhost rm -f //slaveParallel_break.mat: Signal 127

Estimation::mcmc: Number of mh files: 1 per block.
Estimation::mcmc: Total number of generated files: 4.
Estimation::mcmc: Total number of iterations: 1000000.
Estimation::mcmc: Current acceptance ratio per chain: 
                                                       Chain  1: 22.7916%
                                                       Chain  2: 23.2466%
                                                       Chain  3: 22.876%
                                                       Chain  4: 23.1327%
Estimation::mcmc: Total number of MH draws per chain: 1000000.
Estimation::mcmc: Total number of generated MH files: 1.
Estimation::mcmc: I'll use mh-files 1 to 1.
Estimation::mcmc: In MH-file number 1 I'll start at line 500001.
Estimation::mcmc: Finally I keep 500000 draws per chain.



MCMC Inefficiency factors per block
Parameter        Block 1     Block 2     Block 3     Block 4
ALPHA             49.588      45.285      50.257      48.098
RA                51.777      47.096      53.440      50.358
DELTA             54.564      52.595      55.063      55.594
RHOA              49.110      43.154      42.844      48.524
SIGA              47.036      47.111      47.244      49.878
THETA            479.446     329.431     350.367     337.435
KAPPA            471.087     322.368     344.098     328.496
RHOUPSILON        49.169      46.851      45.470      49.717
SIGUPSILON       368.777     253.169     271.358     275.772

Estimation::mcmc::diagnostics: Univariate convergence diagnostic, Brooks and Gelman (1998):
ssh  @localhost rm -f //McMCDiagnostics_core_output_*.mat: Signal 127
ssh  @localhost rm -f //comp_status_McMCDiagnostics_core*.mat: Signal 127
ssh  @localhost rm -f //slaveParallel_break.mat: Signal 127
