Starting preprocessing of the model file ...
Found 9 equation(s).
Evaluating expressions...done
Computing static model derivatives (order 1).
Computing dynamic model derivatives (order 2).
Processing outputs ...
done
Preprocessing completed.

STEADY-STATE RESULTS:

y       		 2.6827
c       		 2.01202
iv      		 0.670674
rk      		 0.03
k       		 26.827
lam     		 0.497012
q       		 1
a       		 1
upsilon 		 1




Residuals of the static equations:

Equation number 1 : 0 : foc household wrt c (marginal utility of consumption)
Equation number 2 : 0 : foc household wrt iv (Tobins Q)
Equation number 3 : 0 : foc household wrt k (Euler equation capital)
Equation number 4 : 0 : capital accumulation
Equation number 5 : 0 : production function
Equation number 6 : 0 : firm capital demand
Equation number 7 : 0 : market clearing (resource constraint)
Equation number 8 : 0 : Evolution of technology
Equation number 9 : 0 : Evolution of investment specific technology shock



EIGENVALUES:
         Modulus             Real        Imaginary

          0.3543           0.3543                0
             0.5              0.5                0
             0.5              0.5                0
          0.9787           0.9787                0
           1.027            1.027                0
           2.836            2.836                0
       9.309e+15       -9.309e+15                0
       8.498e+16        8.498e+16                0
       3.596e+18       -3.596e+18                0
       6.123e+20       -6.123e+20                0


There are 6 eigenvalue(s) larger than 1 in modulus 
for 6 forward-looking variable(s)

The rank condition is verified.

MODEL_DIAGNOSTICS:  No obvious problems with this mod-file were detected.
 

You did not declare endogenous variables after the estimation/calib_smoother command.
Initial value of the log posterior (or likelihood): -754.4119
-----------------
f at the beginning of new iteration,       754.4119083687
Predicted improvement:      404.689140759
lambda =          1; f =        38124.5898355
lambda =    0.33333; f =         5584.8025383
lambda =    0.11111; f =         1541.9278013
lambda =   0.037037; f =          862.5181514
lambda =   0.012346; f =          762.7274144
lambda =  0.0041152; f =          753.2616759
Norm of dx     0.2845
----
Improvement on iteration 1 =        1.150232473
-----------------
f at the beginning of new iteration,       753.2616758957
Predicted improvement:        5.318475487
lambda =          1; f =         1044.7414047
lambda =    0.33333; f =          780.0112607
lambda =    0.11111; f =          755.5166615
lambda =   0.037037; f =          753.2544471
lambda =   0.012346; f =          753.1735575
Norm of dx   0.032466
----
Improvement on iteration 2 =        0.088118406
-----------------
f at the beginning of new iteration,       753.1735574896
Predicted improvement:        0.376358336
lambda =          1; f =          752.6200553
lambda =     1.9332; f =          752.4678845
Norm of dx  0.0073721
----
Improvement on iteration 3 =        0.705673003
-----------------
f at the beginning of new iteration,       752.4678844870
Predicted improvement:        0.192514509
lambda =          1; f =          752.1595772
lambda =     1.9332; f =          752.0130336
Norm of dx  0.0068925
----
Improvement on iteration 4 =        0.454850935
-----------------
f at the beginning of new iteration,       752.0130335519
Predicted improvement:        0.078462122
lambda =          1; f =          751.8939321
lambda =     1.9332; f =          751.8520270
Norm of dx  0.0074813
----
Improvement on iteration 5 =        0.161006529
-----------------
f at the beginning of new iteration,       751.8520270226
Predicted improvement:        0.060793506
lambda =          1; f =          751.7468785
lambda =     1.9332; f =          751.6790073
lambda =     3.7372; f =          751.6363816
Norm of dx  0.0051264
----
Improvement on iteration 6 =        0.215645419
-----------------
f at the beginning of new iteration,       751.6363816035
Predicted improvement:        0.045950223
lambda =          1; f =          751.5617078
lambda =     1.9332; f =          751.5231965
Norm of dx  0.0032834
----
Improvement on iteration 7 =        0.113185150
-----------------
f at the beginning of new iteration,       751.5231964537
Predicted improvement:        0.038613040
lambda =          1; f =          751.4727848
Norm of dx  0.0083169
----
Improvement on iteration 8 =        0.050411636
-----------------
f at the beginning of new iteration,       751.4727848173
Predicted improvement:        0.019122920
lambda =          1; f =          751.4423305
lambda =     1.9332; f =          751.4278554
Norm of dx  0.0059046
----
Improvement on iteration 9 =        0.044929423
-----------------
f at the beginning of new iteration,       751.4278553940
Predicted improvement:        0.025320517
lambda =          1; f =          751.3854773
lambda =     1.9332; f =          751.3607193
Norm of dx   0.005899
----
Improvement on iteration 10 =        0.067136117
-----------------
f at the beginning of new iteration,       751.3607192766
Predicted improvement:        0.025725698
lambda =          1; f =          751.3295417
Norm of dx  0.0063701
----
Improvement on iteration 11 =        0.031177614
-----------------
f at the beginning of new iteration,       751.3295416628
Predicted improvement:        0.005523605
lambda =          1; f =          751.3204386
lambda =     1.9332; f =          751.3155326
Norm of dx  0.0021087
----
Improvement on iteration 12 =        0.014009095
-----------------
f at the beginning of new iteration,       751.3155325673
Predicted improvement:        0.010428589
lambda =          1; f =          751.2963830
lambda =     1.9332; f =          751.2816845
lambda =     3.7372; f =          751.2619890
Norm of dx  0.0039379
----
Improvement on iteration 13 =        0.053543579
-----------------
f at the beginning of new iteration,       751.2619889888
Predicted improvement:        0.051393633
lambda =          1; f =          751.1749248
lambda =     1.9332; f =          751.1227219
lambda =     3.7372; f =          751.1048000
Norm of dx   0.021384
----
Improvement on iteration 14 =        0.157189019
-----------------
f at the beginning of new iteration,       751.1047999694
Predicted improvement:        0.058777540
lambda =          1; f =          751.0209613
lambda =     1.9332; f =          751.0023537
Norm of dx  0.0080562
----
Improvement on iteration 15 =        0.102446265
-----------------
f at the beginning of new iteration,       751.0023537046
Predicted improvement:        0.010894612
lambda =          1; f =          750.9850534
lambda =     1.9332; f =          750.9771355
Norm of dx   0.011961
----
Improvement on iteration 16 =        0.025218208
-----------------
f at the beginning of new iteration,       750.9771354961
Predicted improvement:        0.015279779
lambda =          1; f =          750.9481755
lambda =     1.9332; f =          750.9240606
lambda =     3.7372; f =          750.8856104
lambda =     7.2247; f =          750.8431316
Norm of dx  0.0097181
----
Improvement on iteration 17 =        0.134003940
-----------------
f at the beginning of new iteration,       750.8431315557
Predicted improvement:        0.090218709
lambda =          1; f =          750.7031999
lambda =     1.9332; f =          750.6492245
Norm of dx    0.03166
----
Improvement on iteration 18 =        0.193907014
-----------------
f at the beginning of new iteration,       750.6492245417
Predicted improvement:        0.020003321
lambda =          1; f =          750.6286534
Norm of dx   0.019487
----
Improvement on iteration 19 =        0.020571098
-----------------
f at the beginning of new iteration,       750.6286534435
Predicted improvement:        0.000228131
lambda =          1; f =          750.6284983
Norm of dx 0.00068199
----
Improvement on iteration 20 =        0.000155149
-----------------
f at the beginning of new iteration,       750.6284982942
Predicted improvement:        0.000013827
lambda =          1; f =          750.6284800
Norm of dx 0.00014837
----
Improvement on iteration 21 =        0.000018252
-----------------
f at the beginning of new iteration,       750.6284800427
Predicted improvement:        0.000000214
lambda =          1; f =          750.6284801
lambda =    0.33333; f =          750.6284800
lambda =    0.11111; f =          750.6284800
lambda =   0.037037; f =          750.6284800
lambda =   0.012346; f =          750.6284800
lambda =  0.0041152; f =          750.6284800
lambda =  0.0013717; f =          750.6284800
lambda = 0.00045725; f =          750.6284800
lambda = 0.00015242; f =          750.6284800
lambda = 5.0805e-05; f =          750.6284800
lambda = 1.6935e-05; f =          750.6284800
lambda =  5.645e-06; f =          750.6284800
lambda = 1.8817e-06; f =          750.6284800
lambda = 6.2723e-07; f =          750.6284800
lambda = 2.0908e-07; f =          750.6284800
lambda = 6.9692e-08; f =          750.6284800
lambda = 2.3231e-08; f =          750.6284800
lambda = 7.7435e-09; f =          750.6284800
lambda =  1.497e-08; f =          750.6284800
lambda = 2.8939e-08; f =          750.6284800
lambda = 1.9486e-08; f =          750.6284800
lambda =  1.537e-08; f =          750.6284800
lambda = 1.5089e-08; f =          750.6284800
lambda = 1.5257e-08; f =          750.6284800
Norm of dx 1.2022e-05
Cliff.  Perturbing search direction.
Predicted improvement:        0.000002845
lambda =          1; f =          750.6285270
lambda =    0.33333; f =          750.6284847
lambda =    0.11111; f =          750.6284804
lambda =   0.037037; f =          750.6284800
lambda =   0.012346; f =          750.6284800
Norm of dx 8.7043e-05

badg2 =

     0

----
Improvement on iteration 22 =        0.000000033
improvement < crit termination

Final value of minus the log posterior (or likelihood):750.628480 

MODE CHECK

Fval obtained by the minimization routine (minus the posterior/likelihood)): 750.628480
[Warning: MATLAB has disabled some advanced graphics rendering features by
switching to software OpenGL. For more information, click <a
href="matlab:opengl('problems')">here</a>.] 

RESULTS FROM POSTERIOR ESTIMATION
parameters
         prior mean     mode    s.d. prior pstdev

ALPHA        0.300   0.3051  0.0055 norm 0.0500 
RA           2.000   1.9890  0.2476 gamm 0.2500 
DELTA        0.500   0.0232  0.0020 unif 0.2887 
RHOA         0.500   0.4567  0.0282 beta 0.1000 
SIGA         0.600   0.5562  0.0302 invg 4.0000 
THETA        1.500   1.3183  0.1414 gamm 0.7500 
KAPPA        2.000   1.8560  0.1000 gamm 1.5000 
RHOUPSILON   0.500   0.4770  0.0290 beta 0.1000 
SIGUPSILON   0.600   0.5189  0.0457 invg 4.0000 


Log data density [Laplace approximation] is -777.984685.


You did not declare endogenous variables after the estimation/calib_smoother command.

Initial value of the log posterior (or likelihood): -750.6285

MODE CHECK

Fval obtained by the minimization routine (minus the posterior/likelihood)): 750.628480

RESULTS FROM POSTERIOR ESTIMATION
parameters
         prior mean     mode    s.d. prior pstdev

ALPHA        0.300   0.3051  0.0055 norm 0.0500 
RA           2.000   1.9890  0.2476 gamm 0.2500 
DELTA        0.500   0.0232  0.0020 unif 0.2887 
RHOA         0.500   0.4567  0.0282 beta 0.1000 
SIGA         0.600   0.5562  0.0302 invg 4.0000 
THETA        1.500   1.3183  0.1414 gamm 0.7500 
KAPPA        2.000   1.8560  0.1000 gamm 1.5000 
RHOUPSILON   0.500   0.4770  0.0290 beta 0.1000 
SIGUPSILON   0.600   0.5189  0.0457 invg 4.0000 


Log data density [Laplace approximation] is -777.984685.

Estimation::mcmc: Multiple chains mode.
Estimation::mcmc: Old mh-files successfully erased!
Estimation::mcmc: Old metropolis.log file successfully erased!
Estimation::mcmc: Creation of a new metropolis.log file.
Estimation::mcmc: Searching for initial values...
Estimation::mcmc: Initial values found!

Estimation::mcmc: Write details about the MCMC... Ok!
Estimation::mcmc: Details about the MCMC are available in KimModTheBuilder/metropolis/KimModTheBuilder_mh_history_0.mat

ssh  @localhost rm -f //posterior_sampler_core_output_*.mat: Signal 127
ssh  @localhost rm -f //comp_status_posterior_sampler_core*.mat: Signal 127
ssh  @localhost rm -f //slaveParallel_break.mat: Signal 127

Estimation::mcmc: Number of mh files: 1 per block.
Estimation::mcmc: Total number of generated files: 4.
Estimation::mcmc: Total number of iterations: 1000000.
Estimation::mcmc: Current acceptance ratio per chain: 
                                                       Chain  1: 26.3305%
                                                       Chain  2: 26.2674%
                                                       Chain  3: 26.3331%
                                                       Chain  4: 26.3654%
Estimation::mcmc: Total number of MH draws per chain: 1000000.
Estimation::mcmc: Total number of generated MH files: 1.
Estimation::mcmc: I'll use mh-files 1 to 1.
Estimation::mcmc: In MH-file number 1 I'll start at line 500001.
Estimation::mcmc: Finally I keep 500000 draws per chain.



MCMC Inefficiency factors per block
Parameter        Block 1     Block 2     Block 3     Block 4
ALPHA             33.779      33.402      32.073      36.668
RA                30.585      33.851      32.571      33.433
DELTA             39.874      42.662      41.401      39.532
RHOA              29.146      33.330      34.338      30.402
SIGA              41.762      41.934      39.180      38.467
THETA             37.009      35.703      35.522      39.099
KAPPA             35.870      36.008      37.227      38.897
RHOUPSILON        30.862      30.016      31.728      29.555
SIGUPSILON        41.411      39.220      39.168      40.806

Estimation::mcmc::diagnostics: Univariate convergence diagnostic, Brooks and Gelman (1998):
ssh  @localhost rm -f //McMCDiagnostics_core_output_*.mat: Signal 127
ssh  @localhost rm -f //comp_status_McMCDiagnostics_core*.mat: Signal 127
ssh  @localhost rm -f //slaveParallel_break.mat: Signal 127

Estimation::marginal density: I'm computing the posterior mean and covariance...  Done!
Estimation::marginal density: I'm computing the posterior log marginal density (modified harmonic mean)... Done!


ESTIMATION RESULTS

Log data density is -777.855962.

parameters
             prior mean   post. mean        90% HPD interval    prior       pstdev

ALPHA             0.300       0.3046      0.2956      0.3138    norm       0.0500
RA                2.000       2.0245      1.6116      2.4293    gamm       0.2500
DELTA             0.500       0.0240      0.0204      0.0276    unif       0.2887
RHOA              0.500       0.4617      0.4155      0.5087    beta       0.1000
SIGA              0.600       0.5668      0.5146      0.6194    invg       4.0000
THETA             1.500       1.3761      1.1256      1.6218    gamm       0.7500
KAPPA             2.000       1.8964      1.7228      2.0705    gamm       1.5000
RHOUPSILON        0.500       0.4806      0.4325      0.5282    beta       0.1000
SIGUPSILON        0.600       0.5443      0.4607      0.6241    invg       4.0000
/bin/bash: pdflatex: command not found

ans =

   127

Total computing time : 3h30m11s
Note: warning(s) encountered in MATLAB/Octave code
