Starting preprocessing of the model file ...
Found 8 equation(s).
Evaluating expressions...done
Computing static model derivatives (order 1).
Computing dynamic model derivatives (order 2).
Processing outputs ...
done
Preprocessing completed.

STEADY-STATE RESULTS:

y   		 2.6827
c   		 2.01202
iv  		 0.670674
rk  		 0.03
k   		 26.827
lam 		 0.497012
q   		 1
a   		 1




Residuals of the static equations:

Equation number 1 : 0 : foc household wrt c (marginal utility of consumption)
Equation number 2 : 0 : foc household wrt iv (Tobins Q)
Equation number 3 : 0 : foc household wrt k (Euler equation capital)
Equation number 4 : 0 : capital accumulation
Equation number 5 : 0 : production function
Equation number 6 : 0 : firm capital demand
Equation number 7 : 0 : market clearing (resource constraint)
Equation number 8 : 0 : Evolution of technology



EIGENVALUES:
         Modulus             Real        Imaginary

             0.5              0.5                0
          0.9849           0.9849                0
            1.02             1.02                0
       1.693e+17       -1.693e+17                0
       2.057e+17       -2.057e+17                0
       2.256e+17       -2.256e+17                0
       1.435e+20       -1.435e+20                0


There are 5 eigenvalue(s) larger than 1 in modulus 
for 5 forward-looking variable(s)

The rank condition is verified.

MODEL_DIAGNOSTICS:  No obvious problems with this mod-file were detected.
 

You did not declare endogenous variables after the estimation/calib_smoother command.
Initial value of the log posterior (or likelihood): -161.6228
-----------------
f at the beginning of new iteration,       161.6228086815
Predicted improvement:        1.743239108
lambda =          1; f =          179.1987504
lambda =    0.33333; f =          161.9823428
lambda =    0.11111; f =          161.3880656
Norm of dx   0.018672
----
Improvement on iteration 1 =        0.234743107
-----------------
f at the beginning of new iteration,       161.3880655749
Predicted improvement:        0.104410272
lambda =          1; f =          161.1904405
lambda =     1.9332; f =          161.0266511
lambda =     3.7372; f =          160.7690139
lambda =     7.2247; f =          160.5087268
Norm of dx  0.0046255
----
Improvement on iteration 2 =        0.879338782
-----------------
f at the beginning of new iteration,       160.5087267925
Predicted improvement:        0.903671086
lambda =          1; f =          158.8267884
lambda =     1.9332; f =          157.5100311
lambda =     3.7372; f =          155.8941484
Norm of dx   0.047007
----
Improvement on iteration 3 =        4.614578383
-----------------
f at the beginning of new iteration,       155.8941484097
Predicted improvement:        0.376613477
lambda =          1; f =          155.7944974
lambda =    0.33333; f =          155.7061468
lambda =    0.64439; f =          155.6600552
Norm of dx   0.059941
----
Improvement on iteration 4 =        0.234093217
-----------------
f at the beginning of new iteration,       155.6600551931
Predicted improvement:        0.068938058
lambda =          1; f =          155.5260142
lambda =     1.9332; f =          155.4085255
lambda =     3.7372; f =          155.2075998
lambda =     7.2247; f =          154.9700578
Norm of dx  0.0042056
----
Improvement on iteration 5 =        0.689997394
-----------------
f at the beginning of new iteration,       154.9700577994
Predicted improvement:        0.456549866
lambda =          1; f =          154.5524941
Norm of dx   0.033921
----
Improvement on iteration 6 =        0.417563695
-----------------
f at the beginning of new iteration,       154.5524941046
Predicted improvement:        0.932635316
lambda =          1; f =          153.7614904
Norm of dx   0.026314
----
Improvement on iteration 7 =        0.791003699
-----------------
f at the beginning of new iteration,       153.7614904056
Predicted improvement:        0.169949022
lambda =          1; f =          153.6036881
Norm of dx   0.018672
----
Improvement on iteration 8 =        0.157802310
-----------------
f at the beginning of new iteration,       153.6036880960
Predicted improvement:        0.036489534
lambda =          1; f =          153.5807189
Norm of dx  0.0068742
----
Improvement on iteration 9 =        0.022969154
-----------------
f at the beginning of new iteration,       153.5807189423
Predicted improvement:        0.009308510
lambda =          1; f =          153.5681474
Norm of dx  0.0050157
----
Improvement on iteration 10 =        0.012571531
-----------------
f at the beginning of new iteration,       153.5681474115
Predicted improvement:        0.002945564
lambda =          1; f =          153.5643992
Norm of dx  0.0030984
----
Improvement on iteration 11 =        0.003748189
-----------------
f at the beginning of new iteration,       153.5643992226
Predicted improvement:        0.001995214
lambda =          1; f =          153.5609202
lambda =     1.9332; f =          153.5585874
lambda =     3.7372; f =          153.5565913
Norm of dx  0.0019106
----
Improvement on iteration 12 =        0.007807969
-----------------
f at the beginning of new iteration,       153.5565912533
Predicted improvement:        0.004869312
lambda =          1; f =          153.5477245
lambda =     1.9332; f =          153.5412188
lambda =     3.7372; f =          153.5335009
Norm of dx   0.002344
----
Improvement on iteration 13 =        0.023090380
-----------------
f at the beginning of new iteration,       153.5335008731
Predicted improvement:        0.002264564
lambda =          1; f =          153.5318102
Norm of dx  0.0029639
----
Improvement on iteration 14 =        0.001690652
-----------------
f at the beginning of new iteration,       153.5318102207
Predicted improvement:        0.000449643
lambda =          1; f =          153.5312972
Norm of dx 0.00090379
----
Improvement on iteration 15 =        0.000513014
-----------------
f at the beginning of new iteration,       153.5312972062
Predicted improvement:        0.000078541
lambda =          1; f =          153.5311665
lambda =     1.9332; f =          153.5310959
Norm of dx 0.00016151
----
Improvement on iteration 16 =        0.000201290
-----------------
f at the beginning of new iteration,       153.5310959160
Predicted improvement:        0.000166000
lambda =          1; f =          153.5307796
lambda =     1.9332; f =          153.5305386
lambda =     3.7372; f =          153.5302154
lambda =     7.2247; f =          153.5300914
Norm of dx 0.00052275
----
Improvement on iteration 17 =        0.001004496
-----------------
f at the beginning of new iteration,       153.5300914205
Predicted improvement:        0.000777739
lambda =          1; f =          153.5286034
lambda =     1.9332; f =          153.5273093
lambda =     3.7372; f =          153.5250755
lambda =     7.2247; f =          153.5218181
lambda =     13.967; f =          153.5199559
Norm of dx  0.0010681
----
Improvement on iteration 18 =        0.010135485
-----------------
f at the beginning of new iteration,       153.5199559354
Predicted improvement:        0.009409936
lambda =          1; f =          153.5024728
lambda =     1.9332; f =          153.4886636
lambda =     3.7372; f =          153.4686001
lambda =     7.2247; f =          153.4537848
Norm of dx   0.019944
----
Improvement on iteration 19 =        0.066171140
-----------------
f at the beginning of new iteration,       153.4537847951
Predicted improvement:        0.014085811
lambda =          1; f =          153.4378529
Norm of dx   0.035397
----
Improvement on iteration 20 =        0.015931856
-----------------
f at the beginning of new iteration,       153.4378529386
Predicted improvement:        0.002183888
lambda =          1; f =          153.4359921
Norm of dx  0.0093191
----
Improvement on iteration 21 =        0.001860818
-----------------
f at the beginning of new iteration,       153.4359921201
Predicted improvement:        0.000123845
lambda =          1; f =          153.4357684
lambda =     1.9332; f =          153.4356311
lambda =     3.7372; f =          153.4355535
Norm of dx 0.00068145
----
Improvement on iteration 22 =        0.000438635
-----------------
f at the beginning of new iteration,       153.4355534847
Predicted improvement:        0.000315173
lambda =          1; f =          153.4349448
lambda =     1.9332; f =          153.4343966
lambda =     3.7372; f =          153.4333924
lambda =     7.2247; f =          153.4316678
lambda =     13.967; f =          153.4292158
lambda =         27; f =          153.4283783
Norm of dx 0.00092893
----
Improvement on iteration 23 =        0.007175187
-----------------
f at the beginning of new iteration,       153.4283782981
Predicted improvement:        0.008402044
lambda =          1; f =          153.4124315
lambda =     1.9332; f =          153.3991325
lambda =     3.7372; f =          153.3773512
lambda =     7.2247; f =          153.3479011
Norm of dx   0.017921
----
Improvement on iteration 24 =        0.080477172
-----------------
f at the beginning of new iteration,       153.3479011258
Predicted improvement:        0.046484743
lambda =          1; f =          153.2875498
Norm of dx    0.17711
----
Improvement on iteration 25 =        0.060351333
-----------------
f at the beginning of new iteration,       153.2875497927
Correct for low angle: 0.0049351
Predicted improvement:        0.010873534
lambda =          1; f =          153.2745116
Norm of dx    0.05794
----
Improvement on iteration 26 =        0.013038207
-----------------
f at the beginning of new iteration,       153.2745115858
Predicted improvement:        0.001941094
lambda =          1; f =          153.2725882
Norm of dx   0.003971
----
Improvement on iteration 27 =        0.001923392
-----------------
f at the beginning of new iteration,       153.2725881935
Predicted improvement:        0.000062309
lambda =          1; f =          153.2725216
Norm of dx  0.0027299
----
Improvement on iteration 28 =        0.000066587
-----------------
f at the beginning of new iteration,       153.2725216063
Predicted improvement:        0.000014629
lambda =          1; f =          153.2725009
lambda =     1.9332; f =          153.2724920
Norm of dx  0.0012246
----
Improvement on iteration 29 =        0.000029615
-----------------
f at the beginning of new iteration,       153.2724919910
Predicted improvement:        0.000025079
lambda =          1; f =          153.2724473
lambda =     1.9332; f =          153.2724098
lambda =     3.7372; f =          153.2723488
lambda =     7.2247; f =          153.2722741
Norm of dx 0.00050542
----
Improvement on iteration 30 =        0.000217874
-----------------
f at the beginning of new iteration,       153.2722741173
Predicted improvement:        0.000271043
lambda =          1; f =          153.2717735
lambda =     1.9332; f =          153.2713597
lambda =     3.7372; f =          153.2707046
lambda =     7.2247; f =          153.2699683
Norm of dx  0.0021455
----
Improvement on iteration 31 =        0.002305810
-----------------
f at the beginning of new iteration,       153.2699683075
Predicted improvement:        0.002278921
lambda =          1; f =          153.2656094
lambda =     1.9332; f =          153.2618330
lambda =     3.7372; f =          153.2553047
lambda =     7.2247; f =          153.2454355
lambda =     13.967; f =          153.2360436
Norm of dx   0.015845
----
Improvement on iteration 32 =        0.033924725
-----------------
f at the beginning of new iteration,       153.2360435824
Predicted improvement:        0.020709418
lambda =          1; f =          153.2026739
lambda =     1.9332; f =          153.1883721
Norm of dx    0.13813
----
Improvement on iteration 33 =        0.047671465
-----------------
f at the beginning of new iteration,       153.1883721169
Correct for low angle: 0.00246322
Predicted improvement:        0.057771421
lambda =          1; f =          153.2216424
lambda =    0.33333; f =          153.1660501
Norm of dx      0.146
----
Improvement on iteration 34 =        0.022322056
-----------------
f at the beginning of new iteration,       153.1660500605
Predicted improvement:        0.013592699
lambda =          1; f =          153.1503671
Norm of dx   0.052195
----
Improvement on iteration 35 =        0.015683007
-----------------
f at the beginning of new iteration,       153.1503670532
Predicted improvement:        0.000899743
lambda =          1; f =          153.1493782
Norm of dx   0.031609
----
Improvement on iteration 36 =        0.000988899
-----------------
f at the beginning of new iteration,       153.1493781544
Predicted improvement:        0.000091708
lambda =          1; f =          153.1493156
Norm of dx   0.010499
----
Improvement on iteration 37 =        0.000062528
-----------------
f at the beginning of new iteration,       153.1493156264
Correct for low angle: 0.00370883
Predicted improvement:        0.000032950
lambda =          1; f =          153.1493062
lambda =    0.33333; f =          153.1493017
Norm of dx  0.0039277
----
Improvement on iteration 38 =        0.000013972
-----------------
f at the beginning of new iteration,       153.1493016546
Predicted improvement:        0.000008023
lambda =          1; f =          153.1492978
lambda =    0.33333; f =          153.1492986
Norm of dx  0.0023135
----
Improvement on iteration 39 =        0.000003871
-----------------
f at the beginning of new iteration,       153.1492977832
Predicted improvement:        0.000000091
lambda =          1; f =          153.1492986
lambda =    0.33333; f =          153.1492980
lambda =    0.11111; f =          153.1492979
lambda =   0.037037; f =          153.1492978
lambda =   0.012346; f =          153.1492978
lambda =  0.0041152; f =          153.1492978
lambda =  0.0013717; f =          153.1492978
lambda = 0.00045725; f =          153.1492978
lambda = 0.00015242; f =          153.1492978
lambda = 5.0805e-05; f =          153.1492978
lambda = 1.6935e-05; f =          153.1492978
lambda =  5.645e-06; f =          153.1492978
lambda = 1.8817e-06; f =          153.1492978
lambda = 6.2723e-07; f =          153.1492978
lambda = 2.0908e-07; f =          153.1492978
lambda = 6.9692e-08; f =          153.1492978
lambda = 2.3231e-08; f =          153.1492978
lambda = 7.7435e-09; f =          153.1492978
lambda =  1.497e-08; f =          153.1492978
lambda =  1.008e-08; f =          153.1492978
lambda = 7.9504e-09; f =          153.1492978
lambda = 7.8051e-09; f =          153.1492978
lambda = 7.8919e-09; f =          153.1492978
Norm of dx 0.00014826
Cliff.  Perturbing search direction.
Predicted improvement:        0.000000221
lambda =          1; f =          153.1493025
lambda =    0.33333; f =          153.1492984
lambda =    0.11111; f =          153.1492979
lambda =   0.037037; f =          153.1492978
lambda =   0.012346; f =          153.1492978
lambda =  0.0041152; f =          153.1492978
lambda =  0.0013717; f =          153.1492978
lambda = 0.00045725; f =          153.1492978
lambda = 0.00015242; f =          153.1492978
lambda = 5.0805e-05; f =          153.1492978
lambda = 1.6935e-05; f =          153.1492978
lambda =  5.645e-06; f =          153.1492978
lambda = 1.8817e-06; f =          153.1492978
lambda = 6.2723e-07; f =          153.1492978
lambda = 2.0908e-07; f =          153.1492978
lambda = 6.9692e-08; f =          153.1492978
lambda = 2.3231e-08; f =          153.1492978
lambda = 4.4909e-08; f =          153.1492978
lambda = 3.0239e-08; f =          153.1492978
lambda = 2.3851e-08; f =          153.1492978
lambda = 2.3415e-08; f =          153.1492978
Norm of dx 0.00014728
Cliff again.  Try traversing
Norm of dx          0
----
Improvement on iteration 40 =        0.000000000
improvement < crit termination
back and forth on step length never finished

Final value of minus the log posterior (or likelihood):153.149298 

MODE CHECK

Fval obtained by the minimization routine (minus the posterior/likelihood)): 153.149298
[Warning: MATLAB has disabled some advanced graphics rendering features by
switching to software OpenGL. For more information, click <a
href="matlab:opengl('problems')">here</a>.] 

RESULTS FROM POSTERIOR ESTIMATION
parameters
    prior mean     mode    s.d. prior pstdev

ALPHA   0.300   0.2952  0.0497 norm 0.0500 
RA      2.000   1.9692  0.2481 gamm 0.2500 
DELTA   0.500   0.0077  0.0081 unif 0.2887 
RHOA    0.500   0.5405  0.0645 beta 0.1000 
SIGA    0.600   0.3710  0.0509 invg 4.0000 
THETA   1.500   1.1228  0.6497 gamm 0.7500 
KAPPA   2.000   1.0661  1.0979 gamm 1.5000 


Log data density [Laplace approximation] is -164.081040.


You did not declare endogenous variables after the estimation/calib_smoother command.

Initial value of the log posterior (or likelihood): -153.1493

MODE CHECK

Fval obtained by the minimization routine (minus the posterior/likelihood)): 153.149298

RESULTS FROM POSTERIOR ESTIMATION
parameters
    prior mean     mode    s.d. prior pstdev

ALPHA   0.300   0.2952  0.0497 norm 0.0500 
RA      2.000   1.9692  0.2481 gamm 0.2500 
DELTA   0.500   0.0077  0.0081 unif 0.2887 
RHOA    0.500   0.5405  0.0645 beta 0.1000 
SIGA    0.600   0.3710  0.0509 invg 4.0000 
THETA   1.500   1.1228  0.6497 gamm 0.7500 
KAPPA   2.000   1.0661  1.0979 gamm 1.5000 


Log data density [Laplace approximation] is -164.081040.

Estimation::mcmc: Multiple chains mode.
Estimation::mcmc: Old mh-files successfully erased!
Estimation::mcmc: Old metropolis.log file successfully erased!
Estimation::mcmc: Creation of a new metropolis.log file.
Estimation::mcmc: Searching for initial values...
Estimation::mcmc: Initial values found!

Estimation::mcmc: Write details about the MCMC... Ok!
Estimation::mcmc: Details about the MCMC are available in KimModTheBuilder/metropolis/KimModTheBuilder_mh_history_0.mat

ssh  @localhost rm -f //posterior_sampler_core_output_*.mat: Signal 127
ssh  @localhost rm -f //comp_status_posterior_sampler_core*.mat: Signal 127
ssh  @localhost rm -f //slaveParallel_break.mat: Signal 127

Estimation::mcmc: Number of mh files: 1 per block.
Estimation::mcmc: Total number of generated files: 4.
Estimation::mcmc: Total number of iterations: 1000000.
Estimation::mcmc: Current acceptance ratio per chain: 
                                                       Chain  1: 23.8647%
                                                       Chain  2: 24.0284%
                                                       Chain  3: 23.9005%
                                                       Chain  4: 23.9363%
Estimation::mcmc: Total number of MH draws per chain: 1000000.
Estimation::mcmc: Total number of generated MH files: 1.
Estimation::mcmc: I'll use mh-files 1 to 1.
Estimation::mcmc: In MH-file number 1 I'll start at line 500001.
Estimation::mcmc: Finally I keep 500000 draws per chain.



MCMC Inefficiency factors per block
Parameter       Block 1     Block 2     Block 3     Block 4
ALPHA           227.243     199.772     269.419     226.386
RA               35.945      35.341      37.363      34.900
DELTA           397.205     355.169     483.129     395.479
RHOA             35.094      36.552      37.772      35.842
SIGA            125.963     137.843     189.204     107.082
THETA            49.010      52.833      50.192      50.190
KAPPA            92.491     113.569     104.792     106.406

Estimation::mcmc::diagnostics: Univariate convergence diagnostic, Brooks and Gelman (1998):
ssh  @localhost rm -f //McMCDiagnostics_core_output_*.mat: Signal 127
ssh  @localhost rm -f //comp_status_McMCDiagnostics_core*.mat: Signal 127
ssh  @localhost rm -f //slaveParallel_break.mat: Signal 127

Estimation::marginal density: I'm computing the posterior mean and covariance...  Done!
Estimation::marginal density: I'm computing the posterior log marginal density (modified harmonic mean)... Done!


ESTIMATION RESULTS

Log data density is -163.634981.

parameters
        prior mean   post. mean        90% HPD interval    prior       pstdev

ALPHA        0.300       0.3247      0.2506      0.3976    norm       0.0500
RA           2.000       1.9998      1.5903      2.4104    gamm       0.2500
DELTA        0.500       0.0171      0.0000      0.0333    unif       0.2887
RHOA         0.500       0.5463      0.4392      0.6533    beta       0.1000
SIGA         0.600       0.3892      0.2881      0.4834    invg       4.0000
THETA        1.500       1.5034      0.3635      2.6167    gamm       0.7500
KAPPA        2.000       2.0039      0.0389      4.0119    gamm       1.5000
/bin/bash: pdflatex: command not found

ans =

   127

Total computing time : 0h34m20s
Note: warning(s) encountered in MATLAB/Octave code
