Starting preprocessing of the model file ...
Found 9 equation(s).
Evaluating expressions...done
Computing static model derivatives (order 1).
Computing dynamic model derivatives (order 2).
Processing outputs ...
done
Preprocessing completed.

STEADY-STATE RESULTS:

y       		 2.6827
c       		 2.01202
iv      		 0.670674
rk      		 0.03
k       		 26.827
lam     		 0.497012
q       		 1
a       		 1
upsilon 		 1




Residuals of the static equations:

Equation number 1 : 0 : foc household wrt c (marginal utility of consumption)
Equation number 2 : 0 : foc household wrt iv (Tobins Q)
Equation number 3 : 0 : foc household wrt k (Euler equation capital)
Equation number 4 : 0 : capital accumulation
Equation number 5 : 0 : production function
Equation number 6 : 0 : firm capital demand
Equation number 7 : 0 : market clearing (resource constraint)
Equation number 8 : 0 : Evolution of technology
Equation number 9 : 0 : Evolution of investment specific technology shock



EIGENVALUES:
         Modulus             Real        Imaginary

          0.3543           0.3543                0
             0.5              0.5                0
             0.5              0.5                0
          0.9787           0.9787                0
           1.027            1.027                0
           2.836            2.836                0
       9.309e+15       -9.309e+15                0
       8.498e+16        8.498e+16                0
       3.596e+18       -3.596e+18                0
       6.123e+20       -6.123e+20                0


There are 6 eigenvalue(s) larger than 1 in modulus 
for 6 forward-looking variable(s)

The rank condition is verified.

MODEL_DIAGNOSTICS:  No obvious problems with this mod-file were detected.
 

You did not declare endogenous variables after the estimation/calib_smoother command.
Initial value of the log posterior (or likelihood): -96.4111
-----------------
f at the beginning of new iteration,        96.4110777622
Predicted improvement:       10.270451993
lambda =          1; f =           96.4111538
lambda =    0.33333; f =          110.2295646
lambda =    0.11111; f =           95.8431244
lambda =   0.037037; f =           95.8272051
lambda =   0.071599; f =           95.6239264
Norm of dx   0.045322
----
Improvement on iteration 1 =        0.787151397
-----------------
f at the beginning of new iteration,        95.6239263653
Predicted improvement:        4.969904094
lambda =          1; f =          125.5724099
lambda =    0.33333; f =           97.9814186
lambda =    0.11111; f =           95.2060059
Norm of dx   0.038472
----
Improvement on iteration 2 =        0.417920493
-----------------
f at the beginning of new iteration,        95.2060058724
Predicted improvement:        0.121720406
lambda =          1; f =           94.9907869
lambda =     1.9332; f =           94.8424330
lambda =     3.7372; f =           94.7085625
Norm of dx  0.0043893
----
Improvement on iteration 3 =        0.497443362
-----------------
f at the beginning of new iteration,        94.7085625104
Predicted improvement:        0.310772537
lambda =          1; f =           94.1505455
lambda =     1.9332; f =           93.7508186
lambda =     3.7372; f =           93.3481334
Norm of dx   0.016094
----
Improvement on iteration 4 =        1.360429086
-----------------
f at the beginning of new iteration,        93.3481334246
Predicted improvement:        0.154257708
lambda =          1; f =           93.1887460
Norm of dx   0.011286
----
Improvement on iteration 5 =        0.159387384
-----------------
f at the beginning of new iteration,        93.1887460405
Predicted improvement:        0.017148618
lambda =          1; f =           93.1580539
lambda =     1.9332; f =           93.1359958
lambda =     3.7372; f =           93.1120168
Norm of dx  0.0023726
----
Improvement on iteration 6 =        0.076729200
-----------------
f at the beginning of new iteration,        93.1120168407
Predicted improvement:        0.070354078
lambda =          1; f =           92.9769719
lambda =     1.9332; f =           92.8614374
lambda =     3.7372; f =           92.6686132
lambda =     7.2247; f =           92.4238066
Norm of dx   0.011402
----
Improvement on iteration 7 =        0.688210209
-----------------
f at the beginning of new iteration,        92.4238066321
Predicted improvement:        0.637724277
lambda =          1; f =           91.4826864
lambda =     1.9332; f =           91.3267763
Norm of dx    0.10175
----
Improvement on iteration 8 =        1.097030350
-----------------
f at the beginning of new iteration,        91.3267762817
Predicted improvement:        0.320114118
lambda =          1; f =           91.1572981
lambda =    0.33333; f =           91.1703284
lambda =    0.64439; f =           91.1186963
Norm of dx   0.046776
----
Improvement on iteration 9 =        0.208080017
-----------------
f at the beginning of new iteration,        91.1186962651
Predicted improvement:        0.019518616
lambda =          1; f =           91.0899140
lambda =     1.9332; f =           91.0813093
Norm of dx  0.0093371
----
Improvement on iteration 10 =        0.037386933
-----------------
f at the beginning of new iteration,        91.0813093321
Predicted improvement:        0.028657849
lambda =          1; f =           91.0319766
lambda =     1.9332; f =           91.0002006
lambda =     3.7372; f =           90.9773542
Norm of dx  0.0045044
----
Improvement on iteration 11 =        0.103955168
-----------------
f at the beginning of new iteration,        90.9773541644
Predicted improvement:        0.073756196
lambda =          1; f =           90.8492266
lambda =     1.9332; f =           90.7647180
lambda =     3.7372; f =           90.6989051
Norm of dx   0.020964
----
Improvement on iteration 12 =        0.278449085
-----------------
f at the beginning of new iteration,        90.6989050790
Predicted improvement:        0.015111306
lambda =          1; f =           90.6840546
Norm of dx  0.0068479
----
Improvement on iteration 13 =        0.014850493
-----------------
f at the beginning of new iteration,        90.6840545861
Predicted improvement:        0.005140822
lambda =          1; f =           90.6738588
lambda =     1.9332; f =           90.6645062
lambda =     3.7372; f =           90.6468696
lambda =     7.2247; f =           90.6144344
lambda =     13.967; f =           90.5579474
lambda =         27; f =           90.4720890
lambda =     52.196; f =           90.3942924
Norm of dx  0.0015505
----
Improvement on iteration 14 =        0.289762217
-----------------
f at the beginning of new iteration,        90.3942923691
Predicted improvement:        0.089985550
lambda =          1; f =           90.2876959
Norm of dx   0.029777
----
Improvement on iteration 15 =        0.106596468
-----------------
f at the beginning of new iteration,        90.2876959015
Predicted improvement:        0.008881693
lambda =          1; f =           90.2753446
Norm of dx  0.0091143
----
Improvement on iteration 16 =        0.012351338
-----------------
f at the beginning of new iteration,        90.2753445633
Predicted improvement:        0.007436080
lambda =          1; f =           90.2628099
lambda =     1.9332; f =           90.2552998
Norm of dx  0.0066154
----
Improvement on iteration 17 =        0.020044804
-----------------
f at the beginning of new iteration,        90.2552997594
Predicted improvement:        0.019488214
lambda =          1; f =           90.2205311
lambda =     1.9332; f =           90.1956989
lambda =     3.7372; f =           90.1686566
Norm of dx   0.013601
----
Improvement on iteration 18 =        0.086643166
-----------------
f at the beginning of new iteration,        90.1686565937
Predicted improvement:        0.062501358
lambda =          1; f =           90.0551869
lambda =     1.9332; f =           89.9702718
lambda =     3.7372; f =           89.8643867
Norm of dx   0.027932
----
Improvement on iteration 19 =        0.304269855
-----------------
f at the beginning of new iteration,        89.8643867383
Predicted improvement:        0.124295733
lambda =          1; f =           89.7021641
Norm of dx   0.039716
----
Improvement on iteration 20 =        0.162222621
-----------------
f at the beginning of new iteration,        89.7021641178
Predicted improvement:        0.027863238
lambda =          1; f =           89.6670779
Norm of dx   0.016145
----
Improvement on iteration 21 =        0.035086239
-----------------
f at the beginning of new iteration,        89.6670778788
Predicted improvement:        0.008968517
lambda =          1; f =           89.6527516
lambda =     1.9332; f =           89.6456034
Norm of dx   0.012406
----
Improvement on iteration 22 =        0.021474429
-----------------
f at the beginning of new iteration,        89.6456034497
Predicted improvement:        0.010927984
lambda =          1; f =           89.6258360
lambda =     1.9332; f =           89.6111243
lambda =     3.7372; f =           89.5925642
Norm of dx   0.011985
----
Improvement on iteration 23 =        0.053039239
-----------------
f at the beginning of new iteration,        89.5925642112
Predicted improvement:        0.043136722
lambda =          1; f =           89.5154762
lambda =     1.9332; f =           89.4606471
lambda =     3.7372; f =           89.4044800
Norm of dx   0.029493
----
Improvement on iteration 24 =        0.188084241
-----------------
f at the beginning of new iteration,        89.4044799701
Predicted improvement:        0.153226713
lambda =          1; f =           89.1312342
lambda =     1.9332; f =           88.9432354
lambda =     3.7372; f =           88.8320298
Norm of dx   0.063678
----
Improvement on iteration 25 =        0.572450159
-----------------
f at the beginning of new iteration,        88.8320298107
Predicted improvement:        0.428012106
lambda =          1; f =           89.0864928
lambda =    0.33333; f =           88.6405708
Norm of dx   0.098037
----
Improvement on iteration 26 =        0.191459050
-----------------
f at the beginning of new iteration,        88.6405707611
Predicted improvement:        0.127563283
lambda =          1; f =           88.5747266
lambda =    0.33333; f =           88.5777071
lambda =    0.64439; f =           88.5569933
Norm of dx   0.046702
----
Improvement on iteration 27 =        0.083577453
-----------------
f at the beginning of new iteration,        88.5569933080
Predicted improvement:        0.013304221
lambda =          1; f =           88.5455762
Norm of dx    0.01034
----
Improvement on iteration 28 =        0.011417115
-----------------
f at the beginning of new iteration,        88.5455761927
Predicted improvement:        0.001029298
lambda =          1; f =           88.5447306
Norm of dx  0.0027605
----
Improvement on iteration 29 =        0.000845598
-----------------
f at the beginning of new iteration,        88.5447305949
Predicted improvement:        0.000087710
lambda =          1; f =           88.5446433
Norm of dx    0.00149
----
Improvement on iteration 30 =        0.000087247
-----------------
f at the beginning of new iteration,        88.5446433483
Predicted improvement:        0.000015558
lambda =          1; f =           88.5446175
lambda =     1.9332; f =           88.5446003
lambda =     3.7372; f =           88.5445859
Norm of dx 0.00025513
----
Improvement on iteration 31 =        0.000057434
-----------------
f at the beginning of new iteration,        88.5445859140
Predicted improvement:        0.000062773
lambda =          1; f =           88.5444635
lambda =     1.9332; f =           88.5443553
lambda =     3.7372; f =           88.5441626
lambda =     7.2247; f =           88.5438521
lambda =     13.967; f =           88.5434832
Norm of dx 0.00031618
----
Improvement on iteration 32 =        0.001102682
-----------------
f at the beginning of new iteration,        88.5434832316
Predicted improvement:        0.001136090
lambda =          1; f =           88.5415247
lambda =     1.9332; f =           88.5402817
lambda =     3.7372; f =           88.5394695
Norm of dx   0.006077
----
Improvement on iteration 33 =        0.004013754
-----------------
f at the beginning of new iteration,        88.5394694771
Predicted improvement:        0.000856747
lambda =          1; f =           88.5383621
Norm of dx  0.0034825
----
Improvement on iteration 34 =        0.001107367
-----------------
f at the beginning of new iteration,        88.5383621105
Predicted improvement:        0.000107138
lambda =          1; f =           88.5382525
Norm of dx  0.0012302
----
Improvement on iteration 35 =        0.000109607
-----------------
f at the beginning of new iteration,        88.5382525031
Predicted improvement:        0.000000061
lambda =          1; f =           88.5382524
lambda =     1.9332; f =           88.5382524
Norm of dx  4.874e-05
----
Improvement on iteration 36 =        0.000000100
improvement < crit termination

Final value of minus the log posterior (or likelihood):88.538252 

MODE CHECK

Fval obtained by the minimization routine (minus the posterior/likelihood)): 88.538252
[Warning: MATLAB has disabled some advanced graphics rendering features by
switching to software OpenGL. For more information, click <a
href="matlab:opengl('problems')">here</a>.] 

RESULTS FROM POSTERIOR ESTIMATION
parameters
         prior mean     mode    s.d. prior pstdev

ALPHA        0.300   0.3150  0.0108 norm 0.0500 
RA           2.000   1.9539  0.2454 gamm 0.2500 
DELTA        0.500   0.0193  0.0031 unif 0.2887 
RHOA         0.500   0.4801  0.0647 beta 0.1000 
SIGA         0.600   0.5589  0.0734 invg 4.0000 
THETA        1.500   0.8173  0.1803 gamm 0.7500 
KAPPA        2.000   1.7198  0.1911 gamm 1.5000 
RHOUPSILON   0.500   0.4108  0.0723 beta 0.1000 
SIGUPSILON   0.600   0.3370  0.0567 invg 4.0000 


Log data density [Laplace approximation] is -109.324534.


You did not declare endogenous variables after the estimation/calib_smoother command.

Initial value of the log posterior (or likelihood): -88.5383

MODE CHECK

Fval obtained by the minimization routine (minus the posterior/likelihood)): 88.538252

RESULTS FROM POSTERIOR ESTIMATION
parameters
         prior mean     mode    s.d. prior pstdev

ALPHA        0.300   0.3150  0.0108 norm 0.0500 
RA           2.000   1.9539  0.2454 gamm 0.2500 
DELTA        0.500   0.0193  0.0031 unif 0.2887 
RHOA         0.500   0.4801  0.0647 beta 0.1000 
SIGA         0.600   0.5589  0.0734 invg 4.0000 
THETA        1.500   0.8173  0.1803 gamm 0.7500 
KAPPA        2.000   1.7198  0.1911 gamm 1.5000 
RHOUPSILON   0.500   0.4108  0.0723 beta 0.1000 
SIGUPSILON   0.600   0.3370  0.0567 invg 4.0000 


Log data density [Laplace approximation] is -109.324534.

Estimation::mcmc: Multiple chains mode.
Estimation::mcmc: Old mh-files successfully erased!
Estimation::mcmc: Old metropolis.log file successfully erased!
Estimation::mcmc: Creation of a new metropolis.log file.
Estimation::mcmc: Searching for initial values...
Estimation::mcmc: Initial values found!

Estimation::mcmc: Write details about the MCMC... Ok!
Estimation::mcmc: Details about the MCMC are available in KimModTheBuilder/metropolis/KimModTheBuilder_mh_history_0.mat

ssh  @localhost rm -f //posterior_sampler_core_output_*.mat: Signal 127
ssh  @localhost rm -f //comp_status_posterior_sampler_core*.mat: Signal 127
ssh  @localhost rm -f //slaveParallel_break.mat: Signal 127

Estimation::mcmc: Number of mh files: 1 per block.
Estimation::mcmc: Total number of generated files: 4.
Estimation::mcmc: Total number of iterations: 1000000.
Estimation::mcmc: Current acceptance ratio per chain: 
                                                       Chain  1: 27.7159%
                                                       Chain  2: 27.7264%
                                                       Chain  3: 27.7419%
                                                       Chain  4: 27.6985%
Estimation::mcmc: Total number of MH draws per chain: 1000000.
Estimation::mcmc: Total number of generated MH files: 1.
Estimation::mcmc: I'll use mh-files 1 to 1.
Estimation::mcmc: In MH-file number 1 I'll start at line 500001.
Estimation::mcmc: Finally I keep 500000 draws per chain.



MCMC Inefficiency factors per block
Parameter        Block 1     Block 2     Block 3     Block 4
ALPHA             73.277     113.935      83.314      70.221
RA                30.684      28.776      29.155      31.670
DELTA            181.125     334.020     239.153     132.101
RHOA              33.601      40.130      34.384      35.486
SIGA             115.252     214.989     153.941     101.834
THETA             57.621      71.000      62.513      59.404
KAPPA             55.463      67.515      59.457      53.659
RHOUPSILON        31.144      32.294      33.518      30.860
SIGUPSILON       111.852     208.706     151.896     106.756

Estimation::mcmc::diagnostics: Univariate convergence diagnostic, Brooks and Gelman (1998):
ssh  @localhost rm -f //McMCDiagnostics_core_output_*.mat: Signal 127
ssh  @localhost rm -f //comp_status_McMCDiagnostics_core*.mat: Signal 127
ssh  @localhost rm -f //slaveParallel_break.mat: Signal 127

Estimation::marginal density: I'm computing the posterior mean and covariance...  Done!
Estimation::marginal density: I'm computing the posterior log marginal density (modified harmonic mean)... Done!


ESTIMATION RESULTS

Log data density is -108.836108.

parameters
             prior mean   post. mean        90% HPD interval    prior       pstdev

ALPHA             0.300       0.3102      0.2905      0.3294    norm       0.0500
RA                2.000       1.9898      1.5793      2.3883    gamm       0.2500
DELTA             0.500       0.0225      0.0151      0.0298    unif       0.2887
RHOA              0.500       0.5039      0.3958      0.6113    beta       0.1000
SIGA              0.600       0.6235      0.4660      0.7783    invg       4.0000
THETA             1.500       0.9479      0.5802      1.2981    gamm       0.7500
KAPPA             2.000       1.8502      1.4772      2.2118    gamm       1.5000
RHOUPSILON        0.500       0.4321      0.3119      0.5530    beta       0.1000
SIGUPSILON        0.600       0.4114      0.2769      0.5408    invg       4.0000
/bin/bash: pdflatex: command not found

ans =

   127

Total computing time : 0h51m24s
Note: warning(s) encountered in MATLAB/Octave code
