Starting preprocessing of the model file ...
Found 9 equation(s).
Evaluating expressions...done
Computing static model derivatives (order 1).
Computing dynamic model derivatives (order 2).
Processing outputs ...
done
Preprocessing completed.

STEADY-STATE RESULTS:

y       		 2.6827
c       		 2.01202
iv      		 0.670674
rk      		 0.03
k       		 26.827
lam     		 0.497012
q       		 1
a       		 1
upsilon 		 1




Residuals of the static equations:

Equation number 1 : 0 : foc household wrt c (marginal utility of consumption)
Equation number 2 : 0 : foc household wrt iv (Tobins Q)
Equation number 3 : 0 : foc household wrt k (Euler equation capital)
Equation number 4 : 0 : capital accumulation
Equation number 5 : 0 : production function
Equation number 6 : 0 : firm capital demand
Equation number 7 : 0 : market clearing (resource constraint)
Equation number 8 : 0 : Evolution of technology
Equation number 9 : 0 : Evolution of investment specific technology shock



EIGENVALUES:
         Modulus             Real        Imaginary

          0.3543           0.3543                0
             0.5              0.5                0
             0.5              0.5                0
          0.9787           0.9787                0
           1.027            1.027                0
           2.836            2.836                0
       9.309e+15       -9.309e+15                0
       8.498e+16        8.498e+16                0
       3.596e+18       -3.596e+18                0
       6.123e+20       -6.123e+20                0


There are 6 eigenvalue(s) larger than 1 in modulus 
for 6 forward-looking variable(s)

The rank condition is verified.

MODEL_DIAGNOSTICS:  No obvious problems with this mod-file were detected.
 

You did not declare endogenous variables after the estimation/calib_smoother command.
Initial value of the log posterior (or likelihood): -276.3181
-----------------
f at the beginning of new iteration,       276.3181195693
Predicted improvement:       22.428210314
lambda =          1; f =          276.3182608
lambda =    0.33333; f =          344.7992539
lambda =    0.11111; f =          278.6065450
lambda =   0.037037; f =          275.4209658
Norm of dx   0.066975
----
Improvement on iteration 1 =        0.897153722
-----------------
f at the beginning of new iteration,       275.4209658472
Predicted improvement:       15.188224825
lambda =          1; f =          769.8417259
lambda =    0.33333; f =          359.7805368
lambda =    0.11111; f =          284.4558657
lambda =   0.037037; f =          275.7548836
lambda =   0.012346; f =          275.2110242
Norm of dx    0.07148
----
Improvement on iteration 2 =        0.209941649
-----------------
f at the beginning of new iteration,       275.2110241977
Predicted improvement:        0.139431084
lambda =          1; f =          274.9545915
lambda =     1.9332; f =          274.7555416
lambda =     3.7372; f =          274.4795996
lambda =     7.2247; f =          274.3450082
Norm of dx  0.0051568
----
Improvement on iteration 3 =        0.866015990
-----------------
f at the beginning of new iteration,       274.3450082077
Predicted improvement:        0.328511348
lambda =          1; f =          273.8730341
lambda =     1.9332; f =          273.7765770
Norm of dx  0.0095161
----
Improvement on iteration 4 =        0.568431198
-----------------
f at the beginning of new iteration,       273.7765770097
Predicted improvement:        0.025637197
lambda =          1; f =          273.7422829
Norm of dx  0.0022663
----
Improvement on iteration 5 =        0.034294137
-----------------
f at the beginning of new iteration,       273.7422828730
Predicted improvement:        0.015426394
lambda =          1; f =          273.7169438
lambda =     1.9332; f =          273.7032543
Norm of dx  0.0029921
----
Improvement on iteration 6 =        0.039028567
-----------------
f at the beginning of new iteration,       273.7032543058
Predicted improvement:        0.026792248
lambda =          1; f =          273.6577496
lambda =     1.9332; f =          273.6300196
lambda =     3.7372; f =          273.6178206
Norm of dx  0.0061407
----
Improvement on iteration 7 =        0.085433682
-----------------
f at the beginning of new iteration,       273.6178206235
Predicted improvement:        0.033787587
lambda =          1; f =          273.5641171
lambda =     1.9332; f =          273.5390933
Norm of dx  0.0028888
----
Improvement on iteration 8 =        0.078727296
-----------------
f at the beginning of new iteration,       273.5390933274
Predicted improvement:        0.026011093
lambda =          1; f =          273.4935801
lambda =     1.9332; f =          273.4629784
lambda =     3.7372; f =          273.4372231
Norm of dx  0.0073164
----
Improvement on iteration 9 =        0.101870197
-----------------
f at the beginning of new iteration,       273.4372231305
Predicted improvement:        0.057042956
lambda =          1; f =          273.3392891
lambda =     1.9332; f =          273.2771683
lambda =     3.7372; f =          273.2389120
Norm of dx   0.012379
----
Improvement on iteration 10 =        0.198311154
-----------------
f at the beginning of new iteration,       273.2389119767
Predicted improvement:        0.008259959
lambda =          1; f =          273.2271427
lambda =     1.9332; f =          273.2246833
Norm of dx  0.0044583
----
Improvement on iteration 11 =        0.014228633
-----------------
f at the beginning of new iteration,       273.2246833437
Predicted improvement:        0.007574357
lambda =          1; f =          273.2100692
lambda =     1.9332; f =          273.1973764
lambda =     3.7372; f =          273.1754322
lambda =     7.2247; f =          273.1427485
lambda =     13.967; f =          273.1163007
Norm of dx  0.0028389
----
Improvement on iteration 12 =        0.108382681
-----------------
f at the beginning of new iteration,       273.1163006624
Predicted improvement:        0.054145943
lambda =          1; f =          273.0374079
lambda =     1.9332; f =          273.0152334
Norm of dx    0.01752
----
Improvement on iteration 13 =        0.101067248
-----------------
f at the beginning of new iteration,       273.0152334146
Predicted improvement:        0.006547012
lambda =          1; f =          273.0046781
lambda =     1.9332; f =          272.9993783
Norm of dx  0.0033949
----
Improvement on iteration 14 =        0.015855092
-----------------
f at the beginning of new iteration,       272.9993783228
Predicted improvement:        0.012646547
lambda =          1; f =          272.9753852
lambda =     1.9332; f =          272.9553446
lambda =     3.7372; f =          272.9229310
lambda =     7.2247; f =          272.8833064
Norm of dx  0.0042431
----
Improvement on iteration 15 =        0.116071929
-----------------
f at the beginning of new iteration,       272.8833063934
Predicted improvement:        0.099006396
lambda =          1; f =          272.7103219
lambda =     1.9332; f =          272.5960043
lambda =     3.7372; f =          272.5169795
Norm of dx   0.046943
----
Improvement on iteration 16 =        0.366326862
-----------------
f at the beginning of new iteration,       272.5169795318
Predicted improvement:        0.078686148
lambda =          1; f =          272.4077105
Norm of dx    0.01533
----
Improvement on iteration 17 =        0.109269054
-----------------
f at the beginning of new iteration,       272.4077104782
Predicted improvement:        0.027285116
lambda =          1; f =          272.3769457
Norm of dx   0.010582
----
Improvement on iteration 18 =        0.030764786
-----------------
f at the beginning of new iteration,       272.3769456923
Predicted improvement:        0.006449896
lambda =          1; f =          272.3647115
lambda =     1.9332; f =          272.3544881
lambda =     3.7372; f =          272.3380373
lambda =     7.2247; f =          272.3189190
Norm of dx  0.0041207
----
Improvement on iteration 19 =        0.058026681
-----------------
f at the beginning of new iteration,       272.3189190112
Predicted improvement:        0.058920192
lambda =          1; f =          272.2109921
lambda =     1.9332; f =          272.1290126
lambda =     3.7372; f =          272.0278250
Norm of dx   0.027073
----
Improvement on iteration 20 =        0.291094039
-----------------
f at the beginning of new iteration,       272.0278249717
Predicted improvement:        0.160144686
lambda =          1; f =          271.8323877
Norm of dx   0.071952
----
Improvement on iteration 21 =        0.195437252
-----------------
f at the beginning of new iteration,       271.8323877200
Predicted improvement:        0.027812038
lambda =          1; f =          271.8074733
Norm of dx   0.017204
----
Improvement on iteration 22 =        0.024914388
-----------------
f at the beginning of new iteration,       271.8074733324
Predicted improvement:        0.001224224
lambda =          1; f =          271.8066723
Norm of dx  0.0077925
----
Improvement on iteration 23 =        0.000801001
-----------------
f at the beginning of new iteration,       271.8066723312
Predicted improvement:        0.000143401
lambda =          1; f =          271.8065350
Norm of dx  0.0023568
----
Improvement on iteration 24 =        0.000137356
-----------------
f at the beginning of new iteration,       271.8065349754
Predicted improvement:        0.000005056
lambda =          1; f =          271.8065274
lambda =     1.9332; f =          271.8065276
Norm of dx 0.00021602
----
Improvement on iteration 25 =        0.000007594
-----------------
f at the beginning of new iteration,       271.8065273812
Predicted improvement:        0.000005399
lambda =          1; f =          271.8065165
lambda =     1.9332; f =          271.8065071
lambda =     3.7372; f =          271.8064912
lambda =     7.2247; f =          271.8064691
lambda =     13.967; f =          271.8064579
Norm of dx 0.00010605
----
Improvement on iteration 26 =        0.000069480
-----------------
f at the beginning of new iteration,       271.8064579011
Predicted improvement:        0.000062250
lambda =          1; f =          271.8063374
lambda =     1.9332; f =          271.8062349
lambda =     3.7372; f =          271.8060635
lambda =     7.2247; f =          271.8058328
Norm of dx 0.00046602
----
Improvement on iteration 27 =        0.000625103
-----------------
f at the beginning of new iteration,       271.8058327986
Predicted improvement:        0.000461475
lambda =          1; f =          271.8051631
lambda =     1.9332; f =          271.8050379
Norm of dx  0.0057146
----
Improvement on iteration 28 =        0.000794913
-----------------
f at the beginning of new iteration,       271.8050378851
Predicted improvement:        0.000080999
lambda =          1; f =          271.8049482
Norm of dx  0.0015863
----
Improvement on iteration 29 =        0.000089660
-----------------
f at the beginning of new iteration,       271.8049482248
Predicted improvement:        0.000002562
lambda =          1; f =          271.8049452
Norm of dx 0.00013978
----
Improvement on iteration 30 =        0.000003064
-----------------
f at the beginning of new iteration,       271.8049451608
Predicted improvement:        0.000000007
lambda =          1; f =          271.8049450
lambda =     1.9332; f =          271.8049449
lambda =     3.7372; f =          271.8049447
lambda =     7.2247; f =          271.8049445
lambda =     13.967; f =          271.8049447
lambda =         27; f =          271.8049470
lambda =      18.18; f =          271.8049451
lambda =     12.242; f =          271.8049446
lambda =      15.52; f =          271.8049448
lambda =     19.677; f =          271.8049454
lambda =     17.065; f =          271.8049450
Norm of dx 2.6246e-05
----
Improvement on iteration 31 =        0.000000615
warning: possible inaccuracy in H matrix
-----------------
f at the beginning of new iteration,       271.8049445459
Predicted improvement:        0.000000304
lambda =          1; f =          271.8049450
lambda =    0.33333; f =          271.8049446
lambda =    0.11111; f =          271.8049446
lambda =   0.037037; f =          271.8049446
lambda =   0.012346; f =          271.8049445
lambda =  0.0041152; f =          271.8049445
lambda =  0.0013717; f =          271.8049445
lambda = 0.00045725; f =          271.8049445
lambda = 0.00015242; f =          271.8049445
lambda = 5.0805e-05; f =          271.8049445
lambda = 1.6935e-05; f =          271.8049445
lambda =  5.645e-06; f =          271.8049445
lambda = 1.8817e-06; f =          271.8049445
lambda = 6.2723e-07; f =          271.8049445
lambda = 2.0908e-07; f =          271.8049445
lambda = 6.9692e-08; f =          271.8049445
lambda = 2.3231e-08; f =          271.8049445
lambda = 7.7435e-09; f =          271.8049445
lambda = 2.5812e-09; f =          271.8049445

lambda =

  -6.2723e-07

lambda = -6.2723e-07; f =          271.8049445
lambda = -2.0908e-07; f =          271.8049445
lambda = -6.9692e-08; f =          271.8049445
lambda = -2.3231e-08; f =          271.8049445
lambda = -7.7435e-09; f =          271.8049445
lambda = -2.5812e-09; f =          271.8049445
Norm of dx 0.00016447
----
Improvement on iteration 32 =        0.000000000
improvement < crit termination
smallest step still improving too slow, reversed gradient

Final value of minus the log posterior (or likelihood):271.804945 

MODE CHECK

Fval obtained by the minimization routine (minus the posterior/likelihood)): 271.804945
[Warning: MATLAB has disabled some advanced graphics rendering features by
switching to software OpenGL. For more information, click <a
href="matlab:opengl('problems')">here</a>.] 

RESULTS FROM POSTERIOR ESTIMATION
parameters
         prior mean     mode    s.d. prior pstdev

ALPHA        0.300   0.3067  0.0071 norm 0.0500 
RA           2.000   1.9973  0.2495 gamm 0.2500 
DELTA        0.500   0.0230  0.0030 unif 0.2887 
RHOA         0.500   0.4346  0.0455 beta 0.1000 
SIGA         0.600   0.5710  0.0503 invg 4.0000 
THETA        1.500   1.0544  0.1843 gamm 0.7500 
KAPPA        2.000   1.7932  0.1432 gamm 1.5000 
RHOUPSILON   0.500   0.4558  0.0484 beta 0.1000 
SIGUPSILON   0.600   0.4743  0.0637 invg 4.0000 


Log data density [Laplace approximation] is -295.241404.


You did not declare endogenous variables after the estimation/calib_smoother command.

Initial value of the log posterior (or likelihood): -271.8049

MODE CHECK

Fval obtained by the minimization routine (minus the posterior/likelihood)): 271.804945

RESULTS FROM POSTERIOR ESTIMATION
parameters
         prior mean     mode    s.d. prior pstdev

ALPHA        0.300   0.3067  0.0071 norm 0.0500 
RA           2.000   1.9973  0.2495 gamm 0.2500 
DELTA        0.500   0.0230  0.0030 unif 0.2887 
RHOA         0.500   0.4346  0.0455 beta 0.1000 
SIGA         0.600   0.5710  0.0503 invg 4.0000 
THETA        1.500   1.0544  0.1843 gamm 0.7500 
KAPPA        2.000   1.7932  0.1432 gamm 1.5000 
RHOUPSILON   0.500   0.4558  0.0484 beta 0.1000 
SIGUPSILON   0.600   0.4743  0.0637 invg 4.0000 


Log data density [Laplace approximation] is -295.241404.

Estimation::mcmc: Multiple chains mode.
Estimation::mcmc: Old mh-files successfully erased!
Estimation::mcmc: Old metropolis.log file successfully erased!
Estimation::mcmc: Creation of a new metropolis.log file.
Estimation::mcmc: Searching for initial values...
Estimation::mcmc: Initial values found!

Estimation::mcmc: Write details about the MCMC... Ok!
Estimation::mcmc: Details about the MCMC are available in KimModTheBuilder/metropolis/KimModTheBuilder_mh_history_0.mat

ssh  @localhost rm -f //posterior_sampler_core_output_*.mat: Signal 127
ssh  @localhost rm -f //comp_status_posterior_sampler_core*.mat: Signal 127
ssh  @localhost rm -f //slaveParallel_break.mat: Signal 127

Estimation::mcmc: Number of mh files: 1 per block.
Estimation::mcmc: Total number of generated files: 4.
Estimation::mcmc: Total number of iterations: 1000000.
Estimation::mcmc: Current acceptance ratio per chain: 
                                                       Chain  1: 27.0446%
                                                       Chain  2: 26.9559%
                                                       Chain  3: 27.0839%
                                                       Chain  4: 27.0093%
Estimation::mcmc: Total number of MH draws per chain: 1000000.
Estimation::mcmc: Total number of generated MH files: 1.
Estimation::mcmc: I'll use mh-files 1 to 1.
Estimation::mcmc: In MH-file number 1 I'll start at line 500001.
Estimation::mcmc: Finally I keep 500000 draws per chain.



MCMC Inefficiency factors per block
Parameter        Block 1     Block 2     Block 3     Block 4
ALPHA             45.259      88.329      55.718      52.889
RA                30.534      31.307      31.942      34.032
DELTA             66.217     244.934     108.793      86.330
RHOA              32.539      38.050      32.767      32.751
SIGA              59.920     162.432      82.311      72.440
THETA             46.040      48.368      49.724      47.866
KAPPA             44.563      46.942      52.588      46.983
RHOUPSILON        29.737      31.816      32.265      28.869
SIGUPSILON        57.539     108.799      80.091      71.763

Estimation::mcmc::diagnostics: Univariate convergence diagnostic, Brooks and Gelman (1998):
ssh  @localhost rm -f //McMCDiagnostics_core_output_*.mat: Signal 127
ssh  @localhost rm -f //comp_status_McMCDiagnostics_core*.mat: Signal 127
ssh  @localhost rm -f //slaveParallel_break.mat: Signal 127
