Starting preprocessing of the model file ...
Found 8 equation(s).
Evaluating expressions...done
Computing static model derivatives (order 1).
Computing dynamic model derivatives (order 2).
Processing outputs ...
done
Preprocessing completed.

STEADY-STATE RESULTS:

y   		 2.6827
c   		 2.01202
iv  		 0.670674
rk  		 0.03
k   		 26.827
lam 		 0.497012
q   		 1
a   		 1




Residuals of the static equations:

Equation number 1 : 0 : foc household wrt c (marginal utility of consumption)
Equation number 2 : 0 : foc household wrt iv (Tobins Q)
Equation number 3 : 0 : foc household wrt k (Euler equation capital)
Equation number 4 : 0 : capital accumulation
Equation number 5 : 0 : production function
Equation number 6 : 0 : firm capital demand
Equation number 7 : 0 : market clearing (resource constraint)
Equation number 8 : 0 : Evolution of technology



EIGENVALUES:
         Modulus             Real        Imaginary

             0.5              0.5                0
          0.9849           0.9849                0
            1.02             1.02                0
       1.693e+17       -1.693e+17                0
       2.057e+17       -2.057e+17                0
       2.256e+17       -2.256e+17                0
       1.435e+20       -1.435e+20                0


There are 5 eigenvalue(s) larger than 1 in modulus 
for 5 forward-looking variable(s)

The rank condition is verified.

MODEL_DIAGNOSTICS:  No obvious problems with this mod-file were detected.
 

You did not declare endogenous variables after the estimation/calib_smoother command.
Initial value of the log posterior (or likelihood): -491.006
-----------------
f at the beginning of new iteration,       491.0059823922
Predicted improvement:        2.596881261
lambda =          1; f =          519.7903362
lambda =    0.33333; f =          494.0566056
lambda =    0.11111; f =          491.0143698
lambda =   0.037037; f =          490.8809629
Norm of dx    0.02279
----
Improvement on iteration 1 =        0.125019476
-----------------
f at the beginning of new iteration,       490.8809629164
Predicted improvement:        0.218568099
lambda =          1; f =          490.4670755
lambda =     1.9332; f =          490.1223070
lambda =     3.7372; f =          489.5664987
lambda =     7.2247; f =          488.8940037
Norm of dx  0.0067723
----
Improvement on iteration 2 =        1.986959191
-----------------
f at the beginning of new iteration,       488.8940037253
Predicted improvement:        0.863350166
lambda =          1; f =          487.7038094
Norm of dx   0.042196
----
Improvement on iteration 3 =        1.190194326
-----------------
f at the beginning of new iteration,       487.7038093990
Predicted improvement:        0.324666309
lambda =          1; f =          487.3296845
Norm of dx   0.021869
----
Improvement on iteration 4 =        0.374124943
-----------------
f at the beginning of new iteration,       487.3296844563
Predicted improvement:        0.026135571
lambda =          1; f =          487.2917702
lambda =     1.9332; f =          487.2828688
Norm of dx  0.0023337
----
Improvement on iteration 5 =        0.046815648
-----------------
f at the beginning of new iteration,       487.2828688086
Predicted improvement:        0.018904099
lambda =          1; f =          487.2461614
lambda =     1.9332; f =          487.2138121
lambda =     3.7372; f =          487.1564191
lambda =     7.2247; f =          487.0642677
lambda =     13.967; f =          486.9539919
Norm of dx   0.002304
----
Improvement on iteration 6 =        0.328876898
-----------------
f at the beginning of new iteration,       486.9539919108
Predicted improvement:        0.077352418
lambda =          1; f =          486.9349923
lambda =    0.33333; f =          486.9149356
lambda =    0.64439; f =          486.9050888
Norm of dx   0.022199
----
Improvement on iteration 7 =        0.048903108
-----------------
f at the beginning of new iteration,       486.9050888027
Predicted improvement:        0.004494451
lambda =          1; f =          486.9009173
Norm of dx  0.0029655
----
Improvement on iteration 8 =        0.004171529
-----------------
f at the beginning of new iteration,       486.9009172738
Predicted improvement:        0.000389526
lambda =          1; f =          486.9002018
lambda =     1.9332; f =          486.8996551
lambda =     3.7372; f =          486.8989299
Norm of dx 0.00030677
----
Improvement on iteration 9 =        0.001987400
-----------------
f at the beginning of new iteration,       486.8989298734
Predicted improvement:        0.001761263
lambda =          1; f =          486.8959434
lambda =     1.9332; f =          486.8942622
Norm of dx  0.0017874
----
Improvement on iteration 10 =        0.004667690
-----------------
f at the beginning of new iteration,       486.8942621831
Predicted improvement:        0.002314685
lambda =          1; f =          486.8909336
lambda =     1.9332; f =          486.8902378
Norm of dx  0.0029489
----
Improvement on iteration 11 =        0.004024352
-----------------
f at the beginning of new iteration,       486.8902378312
Predicted improvement:        0.000562742
lambda =          1; f =          486.8895775
Norm of dx  0.0011634
----
Improvement on iteration 12 =        0.000660368
-----------------
f at the beginning of new iteration,       486.8895774632
Predicted improvement:        0.000110064
lambda =          1; f =          486.8893974
lambda =     1.9332; f =          486.8892981
Norm of dx 0.00026507
----
Improvement on iteration 13 =        0.000279322
-----------------
f at the beginning of new iteration,       486.8892981413
Predicted improvement:        0.000237286
lambda =          1; f =          486.8888594
lambda =     1.9332; f =          486.8885139
lambda =     3.7372; f =          486.8880201
lambda =     7.2247; f =          486.8877150
Norm of dx 0.00054303
----
Improvement on iteration 14 =        0.001583141
-----------------
f at the beginning of new iteration,       486.8877150002
Predicted improvement:        0.001343874
lambda =          1; f =          486.8850475
lambda =     1.9332; f =          486.8825999
lambda =     3.7372; f =          486.8779826
lambda =     7.2247; f =          486.8694837
lambda =     13.967; f =          486.8546513
lambda =         27; f =          486.8319603
lambda =     52.196; f =          486.8105217
Norm of dx   0.002425
----
Improvement on iteration 15 =        0.077193261
-----------------
f at the beginning of new iteration,       486.8105217389
Predicted improvement:        0.033081610
lambda =          1; f =          486.7658893
Norm of dx   0.085753
----
Improvement on iteration 16 =        0.044632426
-----------------
f at the beginning of new iteration,       486.7658893131
Predicted improvement:        0.007199281
lambda =          1; f =          486.7586909
Norm of dx   0.040916
----
Improvement on iteration 17 =        0.007198385
-----------------
f at the beginning of new iteration,       486.7586909284
Predicted improvement:        0.000221404
lambda =          1; f =          486.7583462
lambda =     1.9332; f =          486.7581585
Norm of dx  0.0013579
----
Improvement on iteration 18 =        0.000532446
-----------------
f at the beginning of new iteration,       486.7581584823
Predicted improvement:        0.000460705
lambda =          1; f =          486.7573488
lambda =     1.9332; f =          486.7567473
lambda =     3.7372; f =          486.7560042
Norm of dx   0.001144
----
Improvement on iteration 19 =        0.002154246
-----------------
f at the beginning of new iteration,       486.7560042367
Predicted improvement:        0.002246034
lambda =          1; f =          486.7518063
lambda =     1.9332; f =          486.7483385
lambda =     3.7372; f =          486.7428366
lambda =     7.2247; f =          486.7366001
Norm of dx  0.0048037
----
Improvement on iteration 20 =        0.019404132
-----------------
f at the beginning of new iteration,       486.7366001046
Predicted improvement:        0.018039010
lambda =          1; f =          486.7028715
lambda =     1.9332; f =          486.6755975
lambda =     3.7372; f =          486.6347583
lambda =     7.2247; f =          486.6033814
Norm of dx   0.049881
----
Improvement on iteration 21 =        0.133218698
-----------------
f at the beginning of new iteration,       486.6033814062
Predicted improvement:        0.056072657
lambda =          1; f =          486.5174502
lambda =     1.9332; f =          486.4804584
Norm of dx    0.11947
----
Improvement on iteration 22 =        0.122922977
-----------------
f at the beginning of new iteration,       486.4804584288
Predicted improvement:        0.104099567
lambda =          1; f =          486.3975261
Norm of dx    0.11577
----
Improvement on iteration 23 =        0.082932294
-----------------
f at the beginning of new iteration,       486.3975261343
Predicted improvement:        0.012145783
lambda =          1; f =          486.3932905
lambda =    0.33333; f =          486.3917451
lambda =    0.64439; f =          486.3903404
Norm of dx   0.036255
----
Improvement on iteration 24 =        0.007185695
-----------------
f at the beginning of new iteration,       486.3903404396
Predicted improvement:        0.003384711
lambda =          1; f =          486.3896063
lambda =    0.33333; f =          486.3887857
Norm of dx   0.056348
----
Improvement on iteration 25 =        0.001554731
-----------------
f at the beginning of new iteration,       486.3887857087
Predicted improvement:        0.000436324
lambda =          1; f =          486.3882713
Norm of dx   0.011592
----
Improvement on iteration 26 =        0.000514394
-----------------
f at the beginning of new iteration,       486.3882713147
Predicted improvement:        0.000068953
lambda =          1; f =          486.3881452
lambda =     1.9332; f =          486.3880607
lambda =     3.7372; f =          486.3879898
Norm of dx  0.0031902
----
Improvement on iteration 27 =        0.000281537
-----------------
f at the beginning of new iteration,       486.3879897776
Predicted improvement:        0.000147548
lambda =          1; f =          486.3877040
lambda =     1.9332; f =          486.3874620
lambda =     3.7372; f =          486.3870612
lambda =     7.2247; f =          486.3865378
Norm of dx 0.00034869
----
Improvement on iteration 28 =        0.001451937
-----------------
f at the beginning of new iteration,       486.3865378403
Predicted improvement:        0.000978082
lambda =          1; f =          486.3847421
lambda =     1.9332; f =          486.3833914
lambda =     3.7372; f =          486.3816533
Norm of dx  0.0038043
----
Improvement on iteration 29 =        0.004884509
-----------------
f at the beginning of new iteration,       486.3816533310
Predicted improvement:        0.004621915
lambda =          1; f =          486.3729941
lambda =     1.9332; f =          486.3660600
lambda =     3.7372; f =          486.3558410
lambda =     7.2247; f =          486.3484168
Norm of dx   0.018234
----
Improvement on iteration 30 =        0.033236483
-----------------
f at the beginning of new iteration,       486.3484168482
Predicted improvement:        0.022516845
lambda =          1; f =          486.3079202
lambda =     1.9332; f =          486.2781333
lambda =     3.7372; f =          486.2416055
Norm of dx    0.04561
----
Improvement on iteration 31 =        0.106811371
-----------------
f at the beginning of new iteration,       486.2416054776
Predicted improvement:        0.076872261
lambda =          1; f =          486.1428585
Norm of dx    0.28164
----
Improvement on iteration 32 =        0.098746992
-----------------
f at the beginning of new iteration,       486.1428584855
Predicted improvement:        0.022527913
lambda =          1; f =          486.1335231
lambda =    0.33333; f =          486.1313265
lambda =    0.64439; f =          486.1275688
Norm of dx   0.083048
----
Improvement on iteration 33 =        0.015289655
-----------------
f at the beginning of new iteration,       486.1275688310
Predicted improvement:        0.007044287
lambda =          1; f =          486.1283443
lambda =    0.33333; f =          486.1243198
Norm of dx   0.087316
----
Improvement on iteration 34 =        0.003249039
-----------------
f at the beginning of new iteration,       486.1243197922
Predicted improvement:        0.001529585
lambda =          1; f =          486.1225897
Norm of dx   0.023011
----
Improvement on iteration 35 =        0.001730087
-----------------
f at the beginning of new iteration,       486.1225897055
Predicted improvement:        0.000223578
lambda =          1; f =          486.1222227
lambda =     1.9332; f =          486.1220434
Norm of dx  0.0070731
----
Improvement on iteration 36 =        0.000546300
-----------------
f at the beginning of new iteration,       486.1220434050
Predicted improvement:        0.000085919
lambda =          1; f =          486.1219388
Norm of dx  0.0030561
----
Improvement on iteration 37 =        0.000104638
-----------------
f at the beginning of new iteration,       486.1219387672
Predicted improvement:        0.000002351
lambda =          1; f =          486.1219358
Norm of dx 0.00097024
----
Improvement on iteration 38 =        0.000003000
-----------------
f at the beginning of new iteration,       486.1219357672
Predicted improvement:        0.000000013
lambda =          1; f =          486.1219356
lambda =     1.9332; f =          486.1219356
lambda =     3.7372; f =          486.1219355
lambda =     7.2247; f =          486.1219356
Norm of dx 0.00010683
----
Improvement on iteration 39 =        0.000000276
-----------------
f at the beginning of new iteration,       486.1219354909
Predicted improvement:        0.000000141
lambda =          1; f =          486.1219357
lambda =    0.33333; f =          486.1219355
lambda =    0.11111; f =          486.1219355
lambda =   0.037037; f =          486.1219355
lambda =   0.012346; f =          486.1219355
lambda =  0.0041152; f =          486.1219355
lambda =  0.0013717; f =          486.1219355
lambda = 0.00045725; f =          486.1219355
lambda = 0.00015242; f =          486.1219355
lambda = 5.0805e-05; f =          486.1219355
lambda = 1.6935e-05; f =          486.1219355
lambda =  5.645e-06; f =          486.1219355
lambda = 1.8817e-06; f =          486.1219355
lambda = 6.2723e-07; f =          486.1219355
lambda = 1.2125e-06; f =          486.1219355
lambda = 8.1646e-07; f =          486.1219355
lambda = 6.4398e-07; f =          486.1219355
lambda = 6.3221e-07; f =          486.1219355
lambda = 6.3925e-07; f =          486.1219355
Norm of dx 0.00031163
Cliff.  Perturbing search direction.
Predicted improvement:        0.000002373
lambda =          1; f =          486.1220471
lambda =    0.33333; f =          486.1219470
lambda =    0.11111; f =          486.1219365
lambda =   0.037037; f =          486.1219355
lambda =   0.012346; f =          486.1219355
Norm of dx 0.00056741

badg2 =

     0

----
Improvement on iteration 40 =        0.000000033
improvement < crit termination

Final value of minus the log posterior (or likelihood):486.121935 

MODE CHECK

Fval obtained by the minimization routine (minus the posterior/likelihood)): 486.121935
[Warning: MATLAB has disabled some advanced graphics rendering features by
switching to software OpenGL. For more information, click <a
href="matlab:opengl('problems')">here</a>.] 

RESULTS FROM POSTERIOR ESTIMATION
parameters
    prior mean     mode    s.d. prior pstdev

ALPHA   0.300   0.3292  0.0450 norm 0.0500 
RA      2.000   1.9683  0.2479 gamm 0.2500 
DELTA   0.500   0.0273  0.0151 unif 0.2887 
RHOA    0.500   0.5804  0.0455 beta 0.1000 
SIGA    0.600   0.5708  0.0960 invg 4.0000 
THETA   1.500   1.1063  0.6455 gamm 0.7500 
KAPPA   2.000   0.6634  0.7453 gamm 1.5000 


Log data density [Laplace approximation] is -496.932530.


You did not declare endogenous variables after the estimation/calib_smoother command.

Initial value of the log posterior (or likelihood): -486.1219

MODE CHECK

Fval obtained by the minimization routine (minus the posterior/likelihood)): 486.121935

RESULTS FROM POSTERIOR ESTIMATION
parameters
    prior mean     mode    s.d. prior pstdev

ALPHA   0.300   0.3292  0.0450 norm 0.0500 
RA      2.000   1.9683  0.2479 gamm 0.2500 
DELTA   0.500   0.0273  0.0151 unif 0.2887 
RHOA    0.500   0.5804  0.0455 beta 0.1000 
SIGA    0.600   0.5708  0.0960 invg 4.0000 
THETA   1.500   1.1063  0.6455 gamm 0.7500 
KAPPA   2.000   0.6634  0.7453 gamm 1.5000 


Log data density [Laplace approximation] is -496.932530.

Estimation::mcmc: Multiple chains mode.
Estimation::mcmc: Old mh-files successfully erased!
Estimation::mcmc: Old metropolis.log file successfully erased!
Estimation::mcmc: Creation of a new metropolis.log file.
Estimation::mcmc: Searching for initial values...
Estimation::mcmc: Initial values found!

Estimation::mcmc: Write details about the MCMC... Ok!
Estimation::mcmc: Details about the MCMC are available in KimModTheBuilder/metropolis/KimModTheBuilder_mh_history_0.mat

ssh  @localhost rm -f //posterior_sampler_core_output_*.mat: Signal 127
ssh  @localhost rm -f //comp_status_posterior_sampler_core*.mat: Signal 127
ssh  @localhost rm -f //slaveParallel_break.mat: Signal 127

Estimation::mcmc: Number of mh files: 1 per block.
Estimation::mcmc: Total number of generated files: 4.
Estimation::mcmc: Total number of iterations: 1000000.
Estimation::mcmc: Current acceptance ratio per chain: 
                                                       Chain  1: 27.64%
                                                       Chain  2: 27.5369%
                                                       Chain  3: 27.5111%
                                                       Chain  4: 27.5626%
Estimation::mcmc: Total number of MH draws per chain: 1000000.
Estimation::mcmc: Total number of generated MH files: 1.
Estimation::mcmc: I'll use mh-files 1 to 1.
Estimation::mcmc: In MH-file number 1 I'll start at line 500001.
Estimation::mcmc: Finally I keep 500000 draws per chain.



MCMC Inefficiency factors per block
Parameter       Block 1     Block 2     Block 3     Block 4
ALPHA           109.074     107.495     105.808     110.353
RA               39.599      41.200      38.958      41.653
DELTA           179.893     179.204     192.310     196.053
RHOA             50.908      52.348      52.996      48.595
SIGA            117.442     126.538     123.610     137.358
THETA            69.016      72.217      69.258      71.927
KAPPA           311.978     380.963     349.607     446.426

Estimation::mcmc::diagnostics: Univariate convergence diagnostic, Brooks and Gelman (1998):
ssh  @localhost rm -f //McMCDiagnostics_core_output_*.mat: Signal 127
ssh  @localhost rm -f //comp_status_McMCDiagnostics_core*.mat: Signal 127
ssh  @localhost rm -f //slaveParallel_break.mat: Signal 127

Estimation::marginal density: I'm computing the posterior mean and covariance...  Done!
Estimation::marginal density: I'm computing the posterior log marginal density (modified harmonic mean)... Done!


ESTIMATION RESULTS

Log data density is -496.609160.

parameters
        prior mean   post. mean        90% HPD interval    prior       pstdev

ALPHA        0.300       0.3411      0.2675      0.4149    norm       0.0500
RA           2.000       2.0002      1.5913      2.4088    gamm       0.2500
DELTA        0.500       0.0374      0.0089      0.0649    unif       0.2887
RHOA         0.500       0.5846      0.5110      0.6582    beta       0.1000
SIGA         0.600       0.5726      0.4223      0.7151    invg       4.0000
THETA        1.500       1.5204      0.3741      2.6540    gamm       0.7500
KAPPA        2.000       1.5392      0.0300      3.1744    gamm       1.5000
/bin/bash: pdflatex: command not found

ans =

   127

Total computing time : 0h41m28s
Note: warning(s) encountered in MATLAB/Octave code
