Starting preprocessing of the model file ...
Found 9 equation(s).
Evaluating expressions...done
Computing static model derivatives (order 1).
Computing dynamic model derivatives (order 2).
Processing outputs ...
done
Preprocessing completed.

STEADY-STATE RESULTS:

YGR  		 0.55
INFL 		 3.2
INT  		 6.4
y    		 1.1161
c    		 0.948683
r    		 1.01608
p    		 1.008
g    		 1.17647
z    		 1




Residuals of the static equations:

Equation number 1 : 0 : Euler equation
Equation number 2 : 0 : Price setting based on Rotemberg quadratic price adjustment costs and Dixit/Stiglitz aggregator
Equation number 3 : 0 : Market clearing: aggregate supply equals aggregate demand
Equation number 4 : 0 : Taylor rule
Equation number 5 : 0 : Government spending process
Equation number 6 : 0 : Technology growth process
Equation number 7 : 0 : Output growth (q-on-q)
Equation number 8 : 0 : Annualized inflation
Equation number 9 : 0 : Annualized nominal interest rate



EIGENVALUES:
         Modulus             Real        Imaginary

               0                0                0
          0.6313           0.6313                0
             0.9              0.9                0
            0.95             0.95                0
           1.069            1.069                0
           1.114           -1.114                0
       7.766e+16       -7.766e+16                0
       8.386e+16        8.386e+16                0


There are 4 eigenvalue(s) larger than 1 in modulus 
for 4 forward-looking variable(s)

The rank condition is verified.

MODEL_DIAGNOSTICS:  No obvious problems with this mod-file were detected.
 

You did not declare endogenous variables after the estimation/calib_smoother command.
Initial value of the log posterior (or likelihood): -8169.4666
-----------------
f at the beginning of new iteration,      8169.4666078729
Predicted improvement:      412.756554017
lambda =          1; f =       184773.2357219
lambda =    0.33333; f =        15608.6411940
lambda =    0.11111; f =         8765.6128078
lambda =   0.037037; f =         8210.8352629
lambda =   0.012346; f =         8167.1213840
lambda =  0.0041152; f =         8166.9357014
lambda =  0.0079555; f =         8166.1466232
Norm of dx    0.28732
----
Improvement on iteration 1 =        3.319984635
-----------------
f at the beginning of new iteration,      8166.1466232380
Predicted improvement:       33.197040288
lambda =          1; f =         8735.0098076
lambda =    0.33333; f =         8195.9335635
lambda =    0.11111; f =         8164.0920563
lambda =   0.037037; f =         8164.2648772
lambda =   0.071599; f =         8163.5740117
Norm of dx   0.084701
----
Improvement on iteration 2 =        2.572611549
-----------------
f at the beginning of new iteration,      8163.5740116891
Predicted improvement:        4.383123196
lambda =          1; f =         8250.1451122
lambda =    0.33333; f =         8170.2204826
lambda =    0.11111; f =         8163.6360822
lambda =   0.037037; f =         8163.3638964
Norm of dx   0.031763
----
Improvement on iteration 3 =        0.210115248
-----------------
f at the beginning of new iteration,      8163.3638964415
Predicted improvement:        0.833143255
lambda =          1; f =         8170.3026676
lambda =    0.33333; f =         8163.7754446
lambda =    0.11111; f =         8163.2867485
Norm of dx    0.01422
----
Improvement on iteration 4 =        0.077147916
-----------------
f at the beginning of new iteration,      8163.2867485253
Predicted improvement:        0.295134869
lambda =          1; f =         8162.9968617
Norm of dx  0.0086328
----
Improvement on iteration 5 =        0.289886825
-----------------
f at the beginning of new iteration,      8162.9968617001
Predicted improvement:        0.227642822
lambda =          1; f =         8162.6598394
lambda =     1.9332; f =         8162.5588487
Norm of dx  0.0094657
----
Improvement on iteration 6 =        0.438012982
-----------------
f at the beginning of new iteration,      8162.5588487179
Predicted improvement:        0.426964045
lambda =          1; f =         8162.2555287
Norm of dx   0.020083
----
Improvement on iteration 7 =        0.303319988
-----------------
f at the beginning of new iteration,      8162.2555287294
Predicted improvement:        0.313225045
lambda =          1; f =         8161.9587134
Norm of dx   0.010674
----
Improvement on iteration 8 =        0.296815378
-----------------
f at the beginning of new iteration,      8161.9587133513
Predicted improvement:        0.078867467
lambda =          1; f =         8161.8322394
lambda =     1.9332; f =         8161.7704893
Norm of dx  0.0046322
----
Improvement on iteration 9 =        0.188224025
-----------------
f at the beginning of new iteration,      8161.7704893258
Predicted improvement:        0.100169977
lambda =          1; f =         8161.6255611
lambda =     1.9332; f =         8161.5913988
Norm of dx   0.012031
----
Improvement on iteration 10 =        0.179090496
-----------------
f at the beginning of new iteration,      8161.5913988293
Predicted improvement:        0.030379696
lambda =          1; f =         8161.5374656
lambda =     1.9332; f =         8161.5006718
lambda =     3.7372; f =         8161.4656968
Norm of dx  0.0023003
----
Improvement on iteration 11 =        0.125701995
-----------------
f at the beginning of new iteration,      8161.4656968339
Predicted improvement:        0.082754199
lambda =          1; f =         8161.3074928
lambda =     1.9332; f =         8161.1732620
lambda =     3.7372; f =         8160.9504835
lambda =     7.2247; f =         8160.6573000
Norm of dx   0.011709
----
Improvement on iteration 12 =        0.808396784
-----------------
f at the beginning of new iteration,      8160.6573000498
Predicted improvement:        0.318771022
lambda =          1; f =         8160.2902347
Norm of dx   0.067129
----
Improvement on iteration 13 =        0.367065335
-----------------
f at the beginning of new iteration,      8160.2902347148
Predicted improvement:        0.019159837
lambda =          1; f =         8160.2662320
Norm of dx  0.0086967
----
Improvement on iteration 14 =        0.024002735
-----------------
f at the beginning of new iteration,      8160.2662319803
Predicted improvement:        0.006684656
lambda =          1; f =         8160.2544461
lambda =     1.9332; f =         8160.2464062
lambda =     3.7372; f =         8160.2389251
Norm of dx  0.0031888
----
Improvement on iteration 15 =        0.027306887
-----------------
f at the beginning of new iteration,      8160.2389250930
Predicted improvement:        0.019919568
lambda =          1; f =         8160.1998661
lambda =     1.9332; f =         8160.1649146
lambda =     3.7372; f =         8160.1014362
lambda =     7.2247; f =         8159.9939410
lambda =     13.967; f =         8159.8425768
lambda =         27; f =         8159.7578674
Norm of dx  0.0059464
----
Improvement on iteration 16 =        0.481057662
-----------------
f at the beginning of new iteration,      8159.7578674313
Predicted improvement:        0.127199217
lambda =          1; f =         8159.6003386
Norm of dx   0.010048
----
Improvement on iteration 17 =        0.157528862
-----------------
f at the beginning of new iteration,      8159.6003385691
Predicted improvement:        0.012039954
lambda =          1; f =         8159.5880858
Norm of dx  0.0062592
----
Improvement on iteration 18 =        0.012252753
-----------------
f at the beginning of new iteration,      8159.5880858160
Predicted improvement:        0.000684149
lambda =          1; f =         8159.5868819
lambda =     1.9332; f =         8159.5860267
lambda =     3.7372; f =         8159.5851087
Norm of dx 0.00081365
----
Improvement on iteration 19 =        0.002977073
-----------------
f at the beginning of new iteration,      8159.5851087433
Predicted improvement:        0.001474672
lambda =          1; f =         8159.5826466
lambda =     1.9332; f =         8159.5811674
Norm of dx  0.0012175
----
Improvement on iteration 20 =        0.003941361
-----------------
f at the beginning of new iteration,      8159.5811673820
Predicted improvement:        0.003742170
lambda =          1; f =         8159.5747152
lambda =     1.9332; f =         8159.5704047
lambda =     3.7372; f =         8159.5667855
Norm of dx  0.0035638
----
Improvement on iteration 21 =        0.014381859
-----------------
f at the beginning of new iteration,      8159.5667855232
Predicted improvement:        0.009326567
lambda =          1; f =         8159.5498531
lambda =     1.9332; f =         8159.5369252
lambda =     3.7372; f =         8159.5198545
Norm of dx  0.0073156
----
Improvement on iteration 22 =        0.046931012
-----------------
f at the beginning of new iteration,      8159.5198545116
Predicted improvement:        0.008189147
lambda =          1; f =         8159.5118703
Norm of dx   0.013569
----
Improvement on iteration 23 =        0.007984179
-----------------
f at the beginning of new iteration,      8159.5118703324
Predicted improvement:        0.000007899
lambda =          1; f =         8159.5118562
lambda =     1.9332; f =         8159.5118571
Norm of dx  0.0002618
----
Improvement on iteration 24 =        0.000014177
-----------------
f at the beginning of new iteration,      8159.5118561553
Predicted improvement:        0.000000030
lambda =          1; f =         8159.5118563
lambda =    0.33333; f =         8159.5118562
lambda =    0.11111; f =         8159.5118562
lambda =   0.037037; f =         8159.5118562
lambda =   0.012346; f =         8159.5118562
lambda =  0.0041152; f =         8159.5118562
lambda =  0.0013717; f =         8159.5118562
lambda = 0.00045725; f =         8159.5118562
lambda = 0.00015242; f =         8159.5118562
lambda = 5.0805e-05; f =         8159.5118562
lambda = 1.6935e-05; f =         8159.5118562
lambda =  5.645e-06; f =         8159.5118562
lambda = 1.8817e-06; f =         8159.5118562
lambda = 6.2723e-07; f =         8159.5118562
lambda = 2.0908e-07; f =         8159.5118562
lambda = 6.9692e-08; f =         8159.5118562
lambda = 1.3473e-07; f =         8159.5118562
lambda = 2.6045e-07; f =         8159.5118562
lambda = 1.7537e-07; f =         8159.5118562
lambda = 1.3833e-07; f =         8159.5118562
lambda = 1.5949e-07; f =         8159.5118562
lambda = 1.4643e-07; f =         8159.5118562
lambda = 1.3912e-07; f =         8159.5118562
lambda = 1.4346e-07; f =         8159.5118562
lambda = 1.4794e-07; f =         8159.5118562
lambda = 1.4524e-07; f =         8159.5118562
lambda = 1.4685e-07; f =         8159.5118562
Norm of dx 1.2458e-05
Cliff.  Perturbing search direction.
Predicted improvement:        0.000000276
lambda =          1; f =         8159.5118607
lambda =    0.33333; f =         8159.5118566
lambda =    0.11111; f =         8159.5118562
lambda =   0.037037; f =         8159.5118562
lambda =   0.012346; f =         8159.5118562
lambda =  0.0041152; f =         8159.5118562
lambda =  0.0013717; f =         8159.5118562
lambda = 0.00045725; f =         8159.5118562
lambda = 0.00015242; f =         8159.5118562
lambda = 5.0805e-05; f =         8159.5118562
lambda = 1.6935e-05; f =         8159.5118562
lambda = 3.2739e-05; f =         8159.5118562
Norm of dx  7.444e-05

badg2 =

     0

----
Improvement on iteration 25 =        0.000000000
improvement < crit termination

Final value of minus the log posterior (or likelihood):8159.511856 

MODE CHECK

Fval obtained by the minimization routine (minus the posterior/likelihood)): 8159.511856
[Warning: MATLAB has disabled some advanced graphics rendering features by
switching to software OpenGL. For more information, click <a
href="matlab:opengl('problems')">here</a>.] 

RESULTS FROM POSTERIOR ESTIMATION
parameters
   prior mean     mode    s.d. prior pstdev

RA     0.800   1.3014  0.1537 gamm 0.5000 
PA     4.000   3.0830  0.0894 gamm 2.0000 
GAMQ   0.400   0.4400  0.0546 norm 0.2000 
TAU    2.000   2.0858  0.1277 gamm 0.5000 
NU     0.100   0.1047  0.0046 beta 0.0500 
PSIP   1.500   1.4084  0.0824 gamm 0.2500 
PSIY   0.500   0.1296  0.0155 gamm 0.2500 
RHOR   0.500   0.7485  0.0093 beta 0.2000 
RHOG   0.800   0.9413  0.0051 beta 0.1000 
RHOZ   0.660   0.9007  0.0046 beta 0.1500 
SIGR   0.300   0.1943  0.0028 invg 4.0000 
SIGG   0.400   0.6002  0.0090 invg 4.0000 
SIGZ   0.400   0.2968  0.0078 invg 4.0000 


Log data density [Laplace approximation] is -8205.226687.


You did not declare endogenous variables after the estimation/calib_smoother command.

Initial value of the log posterior (or likelihood): -8159.5119

MODE CHECK

Fval obtained by the minimization routine (minus the posterior/likelihood)): 8159.511856

RESULTS FROM POSTERIOR ESTIMATION
parameters
   prior mean     mode    s.d. prior pstdev

RA     0.800   1.3014  0.1537 gamm 0.5000 
PA     4.000   3.0830  0.0894 gamm 2.0000 
GAMQ   0.400   0.4400  0.0546 norm 0.2000 
TAU    2.000   2.0858  0.1277 gamm 0.5000 
NU     0.100   0.1047  0.0046 beta 0.0500 
PSIP   1.500   1.4084  0.0824 gamm 0.2500 
PSIY   0.500   0.1296  0.0155 gamm 0.2500 
RHOR   0.500   0.7485  0.0093 beta 0.2000 
RHOG   0.800   0.9413  0.0051 beta 0.1000 
RHOZ   0.660   0.9007  0.0046 beta 0.1500 
SIGR   0.300   0.1943  0.0028 invg 4.0000 
SIGG   0.400   0.6002  0.0090 invg 4.0000 
SIGZ   0.400   0.2968  0.0078 invg 4.0000 


Log data density [Laplace approximation] is -8205.226687.

Estimation::mcmc: Multiple chains mode.
Estimation::mcmc: Searching for initial values...
Estimation::mcmc: Initial values found!

Estimation::mcmc: Write details about the MCMC... Ok!
Estimation::mcmc: Details about the MCMC are available in AnSchoModTheBuilder/metropolis/AnSchoModTheBuilder_mh_history_0.mat

ssh  @localhost rm -f //posterior_sampler_core_output_*.mat: Signal 127
ssh  @localhost rm -f //comp_status_posterior_sampler_core*.mat: Signal 127
ssh  @localhost rm -f //slaveParallel_break.mat: Signal 127

Estimation::mcmc: Number of mh files: 2 per block.
Estimation::mcmc: Total number of generated files: 8.
Estimation::mcmc: Total number of iterations: 1000000.
Estimation::mcmc: Current acceptance ratio per chain: 
                                                       Chain  1: 29.941%
                                                       Chain  2: 29.9469%
                                                       Chain  3: 29.9402%
                                                       Chain  4: 29.9381%
Estimation::mcmc: Total number of MH draws per chain: 1000000.
Estimation::mcmc: Total number of generated MH files: 2.
Estimation::mcmc: I'll use mh-files 1 to 2.
Estimation::mcmc: In MH-file number 1 I'll start at line 500001.
Estimation::mcmc: Finally I keep 500000 draws per chain.



MCMC Inefficiency factors per block
Parameter       Block 1     Block 2     Block 3     Block 4
RA               45.500      42.244      44.331      43.802
PA               46.362      42.609      46.289      45.054
GAMQ             45.023      42.444      43.508      44.011
TAU              48.817      44.455      46.042      43.436
NU               48.311      43.147      46.260      42.788
PSIP             43.790      43.174      42.961      46.929
PSIY             47.231      48.458      45.383      45.828
RHOR             44.116      44.492      42.903      44.926
RHOG             43.607      44.165      42.227      44.559
RHOZ             43.611      42.970      44.305      41.390
SIGR             41.381      41.027      43.774      40.839
SIGG             40.089      43.299      41.341      44.170
SIGZ             43.907      45.837      45.687      43.266

Estimation::mcmc::diagnostics: Univariate convergence diagnostic, Brooks and Gelman (1998):
ssh  @localhost rm -f //McMCDiagnostics_core_output_*.mat: Signal 127
ssh  @localhost rm -f //comp_status_McMCDiagnostics_core*.mat: Signal 127
ssh  @localhost rm -f //slaveParallel_break.mat: Signal 127

Estimation::marginal density: I'm computing the posterior mean and covariance...  Done!
Estimation::marginal density: I'm computing the posterior log marginal density (modified harmonic mean)... Done!


ESTIMATION RESULTS

Log data density is -8205.181960.

parameters
       prior mean   post. mean        90% HPD interval    prior       pstdev

RA          0.800       1.3014      1.0509      1.5586    gamm       0.5000
PA          4.000       3.0831      2.9333      3.2309    gamm       2.0000
GAMQ        0.400       0.4400      0.3486      0.5296    norm       0.2000
TAU         2.000       2.1093      1.8960      2.3229    gamm       0.5000
NU          0.100       0.1056      0.0979      0.1132    beta       0.0500
PSIP        1.500       1.4085      1.2720      1.5451    gamm       0.2500
PSIY        0.500       0.1320      0.1060      0.1579    gamm       0.2500
RHOR        0.500       0.7501      0.7347      0.7656    beta       0.2000
RHOG        0.800       0.9417      0.9335      0.9501    beta       0.1000
RHOZ        0.660       0.9013      0.8938      0.9089    beta       0.1500
SIGR        0.300       0.1945      0.1898      0.1992    invg       4.0000
SIGG        0.400       0.6007      0.5857      0.6155    invg       4.0000
SIGZ        0.400       0.2982      0.2853      0.3112    invg       4.0000
/bin/bash: pdflatex: command not found

ans =

   127

Total computing time : 3h16m45s
Note: warning(s) encountered in MATLAB/Octave code
