Starting preprocessing of the model file ...
Found 9 equation(s).
Evaluating expressions...done
Computing static model derivatives (order 1).
Computing dynamic model derivatives (order 2).
Processing outputs ...
done
Preprocessing completed.

STEADY-STATE RESULTS:

y       		 2.6827
c       		 2.01202
iv      		 0.670674
rk      		 0.03
k       		 26.827
lam     		 0.497012
q       		 1
a       		 1
upsilon 		 1




Residuals of the static equations:

Equation number 1 : 0 : foc household wrt c (marginal utility of consumption)
Equation number 2 : 0 : foc household wrt iv (Tobins Q)
Equation number 3 : 0 : foc household wrt k (Euler equation capital)
Equation number 4 : 0 : capital accumulation
Equation number 5 : 0 : production function
Equation number 6 : 0 : firm capital demand
Equation number 7 : 0 : market clearing (resource constraint)
Equation number 8 : 0 : Evolution of technology
Equation number 9 : 0 : Evolution of investment specific technology shock



EIGENVALUES:
         Modulus             Real        Imaginary

             0.5              0.5                0
             0.5              0.5                0
          0.9849           0.9849                0
            1.02             1.02                0
       1.766e+16        1.766e+16                0
       2.387e+16        2.387e+16                0
        4.26e+18        -4.26e+18                0
       1.435e+20       -1.435e+20                0


There are 5 eigenvalue(s) larger than 1 in modulus 
for 5 forward-looking variable(s)

The rank condition is verified.

MODEL_DIAGNOSTICS:  No obvious problems with this mod-file were detected.
 

You did not declare endogenous variables after the estimation/calib_smoother command.
Initial value of the log posterior (or likelihood): -4350.3226
-----------------
f at the beginning of new iteration,      4350.3226242764
Predicted improvement:      315.676106035
lambda =          1; f =         4350.3353818
lambda =    0.33333; f =         4350.3230646
lambda =    0.11111; f =         5331.6211437
lambda =   0.037037; f =         4378.9467103
lambda =   0.012346; f =         4347.4615801
Norm of dx    0.25127
----
Improvement on iteration 1 =        2.861044215
-----------------
f at the beginning of new iteration,      4347.4615800618
Predicted improvement:      104.486233684
lambda =          1; f =        63015.3038885
lambda =    0.33333; f =         7112.9083276
lambda =    0.11111; f =         4618.2485455
lambda =   0.037037; f =         4372.5912674
lambda =   0.012346; f =         4348.5546376
lambda =  0.0041152; f =         4347.0105831
Norm of dx    0.16612
----
Improvement on iteration 2 =        0.450997012
-----------------
f at the beginning of new iteration,      4347.0105830500
Predicted improvement:        1.520757838
lambda =          1; f =         4345.6353569
Norm of dx   0.015863
----
Improvement on iteration 3 =        1.375226105
-----------------
f at the beginning of new iteration,      4345.6353569452
Predicted improvement:        0.303771515
lambda =          1; f =         4345.1900003
lambda =     1.9332; f =         4345.0660733
Norm of dx  0.0077006
----
Improvement on iteration 4 =        0.569283650
-----------------
f at the beginning of new iteration,      4345.0660732955
Predicted improvement:        0.074401670
lambda =          1; f =         4344.9759750
Norm of dx  0.0038673
----
Improvement on iteration 5 =        0.090098291
-----------------
f at the beginning of new iteration,      4344.9759750043
Predicted improvement:        0.016023964
lambda =          1; f =         4344.9492400
lambda =     1.9332; f =         4344.9338975
Norm of dx  0.0024603
----
Improvement on iteration 6 =        0.042077463
-----------------
f at the beginning of new iteration,      4344.9338975411
Predicted improvement:        0.035192779
lambda =          1; f =         4344.8731401
lambda =     1.9332; f =         4344.8340661
lambda =     3.7372; f =         4344.8078239
Norm of dx  0.0066786
----
Improvement on iteration 7 =        0.126073658
-----------------
f at the beginning of new iteration,      4344.8078238826
Predicted improvement:        0.055925004
lambda =          1; f =         4344.7182044
lambda =     1.9332; f =         4344.6746715
Norm of dx  0.0058122
----
Improvement on iteration 8 =        0.133152351
-----------------
f at the beginning of new iteration,      4344.6746715317
Predicted improvement:        0.012691106
lambda =          1; f =         4344.6581428
Norm of dx  0.0061846
----
Improvement on iteration 9 =        0.016528733
-----------------
f at the beginning of new iteration,      4344.6581427983
Predicted improvement:        0.005655389
lambda =          1; f =         4344.6490339
lambda =     1.9332; f =         4344.6446449
Norm of dx  0.0032446
----
Improvement on iteration 10 =        0.013497940
-----------------
f at the beginning of new iteration,      4344.6446448584
Predicted improvement:        0.005158142
lambda =          1; f =         4344.6369122
lambda =     1.9332; f =         4344.6344530
Norm of dx  0.0019921
----
Improvement on iteration 11 =        0.010191829
-----------------
f at the beginning of new iteration,      4344.6344530297
Predicted improvement:        0.000780693
lambda =          1; f =         4344.6334895
Norm of dx  0.0015405
----
Improvement on iteration 12 =        0.000963520
-----------------
f at the beginning of new iteration,      4344.6334895093
Predicted improvement:        0.000195015
lambda =          1; f =         4344.6332047
lambda =     1.9332; f =         4344.6331053
Norm of dx 0.00055146
----
Improvement on iteration 13 =        0.000384239
-----------------
f at the beginning of new iteration,      4344.6331052707
Predicted improvement:        0.000190913
lambda =          1; f =         4344.6327433
lambda =     1.9332; f =         4344.6324396
lambda =     3.7372; f =         4344.6319474
lambda =     7.2247; f =         4344.6313499
Norm of dx 0.00033806
----
Improvement on iteration 14 =        0.001755376
-----------------
f at the beginning of new iteration,      4344.6313498950
Predicted improvement:        0.000954581
lambda =          1; f =         4344.6296575
lambda =     1.9332; f =         4344.6284736
lambda =     3.7372; f =         4344.6272685
Norm of dx  0.0022178
----
Improvement on iteration 15 =        0.004081437
-----------------
f at the beginning of new iteration,      4344.6272684583
Predicted improvement:        0.003107644
lambda =          1; f =         4344.6212372
lambda =     1.9332; f =         4344.6158798
lambda =     3.7372; f =         4344.6062726
lambda =     7.2247; f =         4344.5905530
lambda =     13.967; f =         4344.5712665
Norm of dx  0.0061446
----
Improvement on iteration 16 =        0.056001991
-----------------
f at the beginning of new iteration,      4344.5712664677
Predicted improvement:        0.040484782
lambda =          1; f =         4344.5111771
lambda =     1.9332; f =         4344.4941324
Norm of dx   0.083533
----
Improvement on iteration 17 =        0.077134110
-----------------
f at the beginning of new iteration,      4344.4941323579
Predicted improvement:        0.016877692
lambda =          1; f =         4344.4779253
Norm of dx   0.012964
----
Improvement on iteration 18 =        0.016207013
-----------------
f at the beginning of new iteration,      4344.4779253452
Predicted improvement:        0.000607791
lambda =          1; f =         4344.4772727
Norm of dx  0.0075088
----
Improvement on iteration 19 =        0.000652653
-----------------
f at the beginning of new iteration,      4344.4772726918
Predicted improvement:        0.000195898
lambda =          1; f =         4344.4769366
lambda =     1.9332; f =         4344.4766839
lambda =     3.7372; f =         4344.4763651
Norm of dx  0.0025419
----
Improvement on iteration 20 =        0.000907568
-----------------
f at the beginning of new iteration,      4344.4763651241
Predicted improvement:        0.001077723
lambda =          1; f =         4344.4743962
lambda =     1.9332; f =         4344.4728236
lambda =     3.7372; f =         4344.4705296
lambda =     7.2247; f =         4344.4690342
Norm of dx  0.0069719
----
Improvement on iteration 21 =        0.007330929
-----------------
f at the beginning of new iteration,      4344.4690341949
Predicted improvement:        0.006718404
lambda =          1; f =         4344.4558529
lambda =     1.9332; f =         4344.4441003
lambda =     3.7372; f =         4344.4228458
lambda =     7.2247; f =         4344.3870185
lambda =     13.967; f =         4344.3361148
lambda =         27; f =         4344.3007366
Norm of dx  0.0093095
----
Improvement on iteration 22 =        0.168297593
-----------------
f at the beginning of new iteration,      4344.3007366017
Correct for low angle: 0.00473621
Predicted improvement:        0.016774180
lambda =          1; f =         4344.3033440
lambda =    0.33333; f =         4344.2932378
Norm of dx   0.079286
----
Improvement on iteration 23 =        0.007498787
-----------------
f at the beginning of new iteration,      4344.2932378152
Predicted improvement:        0.004711774
lambda =          1; f =         4344.2900353
Norm of dx   0.017157
----
Improvement on iteration 24 =        0.003202538
-----------------
f at the beginning of new iteration,      4344.2900352768
Predicted improvement:        0.000891923
lambda =          1; f =         4344.2892210
Norm of dx   0.012266
----
Improvement on iteration 25 =        0.000814274
-----------------
f at the beginning of new iteration,      4344.2892210030
Predicted improvement:        0.000136126
lambda =          1; f =         4344.2890359
Norm of dx  0.0016515
----
Improvement on iteration 26 =        0.000185140
-----------------
f at the beginning of new iteration,      4344.2890358628
Correct for low angle: 0.00337282
Predicted improvement:        0.000060379
lambda =          1; f =         4344.2890281
lambda =    0.33333; f =         4344.2890096
Norm of dx  0.0031572
----
Improvement on iteration 27 =        0.000026220
-----------------
f at the beginning of new iteration,      4344.2890096432
Predicted improvement:        0.000017608
lambda =          1; f =         4344.2890016
lambda =    0.33333; f =         4344.2890033
Norm of dx  0.0027003
----
Improvement on iteration 28 =        0.000007996
-----------------
f at the beginning of new iteration,      4344.2890016474
Predicted improvement:        0.000000210
lambda =          1; f =         4344.2890027
lambda =    0.33333; f =         4344.2890020
lambda =    0.11111; f =         4344.2890017
lambda =   0.037037; f =         4344.2890017
lambda =   0.012346; f =         4344.2890017
lambda =  0.0041152; f =         4344.2890017
lambda =  0.0013717; f =         4344.2890016
lambda = 0.00045725; f =         4344.2890016
lambda = 0.00015242; f =         4344.2890016
lambda = 5.0805e-05; f =         4344.2890016
lambda = 1.6935e-05; f =         4344.2890016
lambda =  5.645e-06; f =         4344.2890016
lambda = 1.8817e-06; f =         4344.2890016
lambda = 6.2723e-07; f =         4344.2890016
lambda = 2.0908e-07; f =         4344.2890016
lambda = 4.0418e-07; f =         4344.2890016
lambda = 7.8135e-07; f =         4344.2890016
lambda = 1.5105e-06; f =         4344.2890016
lambda = 1.0171e-06; f =         4344.2890016
lambda = 1.2895e-06; f =         4344.2890016
lambda = 1.6348e-06; f =         4344.2890016
lambda = 2.0727e-06; f =         4344.2890016
lambda = 2.6278e-06; f =         4344.2890016
lambda = 2.2791e-06; f =         4344.2890016
lambda = 1.9766e-06; f =         4344.2890016
lambda = 2.1529e-06; f =         4344.2890016
lambda = 2.3449e-06; f =         4344.2890016
lambda =  2.554e-06; f =         4344.2890016
lambda = 2.7818e-06; f =         4344.2890016
lambda = 2.6428e-06; f =         4344.2890016
lambda = 2.7253e-06; f =         4344.2890016
lambda = 2.6755e-06; f =         4344.2890016
lambda = 2.6266e-06; f =         4344.2890016
lambda = 2.5786e-06; f =         4344.2890016
lambda = 2.6073e-06; f =         4344.2890016
lambda = 2.6363e-06; f =         4344.2890016
Norm of dx 0.00018357
Cliff.  Perturbing search direction.
Predicted improvement:        0.000001256
lambda =          1; f =         4344.2890582
lambda =    0.33333; f =         4344.2890077
lambda =    0.11111; f =         4344.2890023
lambda =   0.037037; f =         4344.2890017
lambda =   0.012346; f =         4344.2890016
lambda =  0.0041152; f =         4344.2890016
lambda =  0.0013717; f =         4344.2890016
lambda = 0.00045725; f =         4344.2890016
Norm of dx 0.00023668

badg2 =

     0

----
Improvement on iteration 29 =        0.000000002
improvement < crit termination

Final value of minus the log posterior (or likelihood):4344.289002 

MODE CHECK

Fval obtained by the minimization routine (minus the posterior/likelihood)): 4344.289002
[Warning: MATLAB has disabled some advanced graphics rendering features by
switching to software OpenGL. For more information, click <a
href="matlab:opengl('problems')">here</a>.] 

RESULTS FROM POSTERIOR ESTIMATION
parameters
         prior mean     mode    s.d. prior pstdev

ALPHA        0.300   0.2975  0.0046 norm 0.0500 
RA           2.000   1.9651  0.2462 gamm 0.2500 
DELTA        0.500   0.0245  0.0019 unif 0.2887 
RHOA         0.500   0.4876  0.0166 beta 0.1000 
SIGA         0.600   0.6087  0.0209 invg 4.0000 
THETA        1.500   0.9732  0.5359 gamm 0.7500 
KAPPA        2.000   1.8334  0.2326 gamm 1.5000 
RHOUPSILON   0.500   0.4775  0.0167 beta 0.1000 
SIGUPSILON   0.600   0.5162  0.0791 invg 4.0000 


Log data density [Laplace approximation] is -4371.978485.


You did not declare endogenous variables after the estimation/calib_smoother command.

Initial value of the log posterior (or likelihood): -4344.289

MODE CHECK

Fval obtained by the minimization routine (minus the posterior/likelihood)): 4344.289002

RESULTS FROM POSTERIOR ESTIMATION
parameters
         prior mean     mode    s.d. prior pstdev

ALPHA        0.300   0.2975  0.0046 norm 0.0500 
RA           2.000   1.9651  0.2462 gamm 0.2500 
DELTA        0.500   0.0245  0.0019 unif 0.2887 
RHOA         0.500   0.4876  0.0166 beta 0.1000 
SIGA         0.600   0.6087  0.0209 invg 4.0000 
THETA        1.500   0.9732  0.5359 gamm 0.7500 
KAPPA        2.000   1.8334  0.2326 gamm 1.5000 
RHOUPSILON   0.500   0.4775  0.0167 beta 0.1000 
SIGUPSILON   0.600   0.5162  0.0791 invg 4.0000 


Log data density [Laplace approximation] is -4371.978485.

Estimation::mcmc: Multiple chains mode.
Estimation::mcmc: Old mh-files successfully erased!
Estimation::mcmc: Old metropolis.log file successfully erased!
Estimation::mcmc: Creation of a new metropolis.log file.
Estimation::mcmc: Searching for initial values...
Estimation::mcmc: Initial values found!

Estimation::mcmc: Write details about the MCMC... Ok!
Estimation::mcmc: Details about the MCMC are available in KimModTheBuilder/metropolis/KimModTheBuilder_mh_history_0.mat

ssh  @localhost rm -f //posterior_sampler_core_output_*.mat: Signal 127
ssh  @localhost rm -f //comp_status_posterior_sampler_core*.mat: Signal 127
ssh  @localhost rm -f //slaveParallel_break.mat: Signal 127

Estimation::mcmc: Number of mh files: 1 per block.
Estimation::mcmc: Total number of generated files: 4.
Estimation::mcmc: Total number of iterations: 1000000.
Estimation::mcmc: Current acceptance ratio per chain: 
                                                       Chain  1: 26.0237%
                                                       Chain  2: 26.2495%
                                                       Chain  3: 25.9402%
                                                       Chain  4: 26.2689%
Estimation::mcmc: Total number of MH draws per chain: 1000000.
Estimation::mcmc: Total number of generated MH files: 1.
Estimation::mcmc: I'll use mh-files 1 to 1.
Estimation::mcmc: In MH-file number 1 I'll start at line 500001.
Estimation::mcmc: Finally I keep 500000 draws per chain.



MCMC Inefficiency factors per block
Parameter        Block 1     Block 2     Block 3     Block 4
ALPHA             38.150      41.147      37.761      40.055
RA                41.826      41.363      39.414      40.544
DELTA             46.800      46.961      43.167      47.929
RHOA              39.983      37.893      38.746      37.912
SIGA              43.038      45.230      41.245      46.425
THETA            377.025     324.367     429.803     427.789
KAPPA            373.131     313.094     418.389     414.198
RHOUPSILON        42.156      40.244      41.381      43.806
SIGUPSILON       258.936     223.264     275.505     279.482

Estimation::mcmc::diagnostics: Univariate convergence diagnostic, Brooks and Gelman (1998):
ssh  @localhost rm -f //McMCDiagnostics_core_output_*.mat: Signal 127
ssh  @localhost rm -f //comp_status_McMCDiagnostics_core*.mat: Signal 127
ssh  @localhost rm -f //slaveParallel_break.mat: Signal 127

Estimation::marginal density: I'm computing the posterior mean and covariance...  Done!
Estimation::marginal density: I'm computing the posterior log marginal density (modified harmonic mean)... Done!


ESTIMATION RESULTS

Log data density is -4371.702337.

parameters
             prior mean   post. mean        90% HPD interval    prior       pstdev

ALPHA             0.300       0.2976      0.2902      0.3052    norm       0.0500
RA                2.000       1.9980      1.5924      2.4038    gamm       0.2500
DELTA             0.500       0.0249      0.0217      0.0280    unif       0.2887
RHOA              0.500       0.4881      0.4609      0.5155    beta       0.1000
SIGA              0.600       0.6130      0.5782      0.6484    invg       4.0000
THETA             1.500       1.4660      0.4089      2.4516    gamm       0.7500
KAPPA             2.000       2.0466      1.5891      2.4783    gamm       1.5000
RHOUPSILON        0.500       0.4791      0.4514      0.5063    beta       0.1000
SIGUPSILON        0.600       0.5732      0.4442      0.6990    invg       4.0000
/bin/bash: pdflatex: command not found

ans =

   127

Total computing time : 4h24m35s
Note: warning(s) encountered in MATLAB/Octave code
