Starting preprocessing of the model file ...
Found 9 equation(s).
Evaluating expressions...done
Computing static model derivatives (order 1).
Computing dynamic model derivatives (order 2).
Processing outputs ...
done
Preprocessing completed.

STEADY-STATE RESULTS:

YGR  		 0.55
INFL 		 3.2
INT  		 6.4
y    		 1.1161
c    		 0.948683
r    		 1.01608
p    		 1.008
g    		 1.17647
z    		 1




Residuals of the static equations:

Equation number 1 : 0 : Euler equation
Equation number 2 : 0 : Price setting based on Rotemberg quadratic price adjustment costs and Dixit/Stiglitz aggregator
Equation number 3 : 0 : Market clearing: aggregate supply equals aggregate demand
Equation number 4 : 0 : Taylor rule
Equation number 5 : 0 : Government spending process
Equation number 6 : 0 : Technology growth process
Equation number 7 : 0 : Output growth (q-on-q)
Equation number 8 : 0 : Annualized inflation
Equation number 9 : 0 : Annualized nominal interest rate



EIGENVALUES:
         Modulus             Real        Imaginary

               0                0                0
          0.6313           0.6313                0
             0.9              0.9                0
            0.95             0.95                0
           1.069            1.069                0
           1.114           -1.114                0
       7.766e+16       -7.766e+16                0
       8.386e+16        8.386e+16                0


There are 4 eigenvalue(s) larger than 1 in modulus 
for 4 forward-looking variable(s)

The rank condition is verified.

MODEL_DIAGNOSTICS:  No obvious problems with this mod-file were detected.
 

You did not declare endogenous variables after the estimation/calib_smoother command.
Initial value of the log posterior (or likelihood): -24707.6129
-----------------
f at the beginning of new iteration,     24707.6129038582
Predicted improvement:      668.025282303
lambda =          1; f =      2041751.0223144
lambda =    0.33333; f =        64961.8949714
lambda =    0.11111; f =        27642.9392468
lambda =   0.037037; f =        24967.6614868
lambda =   0.012346; f =        24724.4648376
lambda =  0.0041152; f =        24705.7822689
Norm of dx    0.36552
----
Improvement on iteration 1 =        1.830634976
-----------------
f at the beginning of new iteration,     24705.7822688822
Predicted improvement:      168.147811845
lambda =          1; f =        33759.6700788
lambda =    0.33333; f =        25416.7600185
lambda =    0.11111; f =        24754.4141881
lambda =   0.037037; f =        24702.7161785
lambda =   0.012346; f =        24702.6694095
lambda =   0.023866; f =        24701.6447672
Norm of dx    0.20483
----
Improvement on iteration 2 =        4.137501720
-----------------
f at the beginning of new iteration,     24701.6447671627
Predicted improvement:       49.920095464
lambda =          1; f =        30899.8453674
lambda =    0.33333; f =        25008.6633488
lambda =    0.11111; f =        24724.0546366
lambda =   0.037037; f =        24701.5614249
lambda =   0.012346; f =        24700.8094769
Norm of dx    0.11659
----
Improvement on iteration 3 =        0.835290277
-----------------
f at the beginning of new iteration,     24700.8094768858
Predicted improvement:        9.315154566
lambda =          1; f =        24802.8582429
lambda =    0.33333; f =        24709.0456250
lambda =    0.11111; f =        24700.3934124
lambda =   0.037037; f =        24700.3054417
lambda =   0.071599; f =        24700.1664240
Norm of dx   0.047577
----
Improvement on iteration 4 =        0.643052932
-----------------
f at the beginning of new iteration,     24700.1664239535
Predicted improvement:       13.843407279
lambda =          1; f =        24777.4075367
lambda =    0.33333; f =        24702.6284627
lambda =    0.11111; f =        24698.4173487
Norm of dx   0.086614
----
Improvement on iteration 5 =        1.749075205
-----------------
f at the beginning of new iteration,     24698.4173487482
Predicted improvement:        6.991061607
lambda =          1; f =        24732.2136286
lambda =    0.33333; f =        24697.8211581
lambda =    0.11111; f =        24697.2880631
lambda =     0.2148; f =        24697.0438675
Norm of dx   0.057467
----
Improvement on iteration 6 =        1.373481266
-----------------
f at the beginning of new iteration,     24697.0438674822
Predicted improvement:        1.063776930
lambda =          1; f =        24698.6146429
lambda =    0.33333; f =        24696.7372510
Norm of dx   0.015682
----
Improvement on iteration 7 =        0.306616457
-----------------
f at the beginning of new iteration,     24696.7372510256
Predicted improvement:        0.452261990
lambda =          1; f =        24696.3061017
Norm of dx   0.010015
----
Improvement on iteration 8 =        0.431149362
-----------------
f at the beginning of new iteration,     24696.3061016632
Predicted improvement:        0.637602944
lambda =          1; f =        24696.2456798
lambda =    0.33333; f =        24696.0160437
Norm of dx   0.018553
----
Improvement on iteration 9 =        0.290058004
-----------------
f at the beginning of new iteration,     24696.0160436589
Predicted improvement:        0.265724578
lambda =          1; f =        24695.6780942
Norm of dx   0.012663
----
Improvement on iteration 10 =        0.337949468
-----------------
f at the beginning of new iteration,     24695.6780941908
Predicted improvement:        0.066121513
lambda =          1; f =        24695.5800453
lambda =     1.9332; f =        24695.5526218
Norm of dx  0.0067474
----
Improvement on iteration 11 =        0.125472405
-----------------
f at the beginning of new iteration,     24695.5526217855
Predicted improvement:        0.054716428
lambda =          1; f =        24695.4488852
lambda =     1.9332; f =        24695.3626987
lambda =     3.7372; f =        24695.2251081
lambda =     7.2247; f =        24695.0673492
Norm of dx  0.0045316
----
Improvement on iteration 12 =        0.485272559
-----------------
f at the beginning of new iteration,     24695.0673492265
Predicted improvement:        0.065801885
lambda =          1; f =        24694.9951745
Norm of dx   0.016073
----
Improvement on iteration 13 =        0.072174717
-----------------
f at the beginning of new iteration,     24694.9951745099
Predicted improvement:        0.003725075
lambda =          1; f =        24694.9885039
lambda =     1.9332; f =        24694.9838516
lambda =     3.7372; f =        24694.9791601
Norm of dx  0.0018941
----
Improvement on iteration 14 =        0.016014450
-----------------
f at the beginning of new iteration,     24694.9791600599
Predicted improvement:        0.011233905
lambda =          1; f =        24694.9576052
lambda =     1.9332; f =        24694.9395098
lambda =     3.7372; f =        24694.9100208
lambda =     7.2247; f =        24694.8733336
Norm of dx  0.0037036
----
Improvement on iteration 15 =        0.105826469
-----------------
f at the beginning of new iteration,     24694.8733335908
Predicted improvement:        0.031679640
lambda =          1; f =        24694.8356977
Norm of dx   0.013613
----
Improvement on iteration 16 =        0.037635843
-----------------
f at the beginning of new iteration,     24694.8356977481
Predicted improvement:        0.001645860
lambda =          1; f =        24694.8337233
Norm of dx  0.0017019
----
Improvement on iteration 17 =        0.001974446
-----------------
f at the beginning of new iteration,     24694.8337233021
Predicted improvement:        0.000308564
lambda =          1; f =        24694.8331671
lambda =     1.9332; f =        24694.8327489
lambda =     3.7372; f =        24694.8322164
Norm of dx 0.00038629
----
Improvement on iteration 18 =        0.001506927
-----------------
f at the beginning of new iteration,     24694.8322163756
Predicted improvement:        0.001465646
lambda =          1; f =        24694.8296090
lambda =     1.9332; f =        24694.8276599
lambda =     3.7372; f =        24694.8252181
Norm of dx  0.0018346
----
Improvement on iteration 19 =        0.006998248
-----------------
f at the beginning of new iteration,     24694.8252181276
Predicted improvement:        0.004837071
lambda =          1; f =        24694.8180997
lambda =     1.9332; f =        24694.8156927
Norm of dx  0.0065364
----
Improvement on iteration 20 =        0.009525443
-----------------
f at the beginning of new iteration,     24694.8156926841
Predicted improvement:        0.001149126
lambda =          1; f =        24694.8143036
Norm of dx  0.0010255
----
Improvement on iteration 21 =        0.001389080
-----------------
f at the beginning of new iteration,     24694.8143036042
Predicted improvement:        0.000061870
lambda =          1; f =        24694.8142337
Norm of dx 0.00038057
----
Improvement on iteration 22 =        0.000069939
-----------------
f at the beginning of new iteration,     24694.8142336648
Predicted improvement:        0.000000000
lambda =          1; f =        24694.8142336
lambda =     1.9332; f =        24694.8142336
lambda =     3.7372; f =        24694.8142335
lambda =     7.2247; f =        24694.8142333
lambda =     13.967; f =        24694.8142329
lambda =         27; f =        24694.8142324
lambda =     52.196; f =        24694.8142318
lambda =      100.9; f =        24694.8142322
lambda =     195.07; f =        24694.8142384
lambda =     131.35; f =        24694.8142334
lambda =     166.52; f =        24694.8142357
lambda =     144.42; f =        24694.8142341
lambda =     125.26; f =        24694.8142331
lambda =     136.43; f =        24694.8142337
lambda =     129.61; f =        24694.8142333
lambda =     133.66; f =        24694.8142335
lambda =     137.84; f =        24694.8142337
lambda =     135.32; f =        24694.8142336
Norm of dx 2.8569e-06
----
Improvement on iteration 23 =        0.000001843
warning: possible inaccuracy in H matrix
-----------------
f at the beginning of new iteration,     24694.8142318223
Predicted improvement:        0.000001096
lambda =          1; f =        24694.8142336
lambda =    0.33333; f =        24694.8142322
lambda =    0.11111; f =        24694.8142319
lambda =   0.037037; f =        24694.8142318
lambda =   0.012346; f =        24694.8142318
lambda =  0.0041152; f =        24694.8142318
lambda =  0.0013717; f =        24694.8142318
lambda = 0.00045725; f =        24694.8142318
lambda = 0.00015242; f =        24694.8142318
lambda = 5.0805e-05; f =        24694.8142318
lambda = 1.6935e-05; f =        24694.8142318
lambda =  5.645e-06; f =        24694.8142318
lambda = 1.8817e-06; f =        24694.8142318
lambda = 6.2723e-07; f =        24694.8142318
lambda = 2.0908e-07; f =        24694.8142318
lambda = 6.9692e-08; f =        24694.8142318
lambda = 1.3473e-07; f =        24694.8142318
lambda = 9.0717e-08; f =        24694.8142318
lambda = 7.1554e-08; f =        24694.8142318
lambda = 8.2502e-08; f =        24694.8142318
lambda = 7.5747e-08; f =        24694.8142318
lambda = 7.9731e-08; f =        24694.8142318
lambda = 8.3924e-08; f =        24694.8142318
lambda = 8.1382e-08; f =        24694.8142318
lambda = 8.2898e-08; f =        24694.8142318
lambda = 8.1985e-08; f =        24694.8142318
lambda = 8.1083e-08; f =        24694.8142318
lambda =  8.019e-08; f =        24694.8142318
Norm of dx 0.00014623
Cliff.  Perturbing search direction.
Predicted improvement:        0.000001503
lambda =          1; f =        24694.8142376
lambda =    0.33333; f =        24694.8142325
lambda =    0.11111; f =        24694.8142319
lambda =   0.037037; f =        24694.8142318
lambda =   0.012346; f =        24694.8142318
lambda =  0.0041152; f =        24694.8142318
lambda =  0.0013717; f =        24694.8142318
lambda = 0.00045725; f =        24694.8142318
lambda = 0.00015242; f =        24694.8142318
lambda = 5.0805e-05; f =        24694.8142318
lambda = 1.6935e-05; f =        24694.8142318
lambda =  5.645e-06; f =        24694.8142318
lambda = 1.8817e-06; f =        24694.8142318
lambda = 6.2723e-07; f =        24694.8142318
lambda = 1.2125e-06; f =        24694.8142318
lambda = 8.1646e-07; f =        24694.8142318
lambda = 6.4398e-07; f =        24694.8142318
lambda = 7.4252e-07; f =        24694.8142318
lambda = 6.8172e-07; f =        24694.8142318
lambda = 6.4766e-07; f =        24694.8142318
lambda = 6.6789e-07; f =        24694.8142318
lambda = 6.8875e-07; f =        24694.8142318
lambda = 6.7616e-07; f =        24694.8142318
lambda = 6.8368e-07; f =        24694.8142318
Norm of dx 0.00020073
Cliff again.  Try traversing
Predicted improvement:        0.004214456
lambda =          1; f =        24696.1599578
lambda =    0.33333; f =        24694.9630255
lambda =    0.11111; f =        24694.8307364
lambda =   0.037037; f =        24694.8160641
lambda =   0.012346; f =        24694.8144352
lambda =  0.0041152; f =        24694.8142544
lambda =  0.0013717; f =        24694.8142343
lambda = 0.00045725; f =        24694.8142321
lambda = 0.00015242; f =        24694.8142318
lambda = 5.0805e-05; f =        24694.8142318
lambda = 1.6935e-05; f =        24694.8142318
lambda =  5.645e-06; f =        24694.8142318
lambda = 1.8817e-06; f =        24694.8142318
lambda = 6.2723e-07; f =        24694.8142318
lambda = 2.0908e-07; f =        24694.8142318
lambda = 6.9692e-08; f =        24694.8142318
lambda = 2.3231e-08; f =        24694.8142318
lambda = 7.7435e-09; f =        24694.8142318
Norm of dx   0.091809
----
Improvement on iteration 24 =        0.000000000
improvement < crit termination
back and forth on step length never finished

Final value of minus the log posterior (or likelihood):24694.814232 

MODE CHECK

Fval obtained by the minimization routine (minus the posterior/likelihood)): 24694.814232
[Warning: MATLAB has disabled some advanced graphics rendering features by
switching to software OpenGL. For more information, click <a
href="matlab:opengl('problems')">here</a>.] 

RESULTS FROM POSTERIOR ESTIMATION
parameters
   prior mean     mode    s.d. prior pstdev

RA     0.800   1.0664  0.0897 gamm 0.5000 
PA     4.000   3.1938  0.0530 gamm 2.0000 
GAMQ   0.400   0.5158  0.0314 norm 0.2000 
TAU    2.000   2.0591  0.0754 gamm 0.5000 
NU     0.100   0.1012  0.0027 beta 0.0500 
PSIP   1.500   1.4402  0.0464 gamm 0.2500 
PSIY   0.500   0.1094  0.0083 gamm 0.2500 
RHOR   0.500   0.7368  0.0056 beta 0.2000 
RHOG   0.800   0.9459  0.0031 beta 0.1000 
RHOZ   0.660   0.8972  0.0028 beta 0.1500 
SIGR   0.300   0.1976  0.0017 invg 4.0000 
SIGG   0.400   0.5990  0.0052 invg 4.0000 
SIGZ   0.400   0.2957  0.0045 invg 4.0000 


Log data density [Laplace approximation] is -24747.671436.


You did not declare endogenous variables after the estimation/calib_smoother command.

Initial value of the log posterior (or likelihood): -24694.8142

MODE CHECK

Fval obtained by the minimization routine (minus the posterior/likelihood)): 24694.814232

RESULTS FROM POSTERIOR ESTIMATION
parameters
   prior mean     mode    s.d. prior pstdev

RA     0.800   1.0664  0.0897 gamm 0.5000 
PA     4.000   3.1938  0.0530 gamm 2.0000 
GAMQ   0.400   0.5158  0.0314 norm 0.2000 
TAU    2.000   2.0591  0.0754 gamm 0.5000 
NU     0.100   0.1012  0.0027 beta 0.0500 
PSIP   1.500   1.4402  0.0464 gamm 0.2500 
PSIY   0.500   0.1094  0.0083 gamm 0.2500 
RHOR   0.500   0.7368  0.0056 beta 0.2000 
RHOG   0.800   0.9459  0.0031 beta 0.1000 
RHOZ   0.660   0.8972  0.0028 beta 0.1500 
SIGR   0.300   0.1976  0.0017 invg 4.0000 
SIGG   0.400   0.5990  0.0052 invg 4.0000 
SIGZ   0.400   0.2957  0.0045 invg 4.0000 


Log data density [Laplace approximation] is -24747.671436.

Estimation::mcmc: Multiple chains mode.
Estimation::mcmc: Searching for initial values...
Estimation::mcmc: Initial values found!

Estimation::mcmc: Write details about the MCMC... Ok!
Estimation::mcmc: Details about the MCMC are available in AnSchoModTheBuilder/metropolis/AnSchoModTheBuilder_mh_history_0.mat

ssh  @localhost rm -f //posterior_sampler_core_output_*.mat: Signal 127
ssh  @localhost rm -f //comp_status_posterior_sampler_core*.mat: Signal 127
ssh  @localhost rm -f //slaveParallel_break.mat: Signal 127

Estimation::mcmc: Number of mh files: 2 per block.
Estimation::mcmc: Total number of generated files: 8.
Estimation::mcmc: Total number of iterations: 1000000.
Estimation::mcmc: Current acceptance ratio per chain: 
                                                       Chain  1: 29.998%
                                                       Chain  2: 29.8972%
                                                       Chain  3: 29.8991%
                                                       Chain  4: 29.9066%
Estimation::mcmc: Total number of MH draws per chain: 1000000.
Estimation::mcmc: Total number of generated MH files: 2.
Estimation::mcmc: I'll use mh-files 1 to 2.
Estimation::mcmc: In MH-file number 1 I'll start at line 500001.
Estimation::mcmc: Finally I keep 500000 draws per chain.



MCMC Inefficiency factors per block
Parameter       Block 1     Block 2     Block 3     Block 4
RA               47.841      44.549      41.756      43.780
PA               46.839      43.433      41.712      45.447
GAMQ             47.143      44.244      42.462      42.602
TAU              44.578      45.812      46.060      42.917
NU               44.443      44.571      47.055      41.815
PSIP             42.964      40.316      43.332      45.049
PSIY             42.706      42.925      41.954      45.823
RHOR             45.665      45.312      41.106      44.694
RHOG             40.228      42.098      41.279      46.847
RHOZ             44.107      46.152      43.618      42.836
SIGR             44.689      43.547      43.477      42.638
SIGG             40.751      44.020      43.938      42.177
SIGZ             40.405      45.020      42.124      42.905

Estimation::mcmc::diagnostics: Univariate convergence diagnostic, Brooks and Gelman (1998):
ssh  @localhost rm -f //McMCDiagnostics_core_output_*.mat: Signal 127
ssh  @localhost rm -f //comp_status_McMCDiagnostics_core*.mat: Signal 127
ssh  @localhost rm -f //slaveParallel_break.mat: Signal 127

Estimation::marginal density: I'm computing the posterior mean and covariance...  Done!
Estimation::marginal density: I'm computing the posterior log marginal density (modified harmonic mean)... Done!


ESTIMATION RESULTS

Log data density is -24747.659886.

parameters
       prior mean   post. mean        90% HPD interval    prior       pstdev

RA          0.800       1.0665      0.9195      1.2154    gamm       0.5000
PA          4.000       3.1938      3.1063      3.2817    gamm       2.0000
GAMQ        0.400       0.5157      0.4643      0.5678    norm       0.2000
TAU         2.000       2.0682      1.9441      2.1940    gamm       0.5000
NU          0.100       0.1015      0.0971      0.1059    beta       0.0500
PSIP        1.500       1.4401      1.3643      1.5167    gamm       0.2500
PSIY        0.500       0.1102      0.0965      0.1238    gamm       0.2500
RHOR        0.500       0.7373      0.7281      0.7465    beta       0.2000
RHOG        0.800       0.9460      0.9411      0.9512    beta       0.1000
RHOZ        0.660       0.8975      0.8929      0.9020    beta       0.1500
SIGR        0.300       0.1977      0.1949      0.2004    invg       4.0000
SIGG        0.400       0.5991      0.5906      0.6075    invg       4.0000
SIGZ        0.400       0.2962      0.2887      0.3036    invg       4.0000
/bin/bash: pdflatex: command not found

ans =

   127

Total computing time : 8h09m17s
Note: warning(s) encountered in MATLAB/Octave code
