Starting preprocessing of the model file ...
Found 9 equation(s).
Evaluating expressions...done
Computing static model derivatives (order 1).
Computing dynamic model derivatives (order 2).
Processing outputs ...
done
Preprocessing completed.

STEADY-STATE RESULTS:

y       		 2.6827
c       		 2.01202
iv      		 0.670674
rk      		 0.03
k       		 26.827
lam     		 0.497012
q       		 1
a       		 1
upsilon 		 1




Residuals of the static equations:

Equation number 1 : 0 : foc household wrt c (marginal utility of consumption)
Equation number 2 : 0 : foc household wrt iv (Tobins Q)
Equation number 3 : 0 : foc household wrt k (Euler equation capital)
Equation number 4 : 0 : capital accumulation
Equation number 5 : 0 : production function
Equation number 6 : 0 : firm capital demand
Equation number 7 : 0 : market clearing (resource constraint)
Equation number 8 : 0 : Evolution of technology
Equation number 9 : 0 : Evolution of investment specific technology shock



EIGENVALUES:
         Modulus             Real        Imaginary

             0.5              0.5                0
             0.5              0.5                0
          0.9849           0.9849                0
            1.02             1.02                0
       1.766e+16        1.766e+16                0
       2.387e+16        2.387e+16                0
        4.26e+18        -4.26e+18                0
       1.435e+20       -1.435e+20                0


There are 5 eigenvalue(s) larger than 1 in modulus 
for 5 forward-looking variable(s)

The rank condition is verified.

MODEL_DIAGNOSTICS:  No obvious problems with this mod-file were detected.
 

You did not declare endogenous variables after the estimation/calib_smoother command.
Initial value of the log posterior (or likelihood): -1455.371
-----------------
f at the beginning of new iteration,      1455.3709639646
Predicted improvement:       39.224750076
lambda =          1; f =         1455.3733151
lambda =    0.33333; f =        52559.2986561
lambda =    0.11111; f =         1483.0127160
lambda =   0.037037; f =         1455.5982722
lambda =   0.012346; f =         1454.7276575
Norm of dx   0.088572
----
Improvement on iteration 1 =        0.643306491
-----------------
f at the beginning of new iteration,      1454.7276574738
Predicted improvement:       13.194664293
lambda =          1; f =         2373.4253977
lambda =    0.33333; f =         1522.4975749
lambda =    0.11111; f =         1459.5595576
lambda =   0.037037; f =         1454.5884712
lambda =   0.012346; f =         1454.4941808
lambda =   0.023866; f =         1454.4441973
Norm of dx    0.05944
----
Improvement on iteration 2 =        0.283460149
-----------------
f at the beginning of new iteration,      1454.4441973251
Predicted improvement:        0.419133807
lambda =          1; f =         1453.7932637
lambda =     1.9332; f =         1453.5272046
Norm of dx  0.0085481
----
Improvement on iteration 3 =        0.916992711
-----------------
f at the beginning of new iteration,      1453.5272046143
Predicted improvement:        0.260077606
lambda =          1; f =         1453.1410492
lambda =     1.9332; f =         1453.0287892
Norm of dx   0.010435
----
Improvement on iteration 4 =        0.498415443
-----------------
f at the beginning of new iteration,      1453.0287891708
Predicted improvement:        0.137384008
lambda =          1; f =         1452.7885509
lambda =     1.9332; f =         1452.6270615
lambda =     3.7372; f =         1452.4889023
Norm of dx  0.0064957
----
Improvement on iteration 5 =        0.539886870
-----------------
f at the beginning of new iteration,      1452.4889023012
Predicted improvement:        0.017036189
lambda =          1; f =         1452.4635306
lambda =     1.9332; f =         1452.4557459
Norm of dx  0.0038391
----
Improvement on iteration 6 =        0.033156389
-----------------
f at the beginning of new iteration,      1452.4557459118
Predicted improvement:        0.016069034
lambda =          1; f =         1452.4255429
lambda =     1.9332; f =         1452.4008132
lambda =     3.7372; f =         1452.3624839
lambda =     7.2247; f =         1452.3239532
Norm of dx  0.0025564
----
Improvement on iteration 7 =        0.131792707
-----------------
f at the beginning of new iteration,      1452.3239532050
Predicted improvement:        0.008265465
lambda =          1; f =         1452.3141238
Norm of dx  0.0037094
----
Improvement on iteration 8 =        0.009829383
-----------------
f at the beginning of new iteration,      1452.3141238219
Predicted improvement:        0.003040894
lambda =          1; f =         1452.3085411
lambda =     1.9332; f =         1452.3042057
lambda =     3.7372; f =         1452.2982212
Norm of dx  0.0016682
----
Improvement on iteration 9 =        0.015902650
-----------------
f at the beginning of new iteration,      1452.2982211721
Predicted improvement:        0.017823036
lambda =          1; f =         1452.2673067
lambda =     1.9332; f =         1452.2469269
lambda =     3.7372; f =         1452.2309930
Norm of dx  0.0089005
----
Improvement on iteration 10 =        0.067228180
-----------------
f at the beginning of new iteration,      1452.2309929917
Predicted improvement:        0.031224344
lambda =          1; f =         1452.1803455
lambda =     1.9332; f =         1452.1542425
Norm of dx  0.0088194
----
Improvement on iteration 11 =        0.076750524
-----------------
f at the beginning of new iteration,      1452.1542424679
Predicted improvement:        0.008247171
lambda =          1; f =         1452.1446318
Norm of dx  0.0068237
----
Improvement on iteration 12 =        0.009610679
-----------------
f at the beginning of new iteration,      1452.1446317893
Predicted improvement:        0.001792184
lambda =          1; f =         1452.1415696
lambda =     1.9332; f =         1452.1396556
lambda =     3.7372; f =         1452.1385318
Norm of dx  0.0020217
----
Improvement on iteration 13 =        0.006099955
-----------------
f at the beginning of new iteration,      1452.1385318344
Predicted improvement:        0.002549091
lambda =          1; f =         1452.1346398
lambda =     1.9332; f =         1452.1331576
Norm of dx  0.0016346
----
Improvement on iteration 14 =        0.005374206
-----------------
f at the beginning of new iteration,      1452.1331576279
Predicted improvement:        0.000298469
lambda =          1; f =         1452.1327788
Norm of dx 0.00057516
----
Improvement on iteration 15 =        0.000378864
-----------------
f at the beginning of new iteration,      1452.1327787640
Predicted improvement:        0.000142911
lambda =          1; f =         1452.1325189
lambda =     1.9332; f =         1452.1323245
lambda =     3.7372; f =         1452.1320803
Norm of dx 0.00037859
----
Improvement on iteration 16 =        0.000698439
-----------------
f at the beginning of new iteration,      1452.1320803247
Predicted improvement:        0.000699668
lambda =          1; f =         1452.1307536
lambda =     1.9332; f =         1452.1296459
lambda =     3.7372; f =         1452.1278613
lambda =     7.2247; f =         1452.1257441
Norm of dx  0.0015689
----
Improvement on iteration 17 =        0.006336250
-----------------
f at the beginning of new iteration,      1452.1257440744
Predicted improvement:        0.006385530
lambda =          1; f =         1452.1135649
lambda =     1.9332; f =         1452.1032249
lambda =     3.7372; f =         1452.0860454
lambda =     7.2247; f =         1452.0633846
Norm of dx   0.013493
----
Improvement on iteration 18 =        0.062359466
-----------------
f at the beginning of new iteration,      1452.0633846087
Predicted improvement:        0.057444830
lambda =          1; f =         1451.9719480
lambda =     1.9332; f =         1451.9355246
Norm of dx    0.12455
----
Improvement on iteration 19 =        0.127860018
-----------------
f at the beginning of new iteration,      1451.9355245906
Predicted improvement:        0.040519543
lambda =          1; f =         1451.8864575
Norm of dx   0.039737
----
Improvement on iteration 20 =        0.049067103
-----------------
f at the beginning of new iteration,      1451.8864574876
Predicted improvement:        0.004303020
lambda =          1; f =         1451.8821451
Norm of dx   0.012124
----
Improvement on iteration 21 =        0.004312349
-----------------
f at the beginning of new iteration,      1451.8821451384
Predicted improvement:        0.000324305
lambda =          1; f =         1451.8816373
lambda =     1.9332; f =         1451.8814424
Norm of dx  0.0065851
----
Improvement on iteration 22 =        0.000702707
-----------------
f at the beginning of new iteration,      1451.8814424315
Predicted improvement:        0.000528027
lambda =          1; f =         1451.8804161
lambda =     1.9332; f =         1451.8795247
lambda =     3.7372; f =         1451.8779837
lambda =     7.2247; f =         1451.8756872
lambda =     13.967; f =         1451.8738147
Norm of dx  0.0018769
----
Improvement on iteration 23 =        0.007627705
-----------------
f at the beginning of new iteration,      1451.8738147269
Predicted improvement:        0.006226718
lambda =          1; f =         1451.8616028
lambda =     1.9332; f =         1451.8506674
lambda =     3.7372; f =         1451.8308113
lambda =     7.2247; f =         1451.7974133
lambda =     13.967; f =         1451.7534931
Norm of dx   0.012415
----
Improvement on iteration 24 =        0.120321587
-----------------
f at the beginning of new iteration,      1451.7534931397
Predicted improvement:        0.045591234
lambda =          1; f =         1451.7008240
Norm of dx    0.11876
----
Improvement on iteration 25 =        0.052669166
-----------------
f at the beginning of new iteration,      1451.7008239735
Predicted improvement:        0.007956041
lambda =          1; f =         1451.6970337
lambda =    0.33333; f =         1451.6968596
lambda =    0.64439; f =         1451.6955975
Norm of dx   0.014956
----
Improvement on iteration 26 =        0.005226499
-----------------
f at the beginning of new iteration,      1451.6955974741
Predicted improvement:        0.001708634
lambda =          1; f =         1451.6942563
Norm of dx   0.026036
----
Improvement on iteration 27 =        0.001341151
-----------------
f at the beginning of new iteration,      1451.6942563235
Predicted improvement:        0.000080319
lambda =          1; f =         1451.6941796
Norm of dx  0.0033198
----
Improvement on iteration 28 =        0.000076718
-----------------
f at the beginning of new iteration,      1451.6941796053
Predicted improvement:        0.000002699
lambda =          1; f =         1451.6941773
Norm of dx 0.00034289
----
Improvement on iteration 29 =        0.000002297
-----------------
f at the beginning of new iteration,      1451.6941773083
Predicted improvement:        0.000000278
lambda =          1; f =         1451.6941774
lambda =    0.33333; f =         1451.6941773
lambda =    0.11111; f =         1451.6941773
Norm of dx  0.0003002
----
Improvement on iteration 30 =        0.000000037
improvement < crit termination

Final value of minus the log posterior (or likelihood):1451.694177 

MODE CHECK

Fval obtained by the minimization routine (minus the posterior/likelihood)): 1451.694177
[Warning: MATLAB has disabled some advanced graphics rendering features by
switching to software OpenGL. For more information, click <a
href="matlab:opengl('problems')">here</a>.] 

RESULTS FROM POSTERIOR ESTIMATION
parameters
         prior mean     mode    s.d. prior pstdev

ALPHA        0.300   0.2997  0.0056 norm 0.0500 
RA           2.000   1.9673  0.2467 gamm 0.2500 
DELTA        0.500   0.0212  0.0022 unif 0.2887 
RHOA         0.500   0.4600  0.0285 beta 0.1000 
SIGA         0.600   0.5573  0.0291 invg 4.0000 
THETA        1.500   0.9135  0.5363 gamm 0.7500 
KAPPA        2.000   1.6953  0.2143 gamm 1.5000 
RHOUPSILON   0.500   0.4807  0.0282 beta 0.1000 
SIGUPSILON   0.600   0.5115  0.0894 invg 4.0000 


Log data density [Laplace approximation] is -1476.048386.


You did not declare endogenous variables after the estimation/calib_smoother command.

Initial value of the log posterior (or likelihood): -1451.6942

MODE CHECK

Fval obtained by the minimization routine (minus the posterior/likelihood)): 1451.694177

RESULTS FROM POSTERIOR ESTIMATION
parameters
         prior mean     mode    s.d. prior pstdev

ALPHA        0.300   0.2997  0.0056 norm 0.0500 
RA           2.000   1.9673  0.2467 gamm 0.2500 
DELTA        0.500   0.0212  0.0022 unif 0.2887 
RHOA         0.500   0.4600  0.0285 beta 0.1000 
SIGA         0.600   0.5573  0.0291 invg 4.0000 
THETA        1.500   0.9135  0.5363 gamm 0.7500 
KAPPA        2.000   1.6953  0.2143 gamm 1.5000 
RHOUPSILON   0.500   0.4807  0.0282 beta 0.1000 
SIGUPSILON   0.600   0.5115  0.0894 invg 4.0000 


Log data density [Laplace approximation] is -1476.048386.

Estimation::mcmc: Multiple chains mode.
Estimation::mcmc: Old mh-files successfully erased!
Estimation::mcmc: Old metropolis.log file successfully erased!
Estimation::mcmc: Creation of a new metropolis.log file.
Estimation::mcmc: Searching for initial values...
Estimation::mcmc: Initial values found!

Estimation::mcmc: Write details about the MCMC... Ok!
Estimation::mcmc: Details about the MCMC are available in KimModTheBuilder/metropolis/KimModTheBuilder_mh_history_0.mat

ssh  @localhost rm -f //posterior_sampler_core_output_*.mat: Signal 127
ssh  @localhost rm -f //comp_status_posterior_sampler_core*.mat: Signal 127
ssh  @localhost rm -f //slaveParallel_break.mat: Signal 127

Estimation::mcmc: Number of mh files: 1 per block.
Estimation::mcmc: Total number of generated files: 4.
Estimation::mcmc: Total number of iterations: 1000000.
Estimation::mcmc: Current acceptance ratio per chain: 
                                                       Chain  1: 29.609%
                                                       Chain  2: 29.4993%
                                                       Chain  3: 29.5186%
                                                       Chain  4: 29.5475%
Estimation::mcmc: Total number of MH draws per chain: 1000000.
Estimation::mcmc: Total number of generated MH files: 1.
Estimation::mcmc: I'll use mh-files 1 to 1.
Estimation::mcmc: In MH-file number 1 I'll start at line 500001.
Estimation::mcmc: Finally I keep 500000 draws per chain.



MCMC Inefficiency factors per block
Parameter        Block 1     Block 2     Block 3     Block 4
ALPHA             35.729      32.720      35.651      33.991
RA                35.530      31.893      35.319      34.039
DELTA             43.354      42.857      43.703      41.220
RHOA              33.315      33.501      32.589      33.189
SIGA              40.732      39.004      40.381      40.673
THETA            258.249     317.296     210.499     219.604
KAPPA            239.829     295.982     194.050     202.878
RHOUPSILON        35.356      35.911      33.646      39.225
SIGUPSILON       156.836     181.380     131.016     132.227

Estimation::mcmc::diagnostics: Univariate convergence diagnostic, Brooks and Gelman (1998):
ssh  @localhost rm -f //McMCDiagnostics_core_output_*.mat: Signal 127
ssh  @localhost rm -f //comp_status_McMCDiagnostics_core*.mat: Signal 127
ssh  @localhost rm -f //slaveParallel_break.mat: Signal 127

Estimation::marginal density: I'm computing the posterior mean and covariance...  Done!
Estimation::marginal density: I'm computing the posterior log marginal density (modified harmonic mean)... Done!


ESTIMATION RESULTS

Log data density is -1475.715601.

parameters
             prior mean   post. mean        90% HPD interval    prior       pstdev

ALPHA             0.300       0.2994      0.2904      0.3086    norm       0.0500
RA                2.000       2.0056      1.6019      2.4176    gamm       0.2500
DELTA             0.500       0.0220      0.0182      0.0258    unif       0.2887
RHOA              0.500       0.4620      0.4158      0.5096    beta       0.1000
SIGA              0.600       0.5671      0.5165      0.6172    invg       4.0000
THETA             1.500       1.4750      0.3783      2.5318    gamm       0.7500
KAPPA             2.000       1.9110      1.4714      2.3387    gamm       1.5000
RHOUPSILON        0.500       0.4827      0.4364      0.5293    beta       0.1000
SIGUPSILON        0.600       0.5890      0.4337      0.7370    invg       4.0000
/bin/bash: pdflatex: command not found

ans =

   127

Total computing time : 2h56m25s
Note: warning(s) encountered in MATLAB/Octave code
