Starting preprocessing of the model file ...
Found 9 equation(s).
Evaluating expressions...done
Computing static model derivatives (order 1).
Computing dynamic model derivatives (order 2).
Processing outputs ...
done
Preprocessing completed.

STEADY-STATE RESULTS:

y       		 2.6827
c       		 2.01202
iv      		 0.670674
rk      		 0.03
k       		 26.827
lam     		 0.497012
q       		 1
a       		 1
upsilon 		 1




Residuals of the static equations:

Equation number 1 : 0 : foc household wrt c (marginal utility of consumption)
Equation number 2 : 0 : foc household wrt iv (Tobins Q)
Equation number 3 : 0 : foc household wrt k (Euler equation capital)
Equation number 4 : 0 : capital accumulation
Equation number 5 : 0 : production function
Equation number 6 : 0 : firm capital demand
Equation number 7 : 0 : market clearing (resource constraint)
Equation number 8 : 0 : Evolution of technology
Equation number 9 : 0 : Evolution of investment specific technology shock



EIGENVALUES:
         Modulus             Real        Imaginary

          0.3543           0.3543                0
             0.5              0.5                0
             0.5              0.5                0
          0.9787           0.9787                0
           1.027            1.027                0
           2.836            2.836                0
       9.309e+15       -9.309e+15                0
       8.498e+16        8.498e+16                0
       3.596e+18       -3.596e+18                0
       6.123e+20       -6.123e+20                0


There are 6 eigenvalue(s) larger than 1 in modulus 
for 6 forward-looking variable(s)

The rank condition is verified.

MODEL_DIAGNOSTICS:  No obvious problems with this mod-file were detected.
 

You did not declare endogenous variables after the estimation/calib_smoother command.
Initial value of the log posterior (or likelihood): -6717.5707
-----------------
f at the beginning of new iteration,      6717.5706583537
Predicted improvement:     7670.871836664
lambda =          1; f =         6717.6259375
lambda =    0.33333; f =       643433.5864311
lambda =    0.11111; f =        69249.5556738
lambda =   0.037037; f =        17953.3269488
lambda =   0.012346; f =         8663.1581470
lambda =  0.0041152; f =         6970.4765761
lambda =  0.0013717; f =         6736.2986636
lambda = 0.00045725; f =         6715.1789503
Norm of dx     1.2386
----
Improvement on iteration 1 =        2.391708011
-----------------
f at the beginning of new iteration,      6715.1789503423
Predicted improvement:      180.194431832
lambda =          1; f =      2683942.0159943
lambda =    0.33333; f =        33993.4634295
lambda =    0.11111; f =         8134.5972474
lambda =   0.037037; f =         6835.5527242
lambda =   0.012346; f =         6724.8147539
lambda =  0.0041152; f =         6715.2352954
lambda =  0.0013717; f =         6714.8546777
Norm of dx     0.1919
----
Improvement on iteration 2 =        0.324272642
-----------------
f at the beginning of new iteration,      6714.8546776999
Predicted improvement:        6.664326781
lambda =          1; f =         6719.7842518
lambda =    0.33333; f =         6712.4110013
Norm of dx   0.036409
----
Improvement on iteration 3 =        2.443676381
-----------------
f at the beginning of new iteration,      6712.4110013194
Predicted improvement:        0.904113462
lambda =          1; f =         6712.7143494
lambda =    0.33333; f =         6712.0434273
Norm of dx   0.013245
----
Improvement on iteration 4 =        0.367574041
-----------------
f at the beginning of new iteration,      6712.0434272785
Predicted improvement:        0.619007028
lambda =          1; f =         6711.3723163
Norm of dx    0.01384
----
Improvement on iteration 5 =        0.671111000
-----------------
f at the beginning of new iteration,      6711.3723162784
Predicted improvement:        0.184873247
lambda =          1; f =         6711.1179921
Norm of dx  0.0079282
----
Improvement on iteration 6 =        0.254324152
-----------------
f at the beginning of new iteration,      6711.1179921261
Predicted improvement:        0.054056304
lambda =          1; f =         6711.0574385
Norm of dx  0.0046501
----
Improvement on iteration 7 =        0.060553621
-----------------
f at the beginning of new iteration,      6711.0574385053
Predicted improvement:        0.007991752
lambda =          1; f =         6711.0427180
lambda =     1.9332; f =         6711.0310882
lambda =     3.7372; f =         6711.0143772
lambda =     7.2247; f =         6711.0036597
Norm of dx  0.0016618
----
Improvement on iteration 8 =        0.053778824
-----------------
f at the beginning of new iteration,      6711.0036596808
Predicted improvement:        0.036677189
lambda =          1; f =         6710.9381312
lambda =     1.9332; f =         6710.8905955
lambda =     3.7372; f =         6710.8365866
Norm of dx  0.0059799
----
Improvement on iteration 9 =        0.167073090
-----------------
f at the beginning of new iteration,      6710.8365865908
Predicted improvement:        0.021456231
lambda =          1; f =         6710.8084970
Norm of dx   0.010854
----
Improvement on iteration 10 =        0.028089556
-----------------
f at the beginning of new iteration,      6710.8084970345
Predicted improvement:        0.008804307
lambda =          1; f =         6710.7968620
Norm of dx  0.0047796
----
Improvement on iteration 11 =        0.011635047
-----------------
f at the beginning of new iteration,      6710.7968619870
Predicted improvement:        0.002151570
lambda =          1; f =         6710.7941909
Norm of dx  0.0009858
----
Improvement on iteration 12 =        0.002671135
-----------------
f at the beginning of new iteration,      6710.7941908517
Predicted improvement:        0.000129222
lambda =          1; f =         6710.7939706
lambda =     1.9332; f =         6710.7939126
Norm of dx 0.00054393
----
Improvement on iteration 13 =        0.000278230
-----------------
f at the beginning of new iteration,      6710.7939126217
Predicted improvement:        0.000071085
lambda =          1; f =         6710.7938164
Norm of dx 0.00017028
----
Improvement on iteration 14 =        0.000096249
-----------------
f at the beginning of new iteration,      6710.7938163727
Predicted improvement:        0.000686494
lambda =          1; f =         6710.7930623
Norm of dx   0.001539
----
Improvement on iteration 15 =        0.000754080
-----------------
f at the beginning of new iteration,      6710.7930622931
Predicted improvement:        0.001133320
lambda =          1; f =         6710.7917612
Norm of dx  0.0032727
----
Improvement on iteration 16 =        0.001301049
-----------------
f at the beginning of new iteration,      6710.7917612445
Predicted improvement:        0.002846404
lambda =          1; f =         6710.7887405
Norm of dx  0.0090377
----
Improvement on iteration 17 =        0.003020780
-----------------
f at the beginning of new iteration,      6710.7887404643
Predicted improvement:        0.004248366
lambda =          1; f =         6710.7845988
Norm of dx   0.015155
----
Improvement on iteration 18 =        0.004141654
-----------------
f at the beginning of new iteration,      6710.7845988105
Predicted improvement:        0.003791531
lambda =          1; f =         6710.7814042
Norm of dx   0.014633
----
Improvement on iteration 19 =        0.003194568
-----------------
f at the beginning of new iteration,      6710.7814042424
Predicted improvement:        0.001289576
lambda =          1; f =         6710.7801645
Norm of dx  0.0040058
----
Improvement on iteration 20 =        0.001239763
-----------------
f at the beginning of new iteration,      6710.7801644799
Predicted improvement:        0.000167693
lambda =          1; f =         6710.7797329
lambda =     1.9332; f =         6710.7795960
lambda =     3.7372; f =         6710.7800586
lambda =     2.5164; f =         6710.7796407
Norm of dx  0.0013602
----
Improvement on iteration 21 =        0.000568470
-----------------
f at the beginning of new iteration,      6710.7795960095
Predicted improvement:        0.000095636
lambda =          1; f =         6710.7796381
lambda =    0.33333; f =         6710.7795889
lambda =    0.11111; f =         6710.7795913
lambda =   0.037037; f =         6710.7795942
lambda =   0.012346; f =         6710.7795954
lambda =  0.0041152; f =         6710.7795958
lambda =  0.0013717; f =         6710.7795959
lambda = 0.00045725; f =         6710.7795960
lambda = 0.00015242; f =         6710.7795960
lambda = 5.0805e-05; f =         6710.7795960
lambda = 1.6935e-05; f =         6710.7795960
lambda =  5.645e-06; f =         6710.7795960
Norm of dx 0.00069923
----
Improvement on iteration 22 =        0.000007133
-----------------
f at the beginning of new iteration,      6710.7795888768
Predicted improvement:        0.000042977
lambda =          1; f =         6710.7796299
lambda =    0.33333; f =         6710.7795930
lambda =    0.11111; f =         6710.7795892
lambda =   0.037037; f =         6710.7795889
lambda =   0.012346; f =         6710.7795889
lambda =  0.0041152; f =         6710.7795889
lambda =  0.0013717; f =         6710.7795889
lambda = 0.00045725; f =         6710.7795889
lambda = 0.00015242; f =         6710.7795889
lambda = 5.0805e-05; f =         6710.7795889
lambda = 1.6935e-05; f =         6710.7795889
lambda =  5.645e-06; f =         6710.7795889
lambda = 1.8817e-06; f =         6710.7795889
lambda = 6.2723e-07; f =         6710.7795889
lambda = 2.0908e-07; f =         6710.7795889
lambda = 6.9692e-08; f =         6710.7795889
lambda = 2.3231e-08; f =         6710.7795889
lambda = 7.7435e-09; f =         6710.7795889
lambda = 2.5812e-09; f =         6710.7795889
Norm of dx 0.00041503
----
Improvement on iteration 23 =        0.000000018
improvement < crit termination
smallest step still improving too slow

Final value of minus the log posterior (or likelihood):6710.779589 

MODE CHECK

Fval obtained by the minimization routine (minus the posterior/likelihood)): 6710.779589
[Warning: MATLAB has disabled some advanced graphics rendering features by
switching to software OpenGL. For more information, click <a
href="matlab:opengl('problems')">here</a>.] 

RESULTS FROM POSTERIOR ESTIMATION
parameters
         prior mean     mode    s.d. prior pstdev

ALPHA        0.300   0.2993  0.0040 norm 0.0500 
RA           2.000   1.9477  0.2247 gamm 0.2500 
DELTA        0.500   0.0248  0.0012 unif 0.2887 
RHOA         0.500   0.4996  0.0095 beta 0.1000 
SIGA         0.600   0.5958  0.0122 invg 4.0000 
THETA        1.500   1.4753  0.0540 gamm 0.7500 
KAPPA        2.000   1.9463  0.0377 gamm 1.5000 
RHOUPSILON   0.500   0.5009  0.0099 beta 0.1000 
SIGUPSILON   0.600   0.5808  0.0186 invg 4.0000 


Log data density [Laplace approximation] is -6746.356954.


You did not declare endogenous variables after the estimation/calib_smoother command.

Initial value of the log posterior (or likelihood): -6710.7796

MODE CHECK

Fval obtained by the minimization routine (minus the posterior/likelihood)): 6710.779589

RESULTS FROM POSTERIOR ESTIMATION
parameters
         prior mean     mode    s.d. prior pstdev

ALPHA        0.300   0.2993  0.0040 norm 0.0500 
RA           2.000   1.9477  0.2247 gamm 0.2500 
DELTA        0.500   0.0248  0.0012 unif 0.2887 
RHOA         0.500   0.4996  0.0095 beta 0.1000 
SIGA         0.600   0.5958  0.0122 invg 4.0000 
THETA        1.500   1.4753  0.0540 gamm 0.7500 
KAPPA        2.000   1.9463  0.0377 gamm 1.5000 
RHOUPSILON   0.500   0.5009  0.0099 beta 0.1000 
SIGUPSILON   0.600   0.5808  0.0186 invg 4.0000 


Log data density [Laplace approximation] is -6746.356954.

Estimation::mcmc: Multiple chains mode.
Estimation::mcmc: Old mh-files successfully erased!
Estimation::mcmc: Old metropolis.log file successfully erased!
Estimation::mcmc: Creation of a new metropolis.log file.
Estimation::mcmc: Searching for initial values...
Estimation::mcmc: Initial values found!

Estimation::mcmc: Write details about the MCMC... Ok!
Estimation::mcmc: Details about the MCMC are available in KimModTheBuilder/metropolis/KimModTheBuilder_mh_history_0.mat

ssh  @localhost rm -f //posterior_sampler_core_output_*.mat: Signal 127
ssh  @localhost rm -f //comp_status_posterior_sampler_core*.mat: Signal 127
ssh  @localhost rm -f //slaveParallel_break.mat: Signal 127

Estimation::mcmc: Number of mh files: 1 per block.
Estimation::mcmc: Total number of generated files: 4.
Estimation::mcmc: Total number of iterations: 1000000.
Estimation::mcmc: Current acceptance ratio per chain: 
                                                       Chain  1: 25.2155%
                                                       Chain  2: 25.2109%
                                                       Chain  3: 25.2741%
                                                       Chain  4: 25.2401%
Estimation::mcmc: Total number of MH draws per chain: 1000000.
Estimation::mcmc: Total number of generated MH files: 1.
Estimation::mcmc: I'll use mh-files 1 to 1.
Estimation::mcmc: In MH-file number 1 I'll start at line 500001.
Estimation::mcmc: Finally I keep 500000 draws per chain.



MCMC Inefficiency factors per block
Parameter        Block 1     Block 2     Block 3     Block 4
ALPHA             37.702      35.736      36.299      37.033
RA                39.702      38.922      40.391      39.508
DELTA             38.611      39.012      40.629      37.619
RHOA              32.884      31.493      31.917      32.189
SIGA              34.281      32.641      31.982      33.467
THETA             34.486      34.411      35.229      30.999
KAPPA             34.033      33.135      35.235      31.138
RHOUPSILON        30.107      30.139      34.620      31.962
SIGUPSILON        34.351      32.137      33.966      32.485

Estimation::mcmc::diagnostics: Univariate convergence diagnostic, Brooks and Gelman (1998):
ssh  @localhost rm -f //McMCDiagnostics_core_output_*.mat: Signal 127
ssh  @localhost rm -f //comp_status_McMCDiagnostics_core*.mat: Signal 127
ssh  @localhost rm -f //slaveParallel_break.mat: Signal 127

Estimation::marginal density: I'm computing the posterior mean and covariance...  Done!
Estimation::marginal density: I'm computing the posterior log marginal density (modified harmonic mean)... Done!


ESTIMATION RESULTS

Log data density is -6746.341062.

parameters
             prior mean   post. mean        90% HPD interval    prior       pstdev

ALPHA             0.300       0.2996      0.2930      0.3061    norm       0.0500
RA                2.000       1.9779      1.6036      2.3397    gamm       0.2500
DELTA             0.500       0.0250      0.0230      0.0270    unif       0.2887
RHOA              0.500       0.5001      0.4844      0.5158    beta       0.1000
SIGA              0.600       0.5973      0.5770      0.6173    invg       4.0000
THETA             1.500       1.4821      1.3913      1.5708    gamm       0.7500
KAPPA             2.000       1.9511      1.8888      2.0139    gamm       1.5000
RHOUPSILON        0.500       0.5016      0.4852      0.5178    beta       0.1000
SIGUPSILON        0.600       0.5842      0.5532      0.6150    invg       4.0000
/bin/bash: pdflatex: command not found

ans =

   127

Total computing time : 10h41m40s
Note: warning(s) encountered in MATLAB/Octave code
