Starting preprocessing of the model file ...
Found 9 equation(s).
Evaluating expressions...done
Computing static model derivatives (order 1).
Computing dynamic model derivatives (order 2).
Processing outputs ...
done
Preprocessing completed.

STEADY-STATE RESULTS:

YGR  		 0.55
INFL 		 3.2
INT  		 6.4
y    		 1.1161
c    		 0.948683
r    		 1.01608
p    		 1.008
g    		 1.17647
z    		 1




Residuals of the static equations:

Equation number 1 : 0 : Euler equation
Equation number 2 : 0 : Price setting based on Rotemberg quadratic price adjustment costs and Dixit/Stiglitz aggregator
Equation number 3 : 0 : Market clearing: aggregate supply equals aggregate demand
Equation number 4 : 0 : Taylor rule
Equation number 5 : 0 : Government spending process
Equation number 6 : 0 : Technology growth process
Equation number 7 : 0 : Output growth (q-on-q)
Equation number 8 : 0 : Annualized inflation
Equation number 9 : 0 : Annualized nominal interest rate



EIGENVALUES:
         Modulus             Real        Imaginary

               0                0                0
          0.6313           0.6313                0
             0.9              0.9                0
            0.95             0.95                0
           1.069            1.069                0
           1.114           -1.114                0
       7.766e+16       -7.766e+16                0
       8.386e+16        8.386e+16                0


There are 4 eigenvalue(s) larger than 1 in modulus 
for 4 forward-looking variable(s)

The rank condition is verified.

MODEL_DIAGNOSTICS:  No obvious problems with this mod-file were detected.
 

You did not declare endogenous variables after the estimation/calib_smoother command.
Initial value of the log posterior (or likelihood): -929.1058
-----------------
f at the beginning of new iteration,       929.1057722034
Predicted improvement:        5.271651635
lambda =          1; f =          988.6005055
lambda =    0.33333; f =          933.0928638
lambda =    0.11111; f =          928.7586047
lambda =   0.037037; f =          928.8065078
lambda =   0.071599; f =          928.6924845
Norm of dx    0.03247
----
Improvement on iteration 1 =        0.413287674
-----------------
f at the beginning of new iteration,       928.6924845298
Predicted improvement:        0.920057343
lambda =          1; f =          928.6556260
lambda =    0.33333; f =          928.2895353
Norm of dx   0.014762
----
Improvement on iteration 2 =        0.402949197
-----------------
f at the beginning of new iteration,       928.2895353326
Predicted improvement:        0.192747493
lambda =          1; f =          928.1472839
Norm of dx  0.0071398
----
Improvement on iteration 3 =        0.142251452
-----------------
f at the beginning of new iteration,       928.1472838802
Predicted improvement:        0.133788919
lambda =          1; f =          927.9851703
Norm of dx  0.0057995
----
Improvement on iteration 4 =        0.162113605
-----------------
f at the beginning of new iteration,       927.9851702750
Predicted improvement:        0.077121588
lambda =          1; f =          927.8561601
lambda =     1.9332; f =          927.7816450
Norm of dx  0.0061441
----
Improvement on iteration 5 =        0.203525252
-----------------
f at the beginning of new iteration,       927.7816450233
Predicted improvement:        0.113340206
lambda =          1; f =          927.6062066
lambda =     1.9332; f =          927.5361010
Norm of dx   0.013012
----
Improvement on iteration 6 =        0.245544038
-----------------
f at the beginning of new iteration,       927.5361009853
Predicted improvement:        0.107585074
lambda =          1; f =          927.3443804
lambda =     1.9332; f =          927.2071165
lambda =     3.7372; f =          927.0520049
Norm of dx   0.011709
----
Improvement on iteration 7 =        0.484096037
-----------------
f at the beginning of new iteration,       927.0520049487
Predicted improvement:        0.098490230
lambda =          1; f =          926.9298881
Norm of dx   0.013804
----
Improvement on iteration 8 =        0.122116839
-----------------
f at the beginning of new iteration,       926.9298881095
Predicted improvement:        0.019903321
lambda =          1; f =          926.8994559
lambda =     1.9332; f =          926.8878894
Norm of dx  0.0049128
----
Improvement on iteration 9 =        0.041998733
-----------------
f at the beginning of new iteration,       926.8878893768
Predicted improvement:        0.017641740
lambda =          1; f =          926.8563546
lambda =     1.9332; f =          926.8337109
lambda =     3.7372; f =          926.8087379
Norm of dx  0.0031827
----
Improvement on iteration 10 =        0.079151476
-----------------
f at the beginning of new iteration,       926.8087379007
Predicted improvement:        0.013831819
lambda =          1; f =          926.7888518
lambda =     1.9332; f =          926.7843481
Norm of dx  0.0035828
----
Improvement on iteration 11 =        0.024389841
-----------------
f at the beginning of new iteration,       926.7843480599
Predicted improvement:        0.009213472
lambda =          1; f =          926.7664976
lambda =     1.9332; f =          926.7508841
lambda =     3.7372; f =          926.7235584
lambda =     7.2247; f =          926.6814111
lambda =     13.967; f =          926.6398367
Norm of dx  0.0019313
----
Improvement on iteration 12 =        0.144511396
-----------------
f at the beginning of new iteration,       926.6398366635
Predicted improvement:        0.085415130
lambda =          1; f =          926.4966233
lambda =     1.9332; f =          926.4141782
Norm of dx    0.02946
----
Improvement on iteration 13 =        0.225658471
-----------------
f at the beginning of new iteration,       926.4141781929
Predicted improvement:        0.083769126
lambda =          1; f =          926.2953286
lambda =     1.9332; f =          926.2726160
Norm of dx   0.039085
----
Improvement on iteration 14 =        0.141562214
-----------------
f at the beginning of new iteration,       926.2726159785
Predicted improvement:        0.056065713
lambda =          1; f =          926.1733772
lambda =     1.9332; f =          926.1036263
lambda =     3.7372; f =          926.0297135
Norm of dx  0.0041521
----
Improvement on iteration 15 =        0.242902470
-----------------
f at the beginning of new iteration,       926.0297135088
Predicted improvement:        0.067440135
lambda =          1; f =          925.9399412
Norm of dx   0.047123
----
Improvement on iteration 16 =        0.089772302
-----------------
f at the beginning of new iteration,       925.9399412063
Predicted improvement:        0.018013218
lambda =          1; f =          925.9177416
Norm of dx   0.031307
----
Improvement on iteration 17 =        0.022199656
-----------------
f at the beginning of new iteration,       925.9177415501
Predicted improvement:        0.005482239
lambda =          1; f =          925.9083995
lambda =     1.9332; f =          925.9025441
lambda =     3.7372; f =          925.8988718
Norm of dx   0.011195
----
Improvement on iteration 18 =        0.018869791
-----------------
f at the beginning of new iteration,       925.8988717587
Predicted improvement:        0.011412225
lambda =          1; f =          925.8767610
lambda =     1.9332; f =          925.8574035
lambda =     3.7372; f =          925.8235140
lambda =     7.2247; f =          925.7714404
lambda =     13.967; f =          925.7236952
Norm of dx  0.0036028
----
Improvement on iteration 19 =        0.175176593
-----------------
f at the beginning of new iteration,       925.7236951657
Predicted improvement:        0.046749944
lambda =          1; f =          925.6594777
Norm of dx   0.038532
----
Improvement on iteration 20 =        0.064217484
-----------------
f at the beginning of new iteration,       925.6594776812
Predicted improvement:        0.020510418
lambda =          1; f =          925.6327022
Norm of dx   0.027127
----
Improvement on iteration 21 =        0.026775450
-----------------
f at the beginning of new iteration,       925.6327022309
Predicted improvement:        0.012645033
lambda =          1; f =          925.6106211
lambda =     1.9332; f =          925.5957330
lambda =     3.7372; f =          925.5825308
Norm of dx   0.013061
----
Improvement on iteration 22 =        0.050171449
-----------------
f at the beginning of new iteration,       925.5825307816
Predicted improvement:        0.036969977
lambda =          1; f =          925.5108264
lambda =     1.9332; f =          925.4478985
lambda =     3.7372; f =          925.3372652
lambda =     7.2247; f =          925.1655261
lambda =     13.967; f =          925.0005231
Norm of dx   0.017672
----
Improvement on iteration 23 =        0.582007657
-----------------
f at the beginning of new iteration,       925.0005231246
Predicted improvement:        0.187902588
lambda =          1; f =          924.7815615
Norm of dx   0.053566
----
Improvement on iteration 24 =        0.218961608
-----------------
f at the beginning of new iteration,       924.7815615170
Predicted improvement:        0.034746704
lambda =          1; f =          924.7562034
Norm of dx   0.012805
----
Improvement on iteration 25 =        0.025358163
-----------------
f at the beginning of new iteration,       924.7562033544
Predicted improvement:        0.005099426
lambda =          1; f =          924.7503814
Norm of dx  0.0079375
----
Improvement on iteration 26 =        0.005821951
-----------------
f at the beginning of new iteration,       924.7503814039
Predicted improvement:        0.001845629
lambda =          1; f =          924.7474563
lambda =     1.9332; f =          924.7461115
Norm of dx  0.0034078
----
Improvement on iteration 27 =        0.004269915
-----------------
f at the beginning of new iteration,       924.7461114890
Predicted improvement:        0.004272326
lambda =          1; f =          924.7382671
lambda =     1.9332; f =          924.7321992
lambda =     3.7372; f =          924.7238731
Norm of dx  0.0036578
----
Improvement on iteration 28 =        0.022238418
-----------------
f at the beginning of new iteration,       924.7238730707
Predicted improvement:        0.025573578
lambda =          1; f =          924.6796072
lambda =     1.9332; f =          924.6506334
lambda =     3.7372; f =          924.6272221
Norm of dx   0.024812
----
Improvement on iteration 29 =        0.096650949
-----------------
f at the beginning of new iteration,       924.6272221220
Predicted improvement:        0.052932727
lambda =          1; f =          924.5317548
lambda =     1.9332; f =          924.4618088
lambda =     3.7372; f =          924.3795127
Norm of dx   0.023962
----
Improvement on iteration 30 =        0.247709412
-----------------
f at the beginning of new iteration,       924.3795127096
Predicted improvement:        0.038784410
lambda =          1; f =          924.3415905
Norm of dx   0.045215
----
Improvement on iteration 31 =        0.037922163
-----------------
f at the beginning of new iteration,       924.3415905466
Predicted improvement:        0.001148028
lambda =          1; f =          924.3400878
Norm of dx  0.0026193
----
Improvement on iteration 32 =        0.001502739
-----------------
f at the beginning of new iteration,       924.3400878080
Predicted improvement:        0.000391235
lambda =          1; f =          924.3394950
lambda =     1.9332; f =          924.3392780
Norm of dx   0.001542
----
Improvement on iteration 33 =        0.000809762
-----------------
f at the beginning of new iteration,       924.3392780464
Predicted improvement:        0.000416807
lambda =          1; f =          924.3384575
lambda =     1.9332; f =          924.3377153
lambda =     3.7372; f =          924.3363450
lambda =     7.2247; f =          924.3339370
lambda =     13.967; f =          924.3301809
lambda =         27; f =          924.3262687
Norm of dx 0.00067427
----
Improvement on iteration 34 =        0.013009306
-----------------
f at the beginning of new iteration,       924.3262687402
Predicted improvement:        0.010707433
lambda =          1; f =          924.3067513
lambda =     1.9332; f =          924.2919639
lambda =     3.7372; f =          924.2726957
Norm of dx   0.019558
----
Improvement on iteration 35 =        0.053573063
-----------------
f at the beginning of new iteration,       924.2726956774
Predicted improvement:        0.031053776
lambda =          1; f =          924.2311951
Norm of dx   0.051122
----
Improvement on iteration 36 =        0.041500580
-----------------
f at the beginning of new iteration,       924.2311950971
Predicted improvement:        0.008859711
lambda =          1; f =          924.2217455
Norm of dx   0.022739
----
Improvement on iteration 37 =        0.009449608
-----------------
f at the beginning of new iteration,       924.2217454893
Predicted improvement:        0.000198904
lambda =          1; f =          924.2215223
Norm of dx  0.0024763
----
Improvement on iteration 38 =        0.000223146
-----------------
f at the beginning of new iteration,       924.2215223432
Predicted improvement:        0.000004860
lambda =          1; f =          924.2215186
Norm of dx 0.00049598
----
Improvement on iteration 39 =        0.000003758
-----------------
f at the beginning of new iteration,       924.2215185855
Predicted improvement:        0.000000045
lambda =          1; f =          924.2215185
Norm of dx 5.2126e-05
----
Improvement on iteration 40 =        0.000000043
improvement < crit termination

Final value of minus the log posterior (or likelihood):924.221519 

MODE CHECK

Fval obtained by the minimization routine (minus the posterior/likelihood)): 924.221519
[Warning: MATLAB has disabled some advanced graphics rendering features by
switching to software OpenGL. For more information, click <a
href="matlab:opengl('problems')">here</a>.] 

RESULTS FROM POSTERIOR ESTIMATION
parameters
   prior mean     mode    s.d. prior pstdev

RA     0.800   1.6952  0.3257 gamm 0.5000 
PA     4.000   2.9006  0.2280 gamm 2.0000 
GAMQ   0.400   0.3944  0.1173 norm 0.2000 
TAU    2.000   1.5714  0.2427 gamm 0.5000 
NU     0.100   0.0881  0.0097 beta 0.0500 
PSIP   1.500   1.3776  0.1785 gamm 0.2500 
PSIY   0.500   0.1668  0.0516 gamm 0.2500 
RHOR   0.500   0.7266  0.0294 beta 0.2000 
RHOG   0.800   0.9379  0.0143 beta 0.1000 
RHOZ   0.660   0.8935  0.0142 beta 0.1500 
SIGR   0.300   0.2109  0.0094 invg 4.0000 
SIGG   0.400   0.6146  0.0289 invg 4.0000 
SIGZ   0.400   0.2792  0.0229 invg 4.0000 


Log data density [Laplace approximation] is -956.315192.


You did not declare endogenous variables after the estimation/calib_smoother command.

Initial value of the log posterior (or likelihood): -924.2215

MODE CHECK

Fval obtained by the minimization routine (minus the posterior/likelihood)): 924.221519

RESULTS FROM POSTERIOR ESTIMATION
parameters
   prior mean     mode    s.d. prior pstdev

RA     0.800   1.6952  0.3257 gamm 0.5000 
PA     4.000   2.9006  0.2280 gamm 2.0000 
GAMQ   0.400   0.3944  0.1173 norm 0.2000 
TAU    2.000   1.5714  0.2427 gamm 0.5000 
NU     0.100   0.0881  0.0097 beta 0.0500 
PSIP   1.500   1.3776  0.1785 gamm 0.2500 
PSIY   0.500   0.1668  0.0516 gamm 0.2500 
RHOR   0.500   0.7266  0.0294 beta 0.2000 
RHOG   0.800   0.9379  0.0143 beta 0.1000 
RHOZ   0.660   0.8935  0.0142 beta 0.1500 
SIGR   0.300   0.2109  0.0094 invg 4.0000 
SIGG   0.400   0.6146  0.0289 invg 4.0000 
SIGZ   0.400   0.2792  0.0229 invg 4.0000 


Log data density [Laplace approximation] is -956.315192.

Estimation::mcmc: Multiple chains mode.
Estimation::mcmc: Searching for initial values...
Estimation::mcmc: Initial values found!

Estimation::mcmc: Write details about the MCMC... Ok!
Estimation::mcmc: Details about the MCMC are available in AnSchoModTheBuilder/metropolis/AnSchoModTheBuilder_mh_history_0.mat

ssh  @localhost rm -f //posterior_sampler_core_output_*.mat: Signal 127
ssh  @localhost rm -f //comp_status_posterior_sampler_core*.mat: Signal 127
ssh  @localhost rm -f //slaveParallel_break.mat: Signal 127

Estimation::mcmc: Number of mh files: 2 per block.
Estimation::mcmc: Total number of generated files: 8.
Estimation::mcmc: Total number of iterations: 1000000.
Estimation::mcmc: Current acceptance ratio per chain: 
                                                       Chain  1: 29.5079%
                                                       Chain  2: 29.5492%
                                                       Chain  3: 29.4317%
                                                       Chain  4: 29.5567%
Estimation::mcmc: Total number of MH draws per chain: 1000000.
Estimation::mcmc: Total number of generated MH files: 2.
Estimation::mcmc: I'll use mh-files 1 to 2.
Estimation::mcmc: In MH-file number 1 I'll start at line 500001.
Estimation::mcmc: Finally I keep 500000 draws per chain.



MCMC Inefficiency factors per block
Parameter       Block 1     Block 2     Block 3     Block 4
RA               46.122      48.326      45.571      49.279
PA               62.563      61.966      64.289      70.145
GAMQ             46.122      48.026      48.096      47.936
TAU              57.145      60.087      60.610      57.001
NU               53.912      56.693      54.632      53.710
PSIP             48.556      44.605      48.706      49.314
PSIY            101.030      81.762     103.640      88.421
RHOR             62.046      58.404      59.626      54.313
RHOG             52.190      47.431      50.830      51.655
RHOZ             48.939      52.929      51.806      51.609
SIGR             49.530      51.937      49.568      52.427
SIGG             46.858      53.170      50.647      51.106
SIGZ             66.522      56.744      57.052      59.914

Estimation::mcmc::diagnostics: Univariate convergence diagnostic, Brooks and Gelman (1998):
ssh  @localhost rm -f //McMCDiagnostics_core_output_*.mat: Signal 127
ssh  @localhost rm -f //comp_status_McMCDiagnostics_core*.mat: Signal 127
ssh  @localhost rm -f //slaveParallel_break.mat: Signal 127
