Starting preprocessing of the model file ...
Found 8 equation(s).
Evaluating expressions...done
Computing static model derivatives (order 1).
Computing dynamic model derivatives (order 2).
Processing outputs ...
done
Preprocessing completed.

STEADY-STATE RESULTS:

y   		 2.6827
c   		 2.01202
iv  		 0.670674
rk  		 0.03
k   		 26.827
lam 		 0.497012
q   		 1
a   		 1




Residuals of the static equations:

Equation number 1 : 0 : foc household wrt c (marginal utility of consumption)
Equation number 2 : 0 : foc household wrt iv (Tobins Q)
Equation number 3 : 0 : foc household wrt k (Euler equation capital)
Equation number 4 : 0 : capital accumulation
Equation number 5 : 0 : production function
Equation number 6 : 0 : firm capital demand
Equation number 7 : 0 : market clearing (resource constraint)
Equation number 8 : 0 : Evolution of technology



EIGENVALUES:
         Modulus             Real        Imaginary

             0.5              0.5                0
          0.9849           0.9849                0
            1.02             1.02                0
       1.693e+17       -1.693e+17                0
       2.057e+17       -2.057e+17                0
       2.256e+17       -2.256e+17                0
       1.435e+20       -1.435e+20                0


There are 5 eigenvalue(s) larger than 1 in modulus 
for 5 forward-looking variable(s)

The rank condition is verified.

MODEL_DIAGNOSTICS:  No obvious problems with this mod-file were detected.
 

You did not declare endogenous variables after the estimation/calib_smoother command.
Initial value of the log posterior (or likelihood): -13520.5951
-----------------
f at the beginning of new iteration,     13520.5950647863
Predicted improvement:      312.448420787
lambda =          1; f =        39605.0714016
lambda =    0.33333; f =        20606.4737330
lambda =    0.11111; f =        14810.7650768
lambda =   0.037037; f =        13694.6143262
lambda =   0.012346; f =        13537.3840361
lambda =  0.0041152; f =        13520.8592678
lambda =  0.0013717; f =        13520.0569778
Norm of dx    0.24998
----
Improvement on iteration 1 =        0.538086978
-----------------
f at the beginning of new iteration,     13520.0569778082
Predicted improvement:        1.746663957
lambda =          1; f =        13518.2272341
Norm of dx   0.018546
----
Improvement on iteration 2 =        1.829743703
-----------------
f at the beginning of new iteration,     13518.2272341052
Predicted improvement:        0.138882785
lambda =          1; f =        13518.0396433
Norm of dx  0.0057285
----
Improvement on iteration 3 =        0.187590798
-----------------
f at the beginning of new iteration,     13518.0396433075
Predicted improvement:        0.107947319
lambda =          1; f =        13517.8980043
Norm of dx  0.0066099
----
Improvement on iteration 4 =        0.141639036
-----------------
f at the beginning of new iteration,     13517.8980042716
Predicted improvement:        0.126206401
lambda =          1; f =        13517.7171108
lambda =     1.9332; f =        13517.6445389
Norm of dx  0.0074086
----
Improvement on iteration 5 =        0.253465322
-----------------
f at the beginning of new iteration,     13517.6445389493
Predicted improvement:        0.115024702
lambda =          1; f =        13517.6408915
lambda =    0.33333; f =        13517.5932525
Norm of dx  0.0036924
----
Improvement on iteration 6 =        0.051286447
-----------------
f at the beginning of new iteration,     13517.5932525019
Predicted improvement:        0.059923266
lambda =          1; f =        13517.5420318
Norm of dx  0.0082116
----
Improvement on iteration 7 =        0.051220724
-----------------
f at the beginning of new iteration,     13517.5420317784
Predicted improvement:        0.005716675
lambda =          1; f =        13517.5356576
Norm of dx 0.00037647
----
Improvement on iteration 8 =        0.006374129
-----------------
f at the beginning of new iteration,     13517.5356576496
Predicted improvement:        0.002878358
lambda =          1; f =        13517.5336036
Norm of dx  0.0016501
----
Improvement on iteration 9 =        0.002054046
-----------------
f at the beginning of new iteration,     13517.5336036036
Predicted improvement:        0.001311470
lambda =          1; f =        13517.5338462
lambda =    0.33333; f =        13517.5334127
lambda =    0.11111; f =        13517.5335090
Norm of dx   0.001284
----
Improvement on iteration 10 =        0.000190856
-----------------
f at the beginning of new iteration,     13517.5334127476
Predicted improvement:        0.000774042
lambda =          1; f =        13517.5337896
lambda =    0.33333; f =        13517.5333775
lambda =    0.11111; f =        13517.5333841
lambda =   0.037037; f =        13517.5334012
lambda =   0.012346; f =        13517.5334087
lambda =  0.0041152; f =        13517.5334114
lambda =  0.0013717; f =        13517.5334123
lambda = 0.00045725; f =        13517.5334126
lambda = 0.00015242; f =        13517.5334127
lambda = 5.0805e-05; f =        13517.5334127
lambda = 1.6935e-05; f =        13517.5334127
lambda =  5.645e-06; f =        13517.5334127
lambda = 1.8817e-06; f =        13517.5334127
lambda = 6.2723e-07; f =        13517.5334127
lambda = 2.0908e-07; f =        13517.5334127
Norm of dx 0.00095908
----
Improvement on iteration 11 =        0.000035240
-----------------
f at the beginning of new iteration,     13517.5333775072
Predicted improvement:        0.000444178
lambda =          1; f =        13517.5337726
lambda =    0.33333; f =        13517.5334207
lambda =    0.11111; f =        13517.5333833
lambda =   0.037037; f =        13517.5333783
lambda =   0.012346; f =        13517.5333777
lambda =  0.0041152; f =        13517.5333775
lambda =  0.0013717; f =        13517.5333775
lambda = 0.00045725; f =        13517.5333775
lambda = 0.00015242; f =        13517.5333775
lambda = 5.0805e-05; f =        13517.5333775
lambda = 1.6935e-05; f =        13517.5333775
lambda =  5.645e-06; f =        13517.5333775
lambda = 1.8817e-06; f =        13517.5333775
lambda = 6.2723e-07; f =        13517.5333775
lambda = 2.0908e-07; f =        13517.5333775
lambda = 6.9692e-08; f =        13517.5333775
lambda = 2.3231e-08; f =        13517.5333775
lambda = 7.7435e-09; f =        13517.5333775
lambda = 2.5812e-09; f =        13517.5333775
Norm of dx 0.00075506
----
Improvement on iteration 12 =        0.000000000
improvement < crit termination
smallest step still improving too slow

Final value of minus the log posterior (or likelihood):13517.533378 

MODE CHECK

Fval obtained by the minimization routine (minus the posterior/likelihood)): 13517.533378
[Warning: MATLAB has disabled some advanced graphics rendering features by
switching to software OpenGL. For more information, click <a
href="matlab:opengl('problems')">here</a>.] 

RESULTS FROM POSTERIOR ESTIMATION
parameters
    prior mean     mode    s.d. prior pstdev

ALPHA   0.300   0.2610  0.0377 norm 0.0500 
RA      2.000   1.9989  0.2520 gamm 0.2500 
DELTA   0.500   0.0142  0.0087 unif 0.2887 
RHOA    0.500   0.5175  0.0097 beta 0.1000 
SIGA    0.600   0.5986  0.0499 invg 4.0000 
THETA   1.500   1.4975  0.8841 gamm 0.7500 
KAPPA   2.000   2.0008  1.6445 gamm 1.5000 


Log data density [Laplace approximation] is -13532.761193.


You did not declare endogenous variables after the estimation/calib_smoother command.

Initial value of the log posterior (or likelihood): -13517.5334

MODE CHECK

Fval obtained by the minimization routine (minus the posterior/likelihood)): 13517.533378

RESULTS FROM POSTERIOR ESTIMATION
parameters
    prior mean     mode    s.d. prior pstdev

ALPHA   0.300   0.2610  0.0377 norm 0.0500 
RA      2.000   1.9989  0.2520 gamm 0.2500 
DELTA   0.500   0.0142  0.0087 unif 0.2887 
RHOA    0.500   0.5175  0.0097 beta 0.1000 
SIGA    0.600   0.5986  0.0499 invg 4.0000 
THETA   1.500   1.4975  0.8841 gamm 0.7500 
KAPPA   2.000   2.0008  1.6445 gamm 1.5000 


Log data density [Laplace approximation] is -13532.761193.

Estimation::mcmc: Multiple chains mode.
Estimation::mcmc: Old mh-files successfully erased!
Estimation::mcmc: Old metropolis.log file successfully erased!
Estimation::mcmc: Creation of a new metropolis.log file.
Estimation::mcmc: Searching for initial values...
Estimation::mcmc: Initial values found!

Estimation::mcmc: Write details about the MCMC... Ok!
Estimation::mcmc: Details about the MCMC are available in KimModTheBuilder/metropolis/KimModTheBuilder_mh_history_0.mat

ssh  @localhost rm -f //posterior_sampler_core_output_*.mat: Signal 127
ssh  @localhost rm -f //comp_status_posterior_sampler_core*.mat: Signal 127
ssh  @localhost rm -f //slaveParallel_break.mat: Signal 127

Estimation::mcmc: Number of mh files: 1 per block.
Estimation::mcmc: Total number of generated files: 4.
Estimation::mcmc: Total number of iterations: 1000000.
Estimation::mcmc: Current acceptance ratio per chain: 
                                                       Chain  1: 23.6015%
                                                       Chain  2: 22.7743%
                                                       Chain  3: 23.0041%
                                                       Chain  4: 22.9141%
Estimation::mcmc: Total number of MH draws per chain: 1000000.
Estimation::mcmc: Total number of generated MH files: 1.
Estimation::mcmc: I'll use mh-files 1 to 1.
Estimation::mcmc: In MH-file number 1 I'll start at line 500001.
Estimation::mcmc: Finally I keep 500000 draws per chain.



MCMC Inefficiency factors per block
Parameter       Block 1     Block 2     Block 3     Block 4
ALPHA           443.407     427.113     470.051     504.103
RA               80.314      90.999      84.856      95.647
DELTA           494.334     473.521     531.976     536.163
RHOA             93.266     116.839     101.272     116.483
SIGA            307.271     369.461     333.180     463.443
THETA            98.156     101.891     110.505     159.842
KAPPA           378.216     412.303     335.798     381.222

Estimation::mcmc::diagnostics: Univariate convergence diagnostic, Brooks and Gelman (1998):
ssh  @localhost rm -f //McMCDiagnostics_core_output_*.mat: Signal 127
ssh  @localhost rm -f //comp_status_McMCDiagnostics_core*.mat: Signal 127
ssh  @localhost rm -f //slaveParallel_break.mat: Signal 127

Estimation::marginal density: I'm computing the posterior mean and covariance...  Done!
Estimation::marginal density: I'm computing the posterior log marginal density (modified harmonic mean)... Done!


ESTIMATION RESULTS

Log data density is -13532.651334.

parameters
        prior mean   post. mean        90% HPD interval    prior       pstdev

ALPHA        0.300       0.2749      0.2184      0.3332    norm       0.0500
RA           2.000       2.0024      1.6008      2.4158    gamm       0.2500
DELTA        0.500       0.0187      0.0044      0.0331    unif       0.2887
RHOA         0.500       0.5173      0.5009      0.5332    beta       0.1000
SIGA         0.600       0.5847      0.5127      0.6504    invg       4.0000
THETA        1.500       1.4280      0.3298      2.5067    gamm       0.7500
KAPPA        2.000       2.8007      0.2459      5.1426    gamm       1.5000
/bin/bash: pdflatex: command not found

ans =

   127

Total computing time : 1h55m23s
Note: warning(s) encountered in MATLAB/Octave code
