Starting preprocessing of the model file ...
Found 9 equation(s).
Evaluating expressions...done
Computing static model derivatives (order 1).
Computing dynamic model derivatives (order 2).
Processing outputs ...
done
Preprocessing completed.

STEADY-STATE RESULTS:

y       		 2.6827
c       		 2.01202
iv      		 0.670674
rk      		 0.03
k       		 26.827
lam     		 0.497012
q       		 1
a       		 1
upsilon 		 1




Residuals of the static equations:

Equation number 1 : 0 : foc household wrt c (marginal utility of consumption)
Equation number 2 : 0 : foc household wrt iv (Tobins Q)
Equation number 3 : 0 : foc household wrt k (Euler equation capital)
Equation number 4 : 0 : capital accumulation
Equation number 5 : 0 : production function
Equation number 6 : 0 : firm capital demand
Equation number 7 : 0 : market clearing (resource constraint)
Equation number 8 : 0 : Evolution of technology
Equation number 9 : 0 : Evolution of investment specific technology shock



EIGENVALUES:
         Modulus             Real        Imaginary

             0.5              0.5                0
             0.5              0.5                0
          0.9849           0.9849                0
            1.02             1.02                0
       1.766e+16        1.766e+16                0
       2.387e+16        2.387e+16                0
        4.26e+18        -4.26e+18                0
       1.435e+20       -1.435e+20                0


There are 5 eigenvalue(s) larger than 1 in modulus 
for 5 forward-looking variable(s)

The rank condition is verified.

MODEL_DIAGNOSTICS:  No obvious problems with this mod-file were detected.
 

You did not declare endogenous variables after the estimation/calib_smoother command.
Initial value of the log posterior (or likelihood): -509.2004
-----------------
f at the beginning of new iteration,       509.2004006520
Predicted improvement:       26.702564740
lambda =          1; f =          509.2018974
lambda =    0.33333; f =          757.7037367
lambda =    0.11111; f =          514.9208564
lambda =   0.037037; f =          508.3793347
Norm of dx   0.073079
----
Improvement on iteration 1 =        0.821065914
-----------------
f at the beginning of new iteration,       508.3793347379
Predicted improvement:        0.898430716
lambda =          1; f =          514.3452238
lambda =    0.33333; f =          508.7496631
lambda =    0.11111; f =          508.2919439
Norm of dx   0.013298
----
Improvement on iteration 2 =        0.087390877
-----------------
f at the beginning of new iteration,       508.2919438606
Predicted improvement:        0.069641356
lambda =          1; f =          508.1833343
lambda =     1.9332; f =          508.1374732
Norm of dx  0.0030709
----
Improvement on iteration 3 =        0.154470636
-----------------
f at the beginning of new iteration,       508.1374732250
Predicted improvement:        0.089197777
lambda =          1; f =          507.9738945
lambda =     1.9332; f =          507.8482486
lambda =     3.7372; f =          507.6809025
Norm of dx  0.0073263
----
Improvement on iteration 4 =        0.456570711
-----------------
f at the beginning of new iteration,       507.6809025144
Predicted improvement:        0.181574625
lambda =          1; f =          507.4663056
Norm of dx   0.020823
----
Improvement on iteration 5 =        0.214596882
-----------------
f at the beginning of new iteration,       507.4663056320
Predicted improvement:        0.023883314
lambda =          1; f =          507.4306813
lambda =     1.9332; f =          507.4194214
Norm of dx  0.0042649
----
Improvement on iteration 6 =        0.046884225
-----------------
f at the beginning of new iteration,       507.4194214065
Predicted improvement:        0.017941391
lambda =          1; f =          507.3876900
lambda =     1.9332; f =          507.3656403
lambda =     3.7372; f =          507.3440044
Norm of dx  0.0026104
----
Improvement on iteration 7 =        0.075417003
-----------------
f at the beginning of new iteration,       507.3440044034
Predicted improvement:        0.003734498
lambda =          1; f =          507.3382749
lambda =     1.9332; f =          507.3360661
Norm of dx  0.0019557
----
Improvement on iteration 8 =        0.007938255
-----------------
f at the beginning of new iteration,       507.3360661482
Predicted improvement:        0.004454051
lambda =          1; f =          507.3273192
lambda =     1.9332; f =          507.3194359
lambda =     3.7372; f =          507.3049660
lambda =     7.2247; f =          507.2799077
lambda =     13.967; f =          507.2426345
lambda =         27; f =          507.2144460
Norm of dx  0.0018673
----
Improvement on iteration 9 =        0.121620197
-----------------
f at the beginning of new iteration,       507.2144459515
Predicted improvement:        0.065872273
lambda =          1; f =          507.1128807
lambda =     1.9332; f =          507.0721767
Norm of dx   0.019244
----
Improvement on iteration 10 =        0.142269291
-----------------
f at the beginning of new iteration,       507.0721766607
Predicted improvement:        0.005535998
lambda =          1; f =          507.0638960
lambda =     1.9332; f =          507.0611717
Norm of dx  0.0054243
----
Improvement on iteration 11 =        0.011004991
-----------------
f at the beginning of new iteration,       507.0611716695
Predicted improvement:        0.005340568
lambda =          1; f =          507.0507276
lambda =     1.9332; f =          507.0413909
lambda =     3.7372; f =          507.0244647
lambda =     7.2247; f =          506.9959600
lambda =     13.967; f =          506.9567698
Norm of dx  0.0034608
----
Improvement on iteration 12 =        0.104401893
-----------------
f at the beginning of new iteration,       506.9567697762
Predicted improvement:        0.085742943
lambda =          1; f =          506.8590740
Norm of dx   0.044403
----
Improvement on iteration 13 =        0.097695744
-----------------
f at the beginning of new iteration,       506.8590740320
Predicted improvement:        0.006117826
lambda =          1; f =          506.8524482
Norm of dx  0.0066244
----
Improvement on iteration 14 =        0.006625815
-----------------
f at the beginning of new iteration,       506.8524482170
Predicted improvement:        0.000555440
lambda =          1; f =          506.8514607
lambda =     1.9332; f =          506.8507714
lambda =     3.7372; f =          506.8500682
Norm of dx 0.00090758
----
Improvement on iteration 15 =        0.002380054
-----------------
f at the beginning of new iteration,       506.8500681628
Predicted improvement:        0.001542201
lambda =          1; f =          506.8472902
lambda =     1.9332; f =          506.8452543
lambda =     3.7372; f =          506.8428410
Norm of dx  0.0013114
----
Improvement on iteration 16 =        0.007227180
-----------------
f at the beginning of new iteration,       506.8428409824
Predicted improvement:        0.001553176
lambda =          1; f =          506.8410319
Norm of dx  0.0036347
----
Improvement on iteration 17 =        0.001809037
-----------------
f at the beginning of new iteration,       506.8410319456
Predicted improvement:        0.000172800
lambda =          1; f =          506.8407724
lambda =     1.9332; f =          506.8406738
Norm of dx  0.0010828
----
Improvement on iteration 18 =        0.000358176
-----------------
f at the beginning of new iteration,       506.8406737696
Predicted improvement:        0.000201992
lambda =          1; f =          506.8402778
lambda =     1.9332; f =          506.8399192
lambda =     3.7372; f =          506.8392559
lambda =     7.2247; f =          506.8380852
lambda =     13.967; f =          506.8362418
lambda =         27; f =          506.8342595
Norm of dx 0.00059195
----
Improvement on iteration 19 =        0.006414265
-----------------
f at the beginning of new iteration,       506.8342595051
Predicted improvement:        0.006482606
lambda =          1; f =          506.8216778
lambda =     1.9332; f =          506.8106161
lambda =     3.7372; f =          506.7911656
lambda =     7.2247; f =          506.7612855
lambda =     13.967; f =          506.7364312
Norm of dx   0.013731
----
Improvement on iteration 20 =        0.097828306
-----------------
f at the beginning of new iteration,       506.7364311993
Predicted improvement:        0.066681514
lambda =          1; f =          506.6199688
lambda =     1.9332; f =          506.5433640
lambda =     3.7372; f =          506.4979438
Norm of dx    0.10453
----
Improvement on iteration 21 =        0.238487381
-----------------
f at the beginning of new iteration,       506.4979438184
Predicted improvement:        0.058681647
lambda =          1; f =          506.4858873
lambda =    0.33333; f =          506.4707241
Norm of dx   0.062361
----
Improvement on iteration 22 =        0.027219671
-----------------
f at the beginning of new iteration,       506.4707241475
Predicted improvement:        0.009834809
lambda =          1; f =          506.4630703
Norm of dx    0.02105
----
Improvement on iteration 23 =        0.007653830
-----------------
f at the beginning of new iteration,       506.4630703174
Predicted improvement:        0.001153910
lambda =          1; f =          506.4620802
Norm of dx  0.0064954
----
Improvement on iteration 24 =        0.000990068
-----------------
f at the beginning of new iteration,       506.4620802491
Predicted improvement:        0.000174381
lambda =          1; f =          506.4618117
lambda =     1.9332; f =          506.4617039
Norm of dx  0.0021866
----
Improvement on iteration 25 =        0.000376340
-----------------
f at the beginning of new iteration,       506.4617039095
Predicted improvement:        0.000271956
lambda =          1; f =          506.4611732
lambda =     1.9332; f =          506.4606996
lambda =     3.7372; f =          506.4598438
lambda =     7.2247; f =          506.4584133
lambda =     13.967; f =          506.4564936
Norm of dx  0.0011989
----
Improvement on iteration 26 =        0.005210267
-----------------
f at the beginning of new iteration,       506.4564936427
Predicted improvement:        0.006062184
lambda =          1; f =          506.4457699
lambda =     1.9332; f =          506.4383224
lambda =     3.7372; f =          506.4310903
Norm of dx   0.017302
----
Improvement on iteration 27 =        0.025403361
-----------------
f at the beginning of new iteration,       506.4310902821
Predicted improvement:        0.013094294
lambda =          1; f =          506.4105204
lambda =     1.9332; f =          506.4015377
Norm of dx   0.022349
----
Improvement on iteration 28 =        0.029552587
-----------------
f at the beginning of new iteration,       506.4015376951
Predicted improvement:        0.001695429
lambda =          1; f =          506.3998580
Norm of dx   0.010914
----
Improvement on iteration 29 =        0.001679663
-----------------
f at the beginning of new iteration,       506.3998580325
Predicted improvement:        0.000014976
lambda =          1; f =          506.3998411
Norm of dx  0.0027493
----
Improvement on iteration 30 =        0.000016913
-----------------
f at the beginning of new iteration,       506.3998411198
Predicted improvement:        0.000000406
lambda =          1; f =          506.3998405
lambda =     1.9332; f =          506.3998407
lambda =     1.3017; f =          506.3998405
Norm of dx 0.00011579
----
Improvement on iteration 31 =        0.000000631
-----------------
f at the beginning of new iteration,       506.3998404889
Predicted improvement:        0.000000035
lambda =          1; f =          506.3998405
lambda =    0.33333; f =          506.3998405
lambda =    0.11111; f =          506.3998405
lambda =   0.037037; f =          506.3998405
lambda =   0.012346; f =          506.3998405
lambda =  0.0041152; f =          506.3998405
lambda =  0.0013717; f =          506.3998405
lambda = 0.00045725; f =          506.3998405
lambda = 0.00015242; f =          506.3998405
lambda = 5.0805e-05; f =          506.3998405
lambda = 1.6935e-05; f =          506.3998405
Norm of dx 3.3547e-05
----
Improvement on iteration 32 =        0.000000001
improvement < crit termination

Final value of minus the log posterior (or likelihood):506.399840 

MODE CHECK

Fval obtained by the minimization routine (minus the posterior/likelihood)): 506.399840
[Warning: MATLAB has disabled some advanced graphics rendering features by
switching to software OpenGL. For more information, click <a
href="matlab:opengl('problems')">here</a>.] 

RESULTS FROM POSTERIOR ESTIMATION
parameters
         prior mean     mode    s.d. prior pstdev

ALPHA        0.300   0.3021  0.0073 norm 0.0500 
RA           2.000   1.9709  0.2472 gamm 0.2500 
DELTA        0.500   0.0206  0.0032 unif 0.2887 
RHOA         0.500   0.4444  0.0465 beta 0.1000 
SIGA         0.600   0.5668  0.0481 invg 4.0000 
THETA        1.500   0.9062  0.5393 gamm 0.7500 
KAPPA        2.000   1.6050  0.2224 gamm 1.5000 
RHOUPSILON   0.500   0.4851  0.0457 beta 0.1000 
SIGUPSILON   0.600   0.5281  0.1044 invg 4.0000 


Log data density [Laplace approximation] is -527.145347.


You did not declare endogenous variables after the estimation/calib_smoother command.

Initial value of the log posterior (or likelihood): -506.3998

MODE CHECK

Fval obtained by the minimization routine (minus the posterior/likelihood)): 506.399840

RESULTS FROM POSTERIOR ESTIMATION
parameters
         prior mean     mode    s.d. prior pstdev

ALPHA        0.300   0.3021  0.0073 norm 0.0500 
RA           2.000   1.9709  0.2472 gamm 0.2500 
DELTA        0.500   0.0206  0.0032 unif 0.2887 
RHOA         0.500   0.4444  0.0465 beta 0.1000 
SIGA         0.600   0.5668  0.0481 invg 4.0000 
THETA        1.500   0.9062  0.5393 gamm 0.7500 
KAPPA        2.000   1.6050  0.2224 gamm 1.5000 
RHOUPSILON   0.500   0.4851  0.0457 beta 0.1000 
SIGUPSILON   0.600   0.5281  0.1044 invg 4.0000 


Log data density [Laplace approximation] is -527.145347.

Estimation::mcmc: Multiple chains mode.
Estimation::mcmc: Old mh-files successfully erased!
Estimation::mcmc: Old metropolis.log file successfully erased!
Estimation::mcmc: Creation of a new metropolis.log file.
Estimation::mcmc: Searching for initial values...
Estimation::mcmc: Initial values found!

Estimation::mcmc: Write details about the MCMC... Ok!
Estimation::mcmc: Details about the MCMC are available in KimModTheBuilder/metropolis/KimModTheBuilder_mh_history_0.mat

ssh  @localhost rm -f //posterior_sampler_core_output_*.mat: Signal 127
ssh  @localhost rm -f //comp_status_posterior_sampler_core*.mat: Signal 127
ssh  @localhost rm -f //slaveParallel_break.mat: Signal 127

Estimation::mcmc: Number of mh files: 1 per block.
Estimation::mcmc: Total number of generated files: 4.
Estimation::mcmc: Total number of iterations: 1000000.
Estimation::mcmc: Current acceptance ratio per chain: 
                                                       Chain  1: 26.2334%
                                                       Chain  2: 26.2843%
                                                       Chain  3: 26.3142%
                                                       Chain  4: 26.3838%
Estimation::mcmc: Total number of MH draws per chain: 1000000.
Estimation::mcmc: Total number of generated MH files: 1.
Estimation::mcmc: I'll use mh-files 1 to 1.
Estimation::mcmc: In MH-file number 1 I'll start at line 500001.
Estimation::mcmc: Finally I keep 500000 draws per chain.



MCMC Inefficiency factors per block
Parameter        Block 1     Block 2     Block 3     Block 4
ALPHA             38.827      38.838      35.442      37.501
RA                32.385      33.556      31.762      31.426
DELTA             55.064      56.263      59.284      56.581
RHOA              31.382      32.589      31.155      30.822
SIGA              49.782      49.063      50.110      49.798
THETA            149.414     142.402     173.460     179.012
KAPPA            129.608     119.664     144.752     148.233
RHOUPSILON        32.162      31.868      31.862      31.789
SIGUPSILON        81.495      86.846      87.549      89.962

Estimation::mcmc::diagnostics: Univariate convergence diagnostic, Brooks and Gelman (1998):
ssh  @localhost rm -f //McMCDiagnostics_core_output_*.mat: Signal 127
ssh  @localhost rm -f //comp_status_McMCDiagnostics_core*.mat: Signal 127
ssh  @localhost rm -f //slaveParallel_break.mat: Signal 127

Estimation::marginal density: I'm computing the posterior mean and covariance...  Done!
Estimation::marginal density: I'm computing the posterior log marginal density (modified harmonic mean)... Done!


ESTIMATION RESULTS

Log data density is -526.674753.

parameters
             prior mean   post. mean        90% HPD interval    prior       pstdev

ALPHA             0.300       0.3005      0.2883      0.3126    norm       0.0500
RA                2.000       2.0106      1.6004      2.4182    gamm       0.2500
DELTA             0.500       0.0226      0.0162      0.0288    unif       0.2887
RHOA              0.500       0.4479      0.3710      0.5242    beta       0.1000
SIGA              0.600       0.5950      0.5034      0.6838    invg       4.0000
THETA             1.500       1.5074      0.3744      2.5998    gamm       0.7500
KAPPA             2.000       1.8265      1.3508      2.2901    gamm       1.5000
RHOUPSILON        0.500       0.4894      0.4126      0.5641    beta       0.1000
SIGUPSILON        0.600       0.6359      0.4387      0.8240    invg       4.0000
/bin/bash: pdflatex: command not found

ans =

   127

Total computing time : 1h45m37s
Note: warning(s) encountered in MATLAB/Octave code
