This is pdfTeX, Version 3.14159265-2.6-1.40.19 (TeX Live 2019/dev/Debian) (preloaded format=pdflatex 2019.4.22)  24 APR 2019 09:09
entering extended mode
 restricted \write18 enabled.
 %&-line parsing enabled.
**AnSchoModTheBuilder_TeX_binder.tex
(./AnSchoModTheBuilder_TeX_binder.tex
LaTeX2e <2018-12-01>
(/usr/share/texlive/texmf-dist/tex/latex/base/article.cls
Document Class: article 2018/09/03 v1.4i Standard LaTeX document class
(/usr/share/texlive/texmf-dist/tex/latex/base/size12.clo
File: size12.clo 2018/09/03 v1.4i Standard LaTeX file (size option)
)
\c@part=\count80
\c@section=\count81
\c@subsection=\count82
\c@subsubsection=\count83
\c@paragraph=\count84
\c@subparagraph=\count85
\c@figure=\count86
\c@table=\count87
\abovecaptionskip=\skip41
\belowcaptionskip=\skip42
\bibindent=\dimen102
)
(/usr/share/texlive/texmf-dist/tex/latex/geometry/geometry.sty
Package: geometry 2018/04/16 v5.8 Page Geometry

(/usr/share/texlive/texmf-dist/tex/latex/graphics/keyval.sty
Package: keyval 2014/10/28 v1.15 key=value parser (DPC)
\KV@toks@=\toks14
)
(/usr/share/texlive/texmf-dist/tex/generic/oberdiek/ifpdf.sty
Package: ifpdf 2018/09/07 v3.3 Provides the ifpdf switch
)
(/usr/share/texlive/texmf-dist/tex/generic/oberdiek/ifvtex.sty
Package: ifvtex 2016/05/16 v1.6 Detect VTeX and its facilities (HO)
Package ifvtex Info: VTeX not detected.
)
(/usr/share/texlive/texmf-dist/tex/generic/ifxetex/ifxetex.sty
Package: ifxetex 2010/09/12 v0.6 Provides ifxetex conditional
)
\Gm@cnth=\count88
\Gm@cntv=\count89
\c@Gm@tempcnt=\count90
\Gm@bindingoffset=\dimen103
\Gm@wd@mp=\dimen104
\Gm@odd@mp=\dimen105
\Gm@even@mp=\dimen106
\Gm@layoutwidth=\dimen107
\Gm@layoutheight=\dimen108
\Gm@layouthoffset=\dimen109
\Gm@layoutvoffset=\dimen110
\Gm@dimlist=\toks15
)
(/usr/share/texlive/texmf-dist/tex/latex/psfrag/psfrag.sty
Package: psfrag 1998/04/11 v3.04 PSfrag (MCG)

(/usr/share/texlive/texmf-dist/tex/latex/graphics/graphics.sty
Package: graphics 2017/06/25 v1.2c Standard LaTeX Graphics (DPC,SPQR)

(/usr/share/texlive/texmf-dist/tex/latex/graphics/trig.sty
Package: trig 2016/01/03 v1.10 sin cos tan (DPC)
)
(/usr/share/texlive/texmf-dist/tex/latex/graphics-cfg/graphics.cfg
File: graphics.cfg 2016/06/04 v1.11 sample graphics configuration
)
Package graphics Info: Driver file: pdftex.def on input line 99.

(/usr/share/texlive/texmf-dist/tex/latex/graphics-def/pdftex.def
File: pdftex.def 2018/01/08 v1.0l Graphics/color driver for pdftex
))
\pfg@pcount=\count91
\pfg@scount=\count92
\pfg@temp=\write3
)
(/usr/share/texlive/texmf-dist/tex/latex/graphics/graphicx.sty
Package: graphicx 2017/06/01 v1.1a Enhanced LaTeX Graphics (DPC,SPQR)
\Gin@req@height=\dimen111
\Gin@req@width=\dimen112
)
(/usr/share/texlive/texmf-dist/tex/latex/oberdiek/epstopdf.sty
Package: epstopdf 2016/05/15 v2.6 Conversion with epstopdf on the fly (HO)

(/usr/share/texlive/texmf-dist/tex/latex/oberdiek/epstopdf-base.sty
Package: epstopdf-base 2016/05/15 v2.6 Base part for package epstopdf

(/usr/share/texlive/texmf-dist/tex/generic/oberdiek/infwarerr.sty
Package: infwarerr 2016/05/16 v1.4 Providing info/warning/error messages (HO)
)
(/usr/share/texlive/texmf-dist/tex/latex/oberdiek/grfext.sty
Package: grfext 2016/05/16 v1.2 Manage graphics extensions (HO)

(/usr/share/texlive/texmf-dist/tex/generic/oberdiek/kvdefinekeys.sty
Package: kvdefinekeys 2016/05/16 v1.4 Define keys (HO)

(/usr/share/texlive/texmf-dist/tex/generic/oberdiek/ltxcmds.sty
Package: ltxcmds 2016/05/16 v1.23 LaTeX kernel commands for general use (HO)
)))
(/usr/share/texlive/texmf-dist/tex/latex/oberdiek/kvoptions.sty
Package: kvoptions 2016/05/16 v3.12 Key value format for package options (HO)

(/usr/share/texlive/texmf-dist/tex/generic/oberdiek/kvsetkeys.sty
Package: kvsetkeys 2016/05/16 v1.17 Key value parser (HO)

(/usr/share/texlive/texmf-dist/tex/generic/oberdiek/etexcmds.sty
Package: etexcmds 2016/05/16 v1.6 Avoid name clashes with e-TeX commands (HO)

(/usr/share/texlive/texmf-dist/tex/generic/oberdiek/ifluatex.sty
Package: ifluatex 2016/05/16 v1.4 Provides the ifluatex switch (HO)
Package ifluatex Info: LuaTeX not detected.
))))
(/usr/share/texlive/texmf-dist/tex/generic/oberdiek/pdftexcmds.sty
Package: pdftexcmds 2018/09/10 v0.29 Utility functions of pdfTeX for LuaTeX (HO
)
Package pdftexcmds Info: LuaTeX not detected.
Package pdftexcmds Info: \pdf@primitive is available.
Package pdftexcmds Info: \pdf@ifprimitive is available.
Package pdftexcmds Info: \pdfdraftmode found.
)
Package epstopdf-base Info: Redefining graphics rule for `.eps' on input line 4
38.
Package grfext Info: Graphics extension search list:
(grfext)             [.pdf,.png,.jpg,.mps,.jpeg,.jbig2,.jb2,.PDF,.PNG,.JPG,.JPE
G,.JBIG2,.JB2,.eps]
(grfext)             \AppendGraphicsExtensions on input line 456.

(/usr/share/texlive/texmf-dist/tex/latex/latexconfig/epstopdf-sys.cfg
File: epstopdf-sys.cfg 2010/07/13 v1.3 Configuration of (r)epstopdf for TeX Liv
e
)))
(/usr/share/texlive/texmf-dist/tex/latex/tools/longtable.sty
Package: longtable 2014/10/28 v4.11 Multi-page Table package (DPC)+ FMi change
\LTleft=\skip43
\LTright=\skip44
\LTpre=\skip45
\LTpost=\skip46
\LTchunksize=\count93
\LTcapwidth=\dimen113
\LT@head=\box27
\LT@firsthead=\box28
\LT@foot=\box29
\LT@lastfoot=\box30
\LT@cols=\count94
\LT@rows=\count95
\c@LT@tables=\count96
\c@LT@chunks=\count97
\LT@p@ftn=\toks16
)
(/usr/share/texlive/texmf-dist/tex/latex/booktabs/booktabs.sty
Package: booktabs 2016/04/27 v1.618033 publication quality tables
\heavyrulewidth=\dimen114
\lightrulewidth=\dimen115
\cmidrulewidth=\dimen116
\belowrulesep=\dimen117
\belowbottomsep=\dimen118
\aboverulesep=\dimen119
\abovetopsep=\dimen120
\cmidrulesep=\dimen121
\cmidrulekern=\dimen122
\defaultaddspace=\dimen123
\@cmidla=\count98
\@cmidlb=\count99
\@aboverulesep=\dimen124
\@belowrulesep=\dimen125
\@thisruleclass=\count100
\@lastruleclass=\count101
\@thisrulewidth=\dimen126
)
(/usr/share/texlive/texmf-dist/tex/latex/amsmath/amsmath.sty
Package: amsmath 2018/12/01 v2.17b AMS math features
\@mathmargin=\skip47

For additional information on amsmath, use the `?' option.
(/usr/share/texlive/texmf-dist/tex/latex/amsmath/amstext.sty
Package: amstext 2000/06/29 v2.01 AMS text

(/usr/share/texlive/texmf-dist/tex/latex/amsmath/amsgen.sty
File: amsgen.sty 1999/11/30 v2.0 generic functions
\@emptytoks=\toks17
\ex@=\dimen127
))
(/usr/share/texlive/texmf-dist/tex/latex/amsmath/amsbsy.sty
Package: amsbsy 1999/11/29 v1.2d Bold Symbols
\pmbraise@=\dimen128
)
(/usr/share/texlive/texmf-dist/tex/latex/amsmath/amsopn.sty
Package: amsopn 2016/03/08 v2.02 operator names
)
\inf@bad=\count102
LaTeX Info: Redefining \frac on input line 223.
\uproot@=\count103
\leftroot@=\count104
LaTeX Info: Redefining \overline on input line 385.
\classnum@=\count105
\DOTSCASE@=\count106
LaTeX Info: Redefining \ldots on input line 482.
LaTeX Info: Redefining \dots on input line 485.
LaTeX Info: Redefining \cdots on input line 606.
\Mathstrutbox@=\box31
\strutbox@=\box32
\big@size=\dimen129
LaTeX Font Info:    Redeclaring font encoding OML on input line 729.
LaTeX Font Info:    Redeclaring font encoding OMS on input line 730.
\macc@depth=\count107
\c@MaxMatrixCols=\count108
\dotsspace@=\muskip10
\c@parentequation=\count109
\dspbrk@lvl=\count110
\tag@help=\toks18
\row@=\count111
\column@=\count112
\maxfields@=\count113
\andhelp@=\toks19
\eqnshift@=\dimen130
\alignsep@=\dimen131
\tagshift@=\dimen132
\tagwidth@=\dimen133
\totwidth@=\dimen134
\lineht@=\dimen135
\@envbody=\toks20
\multlinegap=\skip48
\multlinetaggap=\skip49
\mathdisplay@stack=\toks21
LaTeX Info: Redefining \[ on input line 2844.
LaTeX Info: Redefining \] on input line 2845.
)
(/usr/share/texlive/texmf-dist/tex/latex/amsfonts/amsfonts.sty
Package: amsfonts 2013/01/14 v3.01 Basic AMSFonts support
\symAMSa=\mathgroup4
\symAMSb=\mathgroup5
LaTeX Font Info:    Overwriting math alphabet `\mathfrak' in version `bold'
(Font)                  U/euf/m/n --> U/euf/b/n on input line 106.
)
(/usr/share/texlive/texmf-dist/tex/latex/breqn/breqn.sty
(/usr/share/texlive/texmf-dist/tex/latex/l3kernel/expl3.sty
Package: expl3 2019-02-15 L3 programming layer (loader) 

(/usr/share/texlive/texmf-dist/tex/latex/l3kernel/expl3-code.tex
Package: expl3 2019-02-15 L3 programming layer (code)
\c_max_int=\count114
\l_tmpa_int=\count115
\l_tmpb_int=\count116
\g_tmpa_int=\count117
\g_tmpb_int=\count118
\g__kernel_prg_map_int=\count119
\c_log_iow=\count120
\l_iow_line_count_int=\count121
\l__iow_line_target_int=\count122
\l__iow_one_indent_int=\count123
\l__iow_indent_int=\count124
\c_zero_dim=\dimen136
\c_max_dim=\dimen137
\l_tmpa_dim=\dimen138
\l_tmpb_dim=\dimen139
\g_tmpa_dim=\dimen140
\g_tmpb_dim=\dimen141
\c_zero_skip=\skip50
\c_max_skip=\skip51
\l_tmpa_skip=\skip52
\l_tmpb_skip=\skip53
\g_tmpa_skip=\skip54
\g_tmpb_skip=\skip55
\c_zero_muskip=\muskip11
\c_max_muskip=\muskip12
\l_tmpa_muskip=\muskip13
\l_tmpb_muskip=\muskip14
\g_tmpa_muskip=\muskip15
\g_tmpb_muskip=\muskip16
\l_keys_choice_int=\count125
\l__intarray_loop_int=\count126
\c__intarray_sp_dim=\dimen142
\g__intarray_font_int=\count127
\c__fp_leading_shift_int=\count128
\c__fp_middle_shift_int=\count129
\c__fp_trailing_shift_int=\count130
\c__fp_big_leading_shift_int=\count131
\c__fp_big_middle_shift_int=\count132
\c__fp_big_trailing_shift_int=\count133
\c__fp_Bigg_leading_shift_int=\count134
\c__fp_Bigg_middle_shift_int=\count135
\c__fp_Bigg_trailing_shift_int=\count136
\c__kernel_randint_max_int=\count137
\g__fp_array_int=\count138
\l__fp_array_loop_int=\count139
\l__sort_length_int=\count140
\l__sort_min_int=\count141
\l__sort_top_int=\count142
\l__sort_max_int=\count143
\l__sort_true_max_int=\count144
\l__sort_block_int=\count145
\l__sort_begin_int=\count146
\l__sort_end_int=\count147
\l__sort_A_int=\count148
\l__sort_B_int=\count149
\l__sort_C_int=\count150
\l__tl_analysis_normal_int=\count151
\l__tl_analysis_index_int=\count152
\l__tl_analysis_nesting_int=\count153
\l__tl_analysis_type_int=\count154
\l__regex_internal_a_int=\count155
\l__regex_internal_b_int=\count156
\l__regex_internal_c_int=\count157
\l__regex_balance_int=\count158
\l__regex_group_level_int=\count159
\l__regex_mode_int=\count160
\c__regex_cs_in_class_mode_int=\count161
\c__regex_cs_mode_int=\count162
\l__regex_catcodes_int=\count163
\l__regex_default_catcodes_int=\count164
\c__regex_catcode_D_int=\count165
\c__regex_catcode_S_int=\count166
\c__regex_catcode_L_int=\count167
\c__regex_catcode_O_int=\count168
\c__regex_catcode_A_int=\count169
\c__regex_all_catcodes_int=\count170
\l__regex_show_lines_int=\count171
\l__regex_min_state_int=\count172
\l__regex_max_state_int=\count173
\l__regex_left_state_int=\count174
\l__regex_right_state_int=\count175
\l__regex_capturing_group_int=\count176
\l__regex_min_pos_int=\count177
\l__regex_max_pos_int=\count178
\l__regex_curr_pos_int=\count179
\l__regex_start_pos_int=\count180
\l__regex_success_pos_int=\count181
\l__regex_curr_char_int=\count182
\l__regex_curr_catcode_int=\count183
\l__regex_last_char_int=\count184
\l__regex_case_changed_char_int=\count185
\l__regex_curr_state_int=\count186
\l__regex_step_int=\count187
\l__regex_min_active_int=\count188
\l__regex_max_active_int=\count189
\l__regex_replacement_csnames_int=\count190
\l__regex_match_count_int=\count191
\l__regex_min_submatch_int=\count192
\l__regex_submatch_int=\count193
\l__regex_zeroth_submatch_int=\count194
\g__regex_trace_regex_int=\count195
\c_empty_box=\box33
\l_tmpa_box=\box34
\l_tmpb_box=\box35
\g_tmpa_box=\box36
\g_tmpb_box=\box37
\l__box_top_dim=\dimen143
\l__box_bottom_dim=\dimen144
\l__box_left_dim=\dimen145
\l__box_right_dim=\dimen146
\l__box_top_new_dim=\dimen147
\l__box_bottom_new_dim=\dimen148
\l__box_left_new_dim=\dimen149
\l__box_right_new_dim=\dimen150
\l__box_internal_box=\box38
\l__coffin_internal_box=\box39
\l__coffin_internal_dim=\dimen151
\l__coffin_offset_x_dim=\dimen152
\l__coffin_offset_y_dim=\dimen153
\l__coffin_x_dim=\dimen154
\l__coffin_y_dim=\dimen155
\l__coffin_x_prime_dim=\dimen156
\l__coffin_y_prime_dim=\dimen157
\c_empty_coffin=\box40
\l__coffin_aligned_coffin=\box41
\l__coffin_aligned_internal_coffin=\box42
\l_tmpa_coffin=\box43
\l_tmpb_coffin=\box44
\g_tmpa_coffin=\box45
\g_tmpb_coffin=\box46
\c__coffin_empty_coffin=\box47
\l__coffin_display_coffin=\box48
\l__coffin_display_coord_coffin=\box49
\l__coffin_display_pole_coffin=\box50
\l__coffin_display_offset_dim=\dimen158
\l__coffin_display_x_dim=\dimen159
\l__coffin_display_y_dim=\dimen160
\g__file_internal_ior=\read1
\l__coffin_bounding_shift_dim=\dimen161
\l__coffin_left_corner_dim=\dimen162
\l__coffin_right_corner_dim=\dimen163
\l__coffin_bottom_corner_dim=\dimen164
\l__coffin_top_corner_dim=\dimen165
\l__coffin_scaled_total_height_dim=\dimen166
\l__coffin_scaled_width_dim=\dimen167
\l__seq_internal_a_int=\count196
\l__seq_internal_b_int=\count197
)
(/usr/share/texlive/texmf-dist/tex/latex/l3kernel/l3pdfmode.def
File: l3pdfmode.def 2019-02-15 v L3 Experimental driver: PDF mode
\l__driver_color_stack_int=\count198
))
Package: breqn 2018/09/14 v0.98f Breaking equations

(/usr/share/texlive/texmf-dist/tex/latex/breqn/flexisym.sty
Package: flexisym 2017/01/27 v0.98e Make math characters macros
LaTeX Info: Redefining \textprime on input line 300.
LaTeX Info: Redefining \not on input line 358.

(/usr/share/texlive/texmf-dist/tex/latex/breqn/cmbase.sym
File: cmbase.sym 2007/12/19 v0.92
LaTeX Info: Redefining \hbar on input line 325.
LaTeX Info: Redefining \surd on input line 327.
LaTeX Info: Redefining \angle on input line 335.
LaTeX Info: Redefining \neq on input line 336.
LaTeX Info: Redefining \mapsto on input line 337.
LaTeX Info: Redefining \cong on input line 338.
LaTeX Info: Redefining \notin on input line 341.
LaTeX Info: Redefining \rightleftharpoons on input line 342.
LaTeX Info: Redefining \doteq on input line 343.
LaTeX Info: Redefining \hookrightarrow on input line 344.
LaTeX Info: Redefining \hookleftarrow on input line 345.
LaTeX Info: Redefining \bowtie on input line 346.
LaTeX Info: Redefining \models on input line 347.
LaTeX Info: Redefining \Longrightarrow on input line 348.
LaTeX Info: Redefining \longrightarrow on input line 349.
LaTeX Info: Redefining \Longleftarrow on input line 350.
LaTeX Info: Redefining \longleftarrow on input line 351.
LaTeX Info: Redefining \longmapsto on input line 352.
LaTeX Info: Redefining \longleftrightarrow on input line 353.
LaTeX Info: Redefining \Longleftrightarrow on input line 354.
LaTeX Info: Redefining \cdots on input line 358.
LaTeX Info: Redefining \vdots on input line 361.
LaTeX Info: Redefining \ddots on input line 366.
)
(/usr/share/texlive/texmf-dist/tex/latex/breqn/mathstyle.sty
Package: mathstyle 2017/01/27 0.98e Tracking mathstyle implicitly
LaTeX Info: Redefining \displaystyle on input line 93.
LaTeX Info: Redefining \textstyle on input line 95.
LaTeX Info: Redefining \scriptstyle on input line 97.
LaTeX Info: Redefining \scriptscriptstyle on input line 99.
LaTeX Info: Redefining \genfrac on input line 145.
))
(/usr/share/texlive/texmf-dist/tex/latex/tools/calc.sty
Package: calc 2017/05/25 v4.3 Infix arithmetic (KKT,FJ)
\calc@Acount=\count199
\calc@Bcount=\count266
\calc@Adimen=\dimen168
\calc@Bdimen=\dimen169
\calc@Askip=\skip56
\calc@Bskip=\skip57
LaTeX Info: Redefining \setlength on input line 80.
LaTeX Info: Redefining \addtolength on input line 81.
\calc@Ccount=\count267
\calc@Cskip=\skip58
)
\inf@bad=\count268
\maxint=\count269
\listwidth=\dimen170
\eqnumsep=\dimen171
\eqmargin=\dimen172
\eqlinespacing=\skip59
\eqlineskip=\skip60
\eqlineskiplimit=\dimen173
\eqbinoffset=\muskip17
\eqdelimoffset=\muskip18
\eqindentstep=\dimen174
\eqstyle=\toks22
\eqbreakdepth=\count270
\eqinterlinepenalty=\count271
\intereqpenalty=\count272
\intereqskip=\skip61
\prerelpenalty=\count273
\prebinoppenalty=\count274
\Dmedmuskip=\muskip19
\Dthickmuskip=\muskip20
\eqleftskip=\skip62
\eqrightskip=\skip63
\eq@vspan=\skip64
\eq@binoffset=\muskip21
\EQ@box=\box51
\EQ@copy=\box52
\EQ@numbox=\box53
\eq@wdNum=\dimen175
\GRP@numbox=\box54
\grp@wdNum=\dimen176
\eq@lines=\count275
\eq@curline=\count276
\eq@badness=\count277
\EQ@vims=\count278
\eq@dp=\dimen177
\eq@wdL=\dimen178
\eq@wdT=\dimen179
\eq@wdMin=\dimen180
\grp@wdL=\dimen181
\grp@wdR=\dimen182
\grp@wdT=\dimen183
\eq@wdRmax=\dimen184
\eq@firstht=\dimen185
\eq@wdCond=\dimen186
\eq@indentstep=\dimen187
\eq@linewidth=\dimen188
\grp@linewidth=\dimen189
\eq@hshift=\dimen190
\eq@given@sidespace=\dimen191
\mathindent=\dimen192
\eq@final@linecount=\count279
\eq@wdR=\dimen193
\EQ@continue=\toks23
\lr@level=\count280
\GRP@queue=\toks24
\GRP@box=\box55
\GRP@wholebox=\box56
\darraycolsep=\skip65
\cur@row=\count281
\cur@col=\count282
\conditionsep=\skip66
)
(/usr/share/texlive/texmf-dist/tex/latex/float/float.sty
Package: float 2001/11/08 v1.3d Float enhancements (AL)
\c@float@type=\count283
\float@exts=\toks25
\float@box=\box57
\@float@everytoks=\toks26
\@floatcapt=\box58
)
(/usr/share/texlive/texmf-dist/tex/latex/morefloats/morefloats.sty
Package: morefloats 2015/07/22 v1.0h Raise limit of unprocessed floats (HMM)
Package morefloats Info: Maximum number of possible floats asked for: 36
(morefloats)             (i.e. 18 more floats).
(morefloats)             LaTeX might run out of memory before this
(morefloats)             (in which case it will notify you).
)
(/usr/share/texlive/texmf-dist/tex/latex/caption/caption.sty
Package: caption 2018/10/06 v3.3-154 Customizing captions (AR)

(/usr/share/texlive/texmf-dist/tex/latex/caption/caption3.sty
Package: caption3 2018/09/12 v1.8c caption3 kernel (AR)
Package caption3 Info: TeX engine: e-TeX on input line 64.
\captionmargin=\dimen194
\captionmargin@=\dimen195
\captionwidth=\dimen196
\caption@tempdima=\dimen197
\caption@indent=\dimen198
\caption@parindent=\dimen199
\caption@hangindent=\dimen256
)
\c@caption@flags=\count284
\c@ContinuedFloat=\count285
Package caption Info: float package is loaded.
Package caption Info: longtable package is loaded.

(/usr/share/texlive/texmf-dist/tex/latex/caption/ltcaption.sty
Package: ltcaption 2018/08/26 v1.4-95 longtable captions (AR)
))
(./AnSchoModTheBuilder_TeX_binder.aux (./AnSchoModTheBuilder_CheckPlots.aux)
(./AnSchoModTheBuilder_HistoricalAndSmoothedVariables.aux)
(./AnSchoModTheBuilder_SmoothedShocks.aux)
(./AnSchoModTheBuilder/Output/AnSchoModTheBuilder_MCMC_inefficiency_factors.aux
) (./AnSchoModTheBuilder/Output/AnSchoModTheBuilder_MultivariateDiagnostics.aux
) (./AnSchoModTheBuilder/Output/AnSchoModTheBuilder_Posterior_Mean_1.aux)
(./AnSchoModTheBuilder/Output/AnSchoModTheBuilder_Posterior_Mode_1.aux)
(./AnSchoModTheBuilder/Output/AnSchoModTheBuilder_PriorsAndPosteriors.aux)
(./AnSchoModTheBuilder/Output/AnSchoModTheBuilder_UnivariateDiagnostics.aux))
\openout1 = `AnSchoModTheBuilder_TeX_binder.aux'.

LaTeX Font Info:    Checking defaults for OML/cmm/m/it on input line 10.
LaTeX Font Info:    ... okay on input line 10.
LaTeX Font Info:    Checking defaults for T1/cmr/m/n on input line 10.
LaTeX Font Info:    ... okay on input line 10.
LaTeX Font Info:    Checking defaults for OT1/cmr/m/n on input line 10.
LaTeX Font Info:    ... okay on input line 10.
LaTeX Font Info:    Checking defaults for OMS/cmsy/m/n on input line 10.
LaTeX Font Info:    ... okay on input line 10.
LaTeX Font Info:    Checking defaults for OMX/cmex/m/n on input line 10.
LaTeX Font Info:    ... okay on input line 10.
LaTeX Font Info:    Checking defaults for U/cmr/m/n on input line 10.
LaTeX Font Info:    ... okay on input line 10.

*geometry* driver: auto-detecting
*geometry* detected driver: pdftex
*geometry* verbose mode - [ preamble ] result:
* driver: pdftex
* paper: <default>
* layout: <same size as paper>
* layoutoffset:(h,v)=(0.0pt,0.0pt)
* modes: 
* h-part:(L,W,R)=(56.9055pt, 500.484pt, 56.9055pt)
* v-part:(T,H,B)=(56.9055pt, 681.15898pt, 56.9055pt)
* \paperwidth=614.295pt
* \paperheight=794.96999pt
* \textwidth=500.484pt
* \textheight=681.15898pt
* \oddsidemargin=-15.36449pt
* \evensidemargin=-15.36449pt
* \topmargin=-52.36449pt
* \headheight=12.0pt
* \headsep=25.0pt
* \topskip=12.0pt
* \footskip=30.0pt
* \marginparwidth=44.0pt
* \marginparsep=10.0pt
* \columnsep=10.0pt
* \skip\footins=10.8pt plus 4.0pt minus 2.0pt
* \hoffset=0.0pt
* \voffset=0.0pt
* \mag=1000
* \@twocolumnfalse
* \@twosidefalse
* \@mparswitchfalse
* \@reversemarginfalse
* (1in=72.27pt=25.4mm, 1cm=28.453pt)

(/usr/share/texlive/texmf-dist/tex/context/base/mkii/supp-pdf.mkii
[Loading MPS to PDF converter (version 2006.09.02).]
\scratchcounter=\count286
\scratchdimen=\dimen257
\scratchbox=\box59
\nofMPsegments=\count287
\nofMParguments=\count288
\everyMPshowfont=\toks27
\MPscratchCnt=\count289
\MPscratchDim=\dimen258
\MPnumerator=\count290
\makeMPintoPDFobject=\count291
\everyMPtoPDFconversion=\toks28
)
Package caption Info: Begin \AtBeginDocument code.
Package caption Info: End \AtBeginDocument code.
\openout2 = `AnSchoModTheBuilder_CheckPlots.aux'.

 (./AnSchoModTheBuilder_CheckPlots.tex
Package epstopdf Info: Source file: <AnSchoModTheBuilder_CheckPlots1.eps>
(epstopdf)                    date: 2019-04-24 08:54:06
(epstopdf)                    size: 43184 bytes
(epstopdf)             Output file: <AnSchoModTheBuilder_CheckPlots1-eps-conver
ted-to.pdf>
(epstopdf)                    date: 2019-04-24 09:09:52
(epstopdf)                    size: 13218 bytes
(epstopdf)             Command: <repstopdf --outfile=AnSchoModTheBuilder_CheckP
lots1-eps-converted-to.pdf AnSchoModTheBuilder_CheckPlots1.eps>
(epstopdf)             \includegraphics on input line 15.
Package epstopdf Info: Output file is already uptodate.
<AnSchoModTheBuilder_CheckPlots1-eps-converted-to.pdf, id=1, 461.725pt x 396.48
125pt>
File: AnSchoModTheBuilder_CheckPlots1-eps-converted-to.pdf Graphic file (type p
df)
<use AnSchoModTheBuilder_CheckPlots1-eps-converted-to.pdf>
Package pdftex.def Info: AnSchoModTheBuilder_CheckPlots1-eps-converted-to.pdf  
used on input line 15.
(pdftex.def)             Requested size: 400.38872pt x 343.81062pt.
Package epstopdf Info: Source file: <AnSchoModTheBuilder_CheckPlots2.eps>
(epstopdf)                    date: 2019-04-24 08:54:06
(epstopdf)                    size: 24901 bytes
(epstopdf)             Output file: <AnSchoModTheBuilder_CheckPlots2-eps-conver
ted-to.pdf>
(epstopdf)                    date: 2019-04-24 09:09:52
(epstopdf)                    size: 9680 bytes
(epstopdf)             Command: <repstopdf --outfile=AnSchoModTheBuilder_CheckP
lots2-eps-converted-to.pdf AnSchoModTheBuilder_CheckPlots2.eps>
(epstopdf)             \includegraphics on input line 25.
Package epstopdf Info: Output file is already uptodate.
<AnSchoModTheBuilder_CheckPlots2-eps-converted-to.pdf, id=2, 460.72125pt x 396.
48125pt>
File: AnSchoModTheBuilder_CheckPlots2-eps-converted-to.pdf Graphic file (type p
df)
<use AnSchoModTheBuilder_CheckPlots2-eps-converted-to.pdf>
Package pdftex.def Info: AnSchoModTheBuilder_CheckPlots2-eps-converted-to.pdf  
used on input line 25.
(pdftex.def)             Requested size: 400.38872pt x 344.5608pt.
 [1
Non-PDF special ignored!
<special> header=psfrag.pro


{/var/lib/texmf/fonts/map/pdftex/updmap/pdftex.map} <./AnSchoModTheBuilder_Chec
kPlots1-eps-converted-to.pdf>]) [2 <./AnSchoModTheBuilder_CheckPlots2-eps-conve
rted-to.pdf>]
\openout2 = `AnSchoModTheBuilder_HistoricalAndSmoothedVariables.aux'.

 (./AnSchoModTheBuilder_HistoricalAndSmoothedVariables.tex
Package epstopdf Info: Source file: <AnSchoModTheBuilder_HistoricalAndSmoothedV
ariables1.eps>
(epstopdf)                    date: 2019-04-24 08:54:06
(epstopdf)                    size: 865134 bytes
(epstopdf)             Output file: <AnSchoModTheBuilder_HistoricalAndSmoothedV
ariables1-eps-converted-to.pdf>
(epstopdf)                    date: 2019-04-24 09:09:53
(epstopdf)                    size: 316931 bytes
(epstopdf)             Command: <repstopdf --outfile=AnSchoModTheBuilder_Histor
icalAndSmoothedVariables1-eps-converted-to.pdf AnSchoModTheBuilder_HistoricalAn
dSmoothedVariables1.eps>
(epstopdf)             \includegraphics on input line 9.
Package epstopdf Info: Output file is already uptodate.
<AnSchoModTheBuilder_HistoricalAndSmoothedVariables1-eps-converted-to.pdf, id=2
8, 457.71pt x 368.37625pt>
File: AnSchoModTheBuilder_HistoricalAndSmoothedVariables1-eps-converted-to.pdf 
Graphic file (type pdf)
<use AnSchoModTheBuilder_HistoricalAndSmoothedVariables1-eps-converted-to.pdf>
Package pdftex.def Info: AnSchoModTheBuilder_HistoricalAndSmoothedVariables1-ep
s-converted-to.pdf  used on input line 9.
(pdftex.def)             Requested size: 400.38872pt x 322.25534pt.
)
[3


 <./AnSchoModTheBuilder_HistoricalAndSmoothedVariables1-eps-converted-to.pdf>]
\openout2 = `AnSchoModTheBuilder_SmoothedShocks.aux'.

 (./AnSchoModTheBuilder_SmoothedShocks.tex
Package epstopdf Info: Source file: <AnSchoModTheBuilder_SmoothedShocks1.eps>
(epstopdf)                    date: 2019-04-24 08:54:06
(epstopdf)                    size: 442153 bytes
(epstopdf)             Output file: <AnSchoModTheBuilder_SmoothedShocks1-eps-co
nverted-to.pdf>
(epstopdf)                    date: 2019-04-24 09:09:54
(epstopdf)                    size: 160583 bytes
(epstopdf)             Command: <repstopdf --outfile=AnSchoModTheBuilder_Smooth
edShocks1-eps-converted-to.pdf AnSchoModTheBuilder_SmoothedShocks1.eps>
(epstopdf)             \includegraphics on input line 9.
Package epstopdf Info: Output file is already uptodate.
<AnSchoModTheBuilder_SmoothedShocks1-eps-converted-to.pdf, id=40, 455.7025pt x 
366.36874pt>
File: AnSchoModTheBuilder_SmoothedShocks1-eps-converted-to.pdf Graphic file (ty
pe pdf)
<use AnSchoModTheBuilder_SmoothedShocks1-eps-converted-to.pdf>
Package pdftex.def Info: AnSchoModTheBuilder_SmoothedShocks1-eps-converted-to.p
df  used on input line 9.
(pdftex.def)             Requested size: 400.38872pt x 321.90794pt.
) [4


 <./AnSchoModTheBuilder_SmoothedShocks1-eps-converted-to.pdf>]
\openout2 = `AnSchoModTheBuilder/Output/AnSchoModTheBuilder_MCMC_inefficiency_f
actors.aux'.


(./AnSchoModTheBuilder/Output/AnSchoModTheBuilder_MCMC_inefficiency_factors.tex
LaTeX Font Info:    Try loading font information for U+msa on input line 8.
(/usr/share/texlive/texmf-dist/tex/latex/amsfonts/umsa.fd
File: umsa.fd 2013/01/14 v3.01 AMS symbols A
)
LaTeX Font Info:    Try loading font information for U+msb on input line 8.

(/usr/share/texlive/texmf-dist/tex/latex/amsfonts/umsb.fd
File: umsb.fd 2013/01/14 v3.01 AMS symbols B
)) [5


]
\openout2 = `AnSchoModTheBuilder/Output/AnSchoModTheBuilder_MultivariateDiagnos
tics.aux'.


(./AnSchoModTheBuilder/Output/AnSchoModTheBuilder_MultivariateDiagnostics.tex
Package epstopdf Info: Source file: <AnSchoModTheBuilder/Output/AnSchoModTheBui
lder_mdiag.eps>
(epstopdf)                    date: 2019-04-24 08:54:06
(epstopdf)                    size: 33483 bytes
(epstopdf)             Output file: <AnSchoModTheBuilder/Output/AnSchoModTheBui
lder_mdiag-eps-converted-to.pdf>
(epstopdf)                    date: 2019-04-24 09:09:54
(epstopdf)                    size: 11530 bytes
(epstopdf)             Command: <repstopdf --outfile=AnSchoModTheBuilder/Output
/AnSchoModTheBuilder_mdiag-eps-converted-to.pdf AnSchoModTheBuilder/Output/AnSc
hoModTheBuilder_mdiag.eps>
(epstopdf)             \includegraphics on input line 9.
Package epstopdf Info: Output file is already uptodate.
<AnSchoModTheBuilder/Output/AnSchoModTheBuilder_mdiag-eps-converted-to.pdf, id=
58, 461.725pt x 374.39874pt>
File: AnSchoModTheBuilder/Output/AnSchoModTheBuilder_mdiag-eps-converted-to.pdf
 Graphic file (type pdf)
<use AnSchoModTheBuilder/Output/AnSchoModTheBuilder_mdiag-eps-converted-to.pdf>

Package pdftex.def Info: AnSchoModTheBuilder/Output/AnSchoModTheBuilder_mdiag-e
ps-converted-to.pdf  used on input line 9.
(pdftex.def)             Requested size: 400.38872pt x 324.66168pt.
)
[6


 <./AnSchoModTheBuilder/Output/AnSchoModTheBuilder_mdiag-eps-converted-to.pdf>]
\openout2 = `AnSchoModTheBuilder/Output/AnSchoModTheBuilder_Posterior_Mean_1.au
x'.

 (./AnSchoModTheBuilder/Output/AnSchoModTheBuilder_Posterior_Mean_1.tex)
[7


]
\openout2 = `AnSchoModTheBuilder/Output/AnSchoModTheBuilder_Posterior_Mode_1.au
x'.

 (./AnSchoModTheBuilder/Output/AnSchoModTheBuilder_Posterior_Mode_1.tex)
[8


]
\openout2 = `AnSchoModTheBuilder/Output/AnSchoModTheBuilder_PriorsAndPosteriors
.aux'.

 (./AnSchoModTheBuilder/Output/AnSchoModTheBuilder_PriorsAndPosteriors.tex
Package epstopdf Info: Source file: <AnSchoModTheBuilder/Output/AnSchoModTheBui
lder_PriorsAndPosteriors1.eps>
(epstopdf)                    date: 2019-04-24 08:54:06
(epstopdf)                    size: 137577 bytes
(epstopdf)             Output file: <AnSchoModTheBuilder/Output/AnSchoModTheBui
lder_PriorsAndPosteriors1-eps-converted-to.pdf>
(epstopdf)                    date: 2019-04-24 09:09:54
(epstopdf)                    size: 42665 bytes
(epstopdf)             Command: <repstopdf --outfile=AnSchoModTheBuilder/Output
/AnSchoModTheBuilder_PriorsAndPosteriors1-eps-converted-to.pdf AnSchoModTheBuil
der/Output/AnSchoModTheBuilder_PriorsAndPosteriors1.eps>
(epstopdf)             \includegraphics on input line 15.
Package epstopdf Info: Output file is already uptodate.
<AnSchoModTheBuilder/Output/AnSchoModTheBuilder_PriorsAndPosteriors1-eps-conver
ted-to.pdf, id=77, 453.695pt x 368.37625pt>
File: AnSchoModTheBuilder/Output/AnSchoModTheBuilder_PriorsAndPosteriors1-eps-c
onverted-to.pdf Graphic file (type pdf)
<use AnSchoModTheBuilder/Output/AnSchoModTheBuilder_PriorsAndPosteriors1-eps-co
nverted-to.pdf>
Package pdftex.def Info: AnSchoModTheBuilder/Output/AnSchoModTheBuilder_PriorsA
ndPosteriors1-eps-converted-to.pdf  used on input line 15.
(pdftex.def)             Requested size: 400.38872pt x 325.09392pt.
Package epstopdf Info: Source file: <AnSchoModTheBuilder/Output/AnSchoModTheBui
lder_PriorsAndPosteriors2.eps>
(epstopdf)                    date: 2019-04-24 08:54:06
(epstopdf)                    size: 66610 bytes
(epstopdf)             Output file: <AnSchoModTheBuilder/Output/AnSchoModTheBui
lder_PriorsAndPosteriors2-eps-converted-to.pdf>
(epstopdf)                    date: 2019-04-24 09:09:54
(epstopdf)                    size: 19992 bytes
(epstopdf)             Command: <repstopdf --outfile=AnSchoModTheBuilder/Output
/AnSchoModTheBuilder_PriorsAndPosteriors2-eps-converted-to.pdf AnSchoModTheBuil
der/Output/AnSchoModTheBuilder_PriorsAndPosteriors2.eps>
(epstopdf)             \includegraphics on input line 25.
Package epstopdf Info: Output file is already uptodate.
<AnSchoModTheBuilder/Output/AnSchoModTheBuilder_PriorsAndPosteriors2-eps-conver
ted-to.pdf, id=78, 460.72125pt x 241.90375pt>
File: AnSchoModTheBuilder/Output/AnSchoModTheBuilder_PriorsAndPosteriors2-eps-c
onverted-to.pdf Graphic file (type pdf)
<use AnSchoModTheBuilder/Output/AnSchoModTheBuilder_PriorsAndPosteriors2-eps-co
nverted-to.pdf>
Package pdftex.def Info: AnSchoModTheBuilder/Output/AnSchoModTheBuilder_PriorsA
ndPosteriors2-eps-converted-to.pdf  used on input line 25.
(pdftex.def)             Requested size: 400.38872pt x 210.22571pt.
)
[9


 <./AnSchoModTheBuilder/Output/AnSchoModTheBuilder_PriorsAndPosteriors1-eps-con
verted-to.pdf> <./AnSchoModTheBuilder/Output/AnSchoModTheBuilder_PriorsAndPoste
riors2-eps-converted-to.pdf>]
\openout2 = `AnSchoModTheBuilder/Output/AnSchoModTheBuilder_UnivariateDiagnosti
cs.aux'.


(./AnSchoModTheBuilder/Output/AnSchoModTheBuilder_UnivariateDiagnostics.tex
Package epstopdf Info: Source file: <AnSchoModTheBuilder/Output/AnSchoModTheBui
lder_udiag1.eps>
(epstopdf)                    date: 2019-04-24 08:54:06
(epstopdf)                    size: 68147 bytes
(epstopdf)             Output file: <AnSchoModTheBuilder/Output/AnSchoModTheBui
lder_udiag1-eps-converted-to.pdf>
(epstopdf)                    date: 2019-04-24 09:09:55
(epstopdf)                    size: 23284 bytes
(epstopdf)             Command: <repstopdf --outfile=AnSchoModTheBuilder/Output
/AnSchoModTheBuilder_udiag1-eps-converted-to.pdf AnSchoModTheBuilder/Output/AnS
choModTheBuilder_udiag1.eps>
(epstopdf)             \includegraphics on input line 13.
Package epstopdf Info: Output file is already uptodate.
<AnSchoModTheBuilder/Output/AnSchoModTheBuilder_udiag1-eps-converted-to.pdf, id
=98, 467.7475pt x 374.39874pt>
File: AnSchoModTheBuilder/Output/AnSchoModTheBuilder_udiag1-eps-converted-to.pd
f Graphic file (type pdf)
<use AnSchoModTheBuilder/Output/AnSchoModTheBuilder_udiag1-eps-converted-to.pdf
>
Package pdftex.def Info: AnSchoModTheBuilder/Output/AnSchoModTheBuilder_udiag1-
eps-converted-to.pdf  used on input line 13.
(pdftex.def)             Requested size: 400.38872pt x 320.49701pt.
Package epstopdf Info: Source file: <AnSchoModTheBuilder/Output/AnSchoModTheBui
lder_udiag2.eps>
(epstopdf)                    date: 2019-04-24 08:54:06
(epstopdf)                    size: 67190 bytes
(epstopdf)             Output file: <AnSchoModTheBuilder/Output/AnSchoModTheBui
lder_udiag2-eps-converted-to.pdf>
(epstopdf)                    date: 2019-04-24 09:09:55
(epstopdf)                    size: 22659 bytes
(epstopdf)             Command: <repstopdf --outfile=AnSchoModTheBuilder/Output
/AnSchoModTheBuilder_udiag2-eps-converted-to.pdf AnSchoModTheBuilder/Output/AnS
choModTheBuilder_udiag2.eps>
(epstopdf)             \includegraphics on input line 28.
Package epstopdf Info: Output file is already uptodate.
<AnSchoModTheBuilder/Output/AnSchoModTheBuilder_udiag2-eps-converted-to.pdf, id
=99, 468.75125pt x 374.39874pt>
File: AnSchoModTheBuilder/Output/AnSchoModTheBuilder_udiag2-eps-converted-to.pd
f Graphic file (type pdf)
<use AnSchoModTheBuilder/Output/AnSchoModTheBuilder_udiag2-eps-converted-to.pdf
>
Package pdftex.def Info: AnSchoModTheBuilder/Output/AnSchoModTheBuilder_udiag2-
eps-converted-to.pdf  used on input line 28.
(pdftex.def)             Requested size: 400.38872pt x 319.79433pt.

[10


 <./AnSchoModTheBuilder/Output/AnSchoModTheBuilder_udiag1-eps-converted-to.pdf>
]
Package epstopdf Info: Source file: <AnSchoModTheBuilder/Output/AnSchoModTheBui
lder_udiag3.eps>
(epstopdf)                    date: 2019-04-24 08:54:06
(epstopdf)                    size: 68470 bytes
(epstopdf)             Output file: <AnSchoModTheBuilder/Output/AnSchoModTheBui
lder_udiag3-eps-converted-to.pdf>
(epstopdf)                    date: 2019-04-24 09:09:55
(epstopdf)                    size: 23527 bytes
(epstopdf)             Command: <repstopdf --outfile=AnSchoModTheBuilder/Output
/AnSchoModTheBuilder_udiag3-eps-converted-to.pdf AnSchoModTheBuilder/Output/AnS
choModTheBuilder_udiag3.eps>
(epstopdf)             \includegraphics on input line 43.
Package epstopdf Info: Output file is already uptodate.
<AnSchoModTheBuilder/Output/AnSchoModTheBuilder_udiag3-eps-converted-to.pdf, id
=111, 474.77374pt x 374.39874pt>
File: AnSchoModTheBuilder/Output/AnSchoModTheBuilder_udiag3-eps-converted-to.pd
f Graphic file (type pdf)
<use AnSchoModTheBuilder/Output/AnSchoModTheBuilder_udiag3-eps-converted-to.pdf
>
Package pdftex.def Info: AnSchoModTheBuilder/Output/AnSchoModTheBuilder_udiag3-
eps-converted-to.pdf  used on input line 43.
(pdftex.def)             Requested size: 400.38872pt x 315.74962pt.
 [11 <./AnSchoModTheBuilder/Output/AnSchoModTheBuilder_udiag2-eps-converted-to.
pdf>]
Package epstopdf Info: Source file: <AnSchoModTheBuilder/Output/AnSchoModTheBui
lder_udiag4.eps>
(epstopdf)                    date: 2019-04-24 08:54:06
(epstopdf)                    size: 68299 bytes
(epstopdf)             Output file: <AnSchoModTheBuilder/Output/AnSchoModTheBui
lder_udiag4-eps-converted-to.pdf>
(epstopdf)                    date: 2019-04-24 09:09:55
(epstopdf)                    size: 23340 bytes
(epstopdf)             Command: <repstopdf --outfile=AnSchoModTheBuilder/Output
/AnSchoModTheBuilder_udiag4-eps-converted-to.pdf AnSchoModTheBuilder/Output/AnS
choModTheBuilder_udiag4.eps>
(epstopdf)             \includegraphics on input line 58.
Package epstopdf Info: Output file is already uptodate.
<AnSchoModTheBuilder/Output/AnSchoModTheBuilder_udiag4-eps-converted-to.pdf, id
=123, 474.77374pt x 374.39874pt>
File: AnSchoModTheBuilder/Output/AnSchoModTheBuilder_udiag4-eps-converted-to.pd
f Graphic file (type pdf)
<use AnSchoModTheBuilder/Output/AnSchoModTheBuilder_udiag4-eps-converted-to.pdf
>
Package pdftex.def Info: AnSchoModTheBuilder/Output/AnSchoModTheBuilder_udiag4-
eps-converted-to.pdf  used on input line 58.
(pdftex.def)             Requested size: 400.38872pt x 315.74962pt.
 [12 <./AnSchoModTheBuilder/Output/AnSchoModTheBuilder_udiag3-eps-converted-to.
pdf>]
Package epstopdf Info: Source file: <AnSchoModTheBuilder/Output/AnSchoModTheBui
lder_udiag5.eps>
(epstopdf)                    date: 2019-04-24 08:54:06
(epstopdf)                    size: 34588 bytes
(epstopdf)             Output file: <AnSchoModTheBuilder/Output/AnSchoModTheBui
lder_udiag5-eps-converted-to.pdf>
(epstopdf)                    date: 2019-04-24 09:09:56
(epstopdf)                    size: 12751 bytes
(epstopdf)             Command: <repstopdf --outfile=AnSchoModTheBuilder/Output
/AnSchoModTheBuilder_udiag5-eps-converted-to.pdf AnSchoModTheBuilder/Output/AnS
choModTheBuilder_udiag5.eps>
(epstopdf)             \includegraphics on input line 67.
Package epstopdf Info: Output file is already uptodate.
<AnSchoModTheBuilder/Output/AnSchoModTheBuilder_udiag5-eps-converted-to.pdf, id
=135, 461.725pt x 374.39874pt>
File: AnSchoModTheBuilder/Output/AnSchoModTheBuilder_udiag5-eps-converted-to.pd
f Graphic file (type pdf)
<use AnSchoModTheBuilder/Output/AnSchoModTheBuilder_udiag5-eps-converted-to.pdf
>
Package pdftex.def Info: AnSchoModTheBuilder/Output/AnSchoModTheBuilder_udiag5-
eps-converted-to.pdf  used on input line 67.
(pdftex.def)             Requested size: 400.38872pt x 324.66168pt.
 [13 <./AnSchoModTheBuilder/Output/AnSchoModTheBuilder_udiag4-eps-converted-to.
pdf>]) [14 <./AnSchoModTheBuilder/Output/AnSchoModTheBuilder_udiag5-eps-convert
ed-to.pdf>] (./AnSchoModTheBuilder_TeX_binder.aux
(./AnSchoModTheBuilder_CheckPlots.aux)
(./AnSchoModTheBuilder_HistoricalAndSmoothedVariables.aux)
(./AnSchoModTheBuilder_SmoothedShocks.aux)
(./AnSchoModTheBuilder/Output/AnSchoModTheBuilder_MCMC_inefficiency_factors.aux
) (./AnSchoModTheBuilder/Output/AnSchoModTheBuilder_MultivariateDiagnostics.aux
) (./AnSchoModTheBuilder/Output/AnSchoModTheBuilder_Posterior_Mean_1.aux)
(./AnSchoModTheBuilder/Output/AnSchoModTheBuilder_Posterior_Mode_1.aux)
(./AnSchoModTheBuilder/Output/AnSchoModTheBuilder_PriorsAndPosteriors.aux)
(./AnSchoModTheBuilder/Output/AnSchoModTheBuilder_UnivariateDiagnostics.aux)) )
 
Here is how much of TeX's memory you used:
 14099 strings out of 494394
 255771 string characters out of 6172448
 295735 words of memory out of 5000000
 17611 multiletter control sequences out of 15000+600000
 536983 words of font info for 42 fonts, out of 8000000 for 9000
 81 hyphenation exceptions out of 8191
 42i,9n,63p,514b,408s stack positions out of 5000i,500n,10000p,200000b,80000s
</usr/share/texlive/texmf-dist/fonts/type1/public/amsfonts/cm/cmmi12.pfb></usr/
share/texlive/texmf-dist/fonts/type1/public/amsfonts/cm/cmmi8.pfb></usr/share/t
exlive/texmf-dist/fonts/type1/public/amsfonts/cm/cmr12.pfb></usr/share/texlive/
texmf-dist/fonts/type1/public/amsfonts/cm/cmr8.pfb>
Output written on AnSchoModTheBuilder_TeX_binder.pdf (14 pages, 694338 bytes).
PDF statistics:
 175 PDF objects out of 1000 (max. 8388607)
 117 compressed objects within 2 object streams
 0 named destinations out of 1000 (max. 500000)
 61 words of extra memory for PDF output out of 10000 (max. 10000000)

